[2025-05-24T06:35:30.985920+02:00] app.INFO: User submitted product review {"user_id":54,"product_id":27,"rating":5,"action":"new"} []
[2025-05-24T08:28:47.320807+02:00] app.INFO: Add to cart request {"request_id":"cart_6831671f37c040.74723887","user_id":60,"product_id":80,"product_size":"UK13.5C","quantity":1} []
[2025-05-24T08:28:47.436379+02:00] app.INFO: New cart item added {"request_id":"cart_6831671f37c040.74723887","user_id":60,"product_id":80,"product_size":"UK13.5C","quantity":1} []
[2025-05-24T09:52:39.788213+02:00] app.INFO: Add to cart request {"request_id":"cart_68317ac7b5a057.12663056","user_id":60,"product_id":41,"product_size":"One Size","quantity":1} []
[2025-05-24T09:52:39.795856+02:00] app.INFO: New cart item added {"request_id":"cart_68317ac7b5a057.12663056","user_id":60,"product_id":41,"product_size":"One Size","quantity":1} []
[2025-05-24T10:25:29.970933+02:00] app.INFO: Add to cart request {"request_id":"cart_68318279e76710.37523397","user_id":60,"product_id":69,"product_size":"XL","quantity":1} []
[2025-05-24T10:25:29.974528+02:00] app.INFO: New cart item added {"request_id":"cart_68318279e76710.37523397","user_id":60,"product_id":69,"product_size":"XL","quantity":1} []
[2025-05-24T10:38:22.621109+02:00] app.INFO: Order created successfully {"user_id":60,"order_id":35,"total_amount":246.6,"items_count":3,"selected_items":3,"request_id":"order_6831857e901049.16641238"} []
[2025-05-24T10:47:34.319247+02:00] app.INFO: Cart items cleared after payment method selection {"user_id":60,"order_id":"35"} []
[2025-05-24T10:48:00.115556+02:00] app.INFO: Add to cart request {"request_id":"cart_683187c0182880.40165833","user_id":60,"product_id":48,"product_size":"M","quantity":1} []
[2025-05-24T10:48:00.120913+02:00] app.INFO: New cart item added {"request_id":"cart_683187c0182880.40165833","user_id":60,"product_id":48,"product_size":"M","quantity":1} []
[2025-05-24T10:48:00.253669+02:00] app.INFO: Add to cart request {"request_id":"cart_683187c03aff99.81675289","user_id":60,"product_id":48,"product_size":"M","quantity":1} []
[2025-05-24T10:48:00.259614+02:00] app.INFO: Cart item updated {"request_id":"cart_683187c03aff99.81675289","user_id":60,"cart_id":126,"product_id":48,"new_quantity":2} []
[2025-05-24T10:48:00.402338+02:00] app.INFO: Add to cart request {"request_id":"cart_683187c0617c41.02564569","user_id":60,"product_id":48,"product_size":"M","quantity":1} []
[2025-05-24T10:48:00.407104+02:00] app.INFO: Cart item updated {"request_id":"cart_683187c0617c41.02564569","user_id":60,"cart_id":126,"product_id":48,"new_quantity":3} []
[2025-05-24T10:48:00.592986+02:00] app.INFO: Add to cart request {"request_id":"cart_683187c08d5c92.28047808","user_id":60,"product_id":48,"product_size":"M","quantity":1} []
[2025-05-24T10:48:00.597888+02:00] app.ERROR: Add to cart error {"request_id":"cart_683187c08d5c92.28047808","error":"Cannot add more items. Limited to 3 items.","user_id":60,"product_id":48,"product_size":"M"} []
[2025-05-24T10:48:00.738502+02:00] app.INFO: Add to cart request {"request_id":"cart_683187c0b0f922.81420249","user_id":60,"product_id":48,"product_size":"M","quantity":1} []
[2025-05-24T10:48:00.742589+02:00] app.ERROR: Add to cart error {"request_id":"cart_683187c0b0f922.81420249","error":"Cannot add more items. Limited to 3 items.","user_id":60,"product_id":48,"product_size":"M"} []
[2025-05-24T10:48:04.287233+02:00] app.INFO: Order created successfully {"user_id":60,"order_id":36,"total_amount":447.0,"items_count":1,"selected_items":1,"request_id":"order_683187c4409aa3.06033633"} []
[2025-05-24T10:48:09.274342+02:00] app.INFO: Order created successfully {"user_id":60,"order_id":37,"total_amount":447.0,"items_count":1,"selected_items":1,"request_id":"order_683187c941e219.19580651"} []
[2025-05-24T10:48:12.533214+02:00] app.INFO: Cart items cleared after payment method selection {"user_id":60,"order_id":"37"} []
[2025-05-24T10:48:38.642908+02:00] app.INFO: Add to cart request {"request_id":"cart_683187e698e3f2.20684931","user_id":60,"product_id":6,"product_size":"UK8.5","quantity":1} []
[2025-05-24T10:48:38.646676+02:00] app.INFO: New cart item added {"request_id":"cart_683187e698e3f2.20684931","user_id":60,"product_id":6,"product_size":"UK8.5","quantity":1} []
[2025-05-24T10:48:38.808499+02:00] app.INFO: Add to cart request {"request_id":"cart_683187e6c245d3.65469801","user_id":60,"product_id":6,"product_size":"UK8.5","quantity":1} []
[2025-05-24T10:48:38.813853+02:00] app.INFO: Cart item updated {"request_id":"cart_683187e6c245d3.65469801","user_id":60,"cart_id":127,"product_id":6,"new_quantity":2} []
[2025-05-24T10:48:39.008678+02:00] app.INFO: Add to cart request {"request_id":"cart_683187e6f36d26.79861245","user_id":60,"product_id":6,"product_size":"UK8.5","quantity":1} []
[2025-05-24T10:48:39.013784+02:00] app.INFO: Cart item updated {"request_id":"cart_683187e6f36d26.79861245","user_id":60,"cart_id":127,"product_id":6,"new_quantity":3} []
[2025-05-24T10:48:41.240981+02:00] app.INFO: Order created successfully {"user_id":60,"order_id":38,"total_amount":360.0,"items_count":1,"selected_items":1,"request_id":"order_683187e9374223.65977521"} []
[2025-05-24T10:50:26.393401+02:00] app.INFO: Order created successfully {"user_id":60,"order_id":39,"total_amount":360.0,"items_count":1,"selected_items":1,"request_id":"order_683188525b1e33.00245847"} []
[2025-05-24T10:50:32.602278+02:00] app.INFO: Cart items cleared after payment method selection {"user_id":60,"order_id":"39"} []
[2025-05-24T10:50:43.645407+02:00] app.INFO: Cart items cleared after payment method selection {"user_id":60,"order_id":"39"} []
[2025-05-24T10:55:05.045367+02:00] app.ERROR: Uncaught Exception {"message":"logFailedPayment(): Argument #3 ($amount) must be of type float, string given, called in C:\\xampp\\htdocs\\FYP\\FYP\\User\\payment\\process_payment.php on line 245","file":"C:\\xampp\\htdocs\\FYP\\FYP\\User\\payment\\process_payment.php","line":288,"trace":"#0 C:\\xampp\\htdocs\\FYP\\FYP\\User\\payment\\process_payment.php(245): logFailedPayment(Object(Database), '39', '360.00', 'Your card was d...', 'card_declined')\n#1 {main}"} []
[2025-05-24T10:58:50.346046+02:00] app.ERROR: Uncaught Exception {"message":"logFailedPayment(): Argument #3 ($amount) must be of type float, string given, called in C:\\xampp\\htdocs\\FYP\\FYP\\User\\payment\\process_payment.php on line 245","file":"C:\\xampp\\htdocs\\FYP\\FYP\\User\\payment\\process_payment.php","line":288,"trace":"#0 C:\\xampp\\htdocs\\FYP\\FYP\\User\\payment\\process_payment.php(245): logFailedPayment(Object(Database), '39', '360.00', 'Your card was d...', 'card_declined')\n#1 {main}"} []
[2025-05-24T10:59:22.796025+02:00] app.ERROR: Uncaught Exception {"message":"logFailedPayment(): Argument #3 ($amount) must be of type float, string given, called in C:\\xampp\\htdocs\\FYP\\FYP\\User\\payment\\process_payment.php on line 245","file":"C:\\xampp\\htdocs\\FYP\\FYP\\User\\payment\\process_payment.php","line":288,"trace":"#0 C:\\xampp\\htdocs\\FYP\\FYP\\User\\payment\\process_payment.php(245): logFailedPayment(Object(Database), '39', '360.00', 'Your card was d...', 'card_declined')\n#1 {main}"} []
[2025-05-24T10:59:38.710742+02:00] app.ERROR: Uncaught Exception {"message":"logFailedPayment(): Argument #3 ($amount) must be of type float, string given, called in C:\\xampp\\htdocs\\FYP\\FYP\\User\\payment\\process_payment.php on line 245","file":"C:\\xampp\\htdocs\\FYP\\FYP\\User\\payment\\process_payment.php","line":288,"trace":"#0 C:\\xampp\\htdocs\\FYP\\FYP\\User\\payment\\process_payment.php(245): logFailedPayment(Object(Database), '39', '360.00', 'Your card was d...', 'card_declined')\n#1 {main}"} []
[2025-05-24T11:00:43.469330+02:00] app.INFO: Add to cart request {"request_id":"cart_68318abb6d25b2.62367018","user_id":60,"product_id":7,"product_size":"UK1.5Y","quantity":1} []
[2025-05-24T11:00:43.476274+02:00] app.INFO: New cart item added {"request_id":"cart_68318abb6d25b2.62367018","user_id":60,"product_id":7,"product_size":"UK1.5Y","quantity":1} []
[2025-05-24T11:00:43.593529+02:00] app.INFO: Add to cart request {"request_id":"cart_68318abb8a9c62.38939769","user_id":60,"product_id":7,"product_size":"UK1.5Y","quantity":1} []
[2025-05-24T11:00:43.598261+02:00] app.INFO: Cart item updated {"request_id":"cart_68318abb8a9c62.38939769","user_id":60,"cart_id":128,"product_id":7,"new_quantity":2} []
[2025-05-24T11:00:46.600944+02:00] app.INFO: Order created successfully {"user_id":60,"order_id":40,"total_amount":360.0,"items_count":1,"selected_items":1,"request_id":"order_68318abe914f84.53985826"} []
[2025-05-24T11:00:49.834318+02:00] app.INFO: Cart items cleared after payment method selection {"user_id":60,"order_id":"40"} []
[2025-05-24T11:01:15.329050+02:00] app.ERROR: Uncaught Exception {"message":"logFailedPayment(): Argument #3 ($amount) must be of type float, string given, called in C:\\xampp\\htdocs\\FYP\\FYP\\User\\payment\\process_payment.php on line 245","file":"C:\\xampp\\htdocs\\FYP\\FYP\\User\\payment\\process_payment.php","line":288,"trace":"#0 C:\\xampp\\htdocs\\FYP\\FYP\\User\\payment\\process_payment.php(245): logFailedPayment(Object(Database), '40', '360.00', 'Your card was d...', 'card_declined')\n#1 {main}"} []
[2025-05-24T11:42:38.341157+02:00] app.ERROR: Error in product review page {"user_id":60,"product_id":7,"error":"Unknown column 'order_id' in 'where clause'"} []
