[2025-05-26 18:39:56] app.INFO: Application initialized {"php_version":"8.2.12"} []
[2025-05-26 18:39:58] app.INFO: Application initialized {"php_version":"8.2.12"} []
[2025-05-26 18:39:58] app.INFO: Email test at initialization {"result":"FAILED"} []
[2025-05-26 18:39:59] app.INFO: Add to cart request {"request_id":"cart_6834995f073d87.35185957","user_id":44,"product_id":59,"product_size":"One Size","quantity":1} []
[2025-05-26 18:39:59] app.INFO: Cart item updated {"request_id":"cart_6834995f073d87.35185957","user_id":44,"cart_id":236,"product_id":59,"new_quantity":2} []
[2025-05-26 18:40:00] app.INFO: Email test at initialization {"result":"FAILED"} []
[2025-05-26 18:40:00] app.INFO: Application initialized {"php_version":"8.2.12"} []
[2025-05-26 18:40:00] app.INFO: Application initialized {"php_version":"8.2.12"} []
[2025-05-26 18:40:02] app.INFO: Email test at initialization {"result":"FAILED"} []
[2025-05-26 18:40:02] app.INFO: Email test at initialization {"result":"FAILED"} []
[2025-05-26 18:40:02] app.INFO: Add to cart request {"request_id":"cart_683499625500b7.54436740","user_id":44,"product_id":19,"product_size":"UK10.5","quantity":1} []
[2025-05-26 18:40:02] app.INFO: New cart item added {"request_id":"cart_683499625500b7.54436740","user_id":44,"product_id":19,"product_size":"UK10.5","quantity":1} []
[2025-05-26 18:40:02] app.INFO: Add to cart request {"request_id":"cart_6834996260c0b8.85290728","user_id":44,"product_id":19,"product_size":"UK10.5","quantity":1} []
[2025-05-26 18:40:02] app.INFO: Cart item updated {"request_id":"cart_6834996260c0b8.85290728","user_id":44,"cart_id":239,"product_id":19,"new_quantity":2} []
[2025-05-26 18:40:03] app.INFO: Application initialized {"php_version":"8.2.12"} []
[2025-05-26 18:40:05] app.INFO: Email test at initialization {"result":"FAILED"} []
[2025-05-26 18:40:07] app.INFO: Application initialized {"php_version":"8.2.12"} []
[2025-05-26 18:40:09] app.INFO: Email test at initialization {"result":"FAILED"} []
[2025-05-26 18:40:09] app.INFO: Removing cart item {"user_id":44,"cart_id":237} []
[2025-05-26 18:40:09] app.INFO: Application initialized {"php_version":"8.2.12"} []
[2025-05-26 18:40:11] app.INFO: Email test at initialization {"result":"FAILED"} []
[2025-05-26 18:40:11] app.INFO: Removing cart item {"user_id":44,"cart_id":239} []
[2025-05-26 18:40:11] app.INFO: Application initialized {"php_version":"8.2.12"} []
[2025-05-26 18:40:13] app.INFO: Application initialized {"php_version":"8.2.12"} []
[2025-05-26 18:40:13] app.INFO: Email test at initialization {"result":"FAILED"} []
[2025-05-26 18:40:13] app.INFO: Removing cart item {"user_id":44,"cart_id":236} []
[2025-05-26 18:40:15] app.INFO: Email test at initialization {"result":"FAILED"} []
[2025-05-26 18:40:15] app.INFO: Removing cart item {"user_id":44,"cart_id":238} []
[2025-05-26 18:40:15] app.INFO: Application initialized {"php_version":"8.2.12"} []
[2025-05-26 18:40:18] app.INFO: Email test at initialization {"result":"FAILED"} []
