[2025-05-25 11:24:27] app.INFO: Application initialized {"php_version":"8.2.12"} []
[2025-05-25 11:24:29] app.INFO: Email test at initialization {"result":"FAILED"} []
[2025-05-25 11:24:32] app.INFO: Application initialized {"php_version":"8.2.12"} []
[2025-05-25 11:24:34] app.INFO: Email test at initialization {"result":"FAILED"} []
[2025-05-25 11:24:34] app.INFO: Removing cart item {"user_id":44,"cart_id":166} []
[2025-05-25 11:24:46] app.INFO: Application initialized {"php_version":"8.2.12"} []
[2025-05-25 11:24:48] app.INFO: Email test at initialization {"result":"FAILED"} []
[2025-05-25 11:24:48] app.INFO: Application initialized {"php_version":"8.2.12"} []
[2025-05-25 11:24:50] app.INFO: Email test at initialization {"result":"FAILED"} []
[2025-05-25 11:24:50] app.INFO: Add to cart request {"request_id":"cart_6832e1e22de396.78512690","user_id":44,"product_id":37,"product_size":"S","quantity":1} []
[2025-05-25 11:24:50] app.INFO: Cart item updated {"request_id":"cart_6832e1e22de396.78512690","user_id":44,"cart_id":165,"product_id":37,"new_quantity":3} []
[2025-05-25 11:48:20] app.INFO: Application initialized {"php_version":"8.2.12"} []
[2025-05-25 11:48:22] app.INFO: Email test at initialization {"result":"FAILED"} []
[2025-05-25 11:48:22] app.INFO: Application initialized {"php_version":"8.2.12"} []
[2025-05-25 11:48:24] app.INFO: Email test at initialization {"result":"FAILED"} []
[2025-05-25 11:48:24] app.INFO: Add to cart request {"request_id":"cart_6832e768d51cf4.06659587","user_id":44,"product_id":43,"product_size":"UK3.5Y","quantity":1} []
[2025-05-25 11:48:24] app.INFO: New cart item added {"request_id":"cart_6832e768d51cf4.06659587","user_id":44,"product_id":43,"product_size":"UK3.5Y","quantity":1} []
[2025-05-25 12:07:53] app.INFO: Application initialized {"php_version":"8.2.12"} []
[2025-05-25 12:07:55] app.INFO: Email test at initialization {"result":"FAILED"} []
[2025-05-25 12:07:55] app.INFO: Add to cart request {"request_id":"cart_6832ebfb3a9240.31708139","user_id":44,"product_id":37,"product_size":"S","quantity":1} []
[2025-05-25 12:07:55] app.INFO: Cart item updated {"request_id":"cart_6832ebfb3a9240.31708139","user_id":44,"cart_id":165,"product_id":37,"new_quantity":4} []
[2025-05-25 12:07:56] app.INFO: Application initialized {"php_version":"8.2.12"} []
[2025-05-25 12:07:58] app.INFO: Email test at initialization {"result":"FAILED"} []
[2025-05-25 12:07:58] app.INFO: Application initialized {"php_version":"8.2.12"} []
[2025-05-25 12:08:00] app.INFO: Email test at initialization {"result":"FAILED"} []
[2025-05-25 12:08:00] app.INFO: Add to cart request {"request_id":"cart_6832ec0028dd70.02479617","user_id":44,"product_id":41,"product_size":"One Size","quantity":1} []
[2025-05-25 12:08:00] app.INFO: Cart item updated {"request_id":"cart_6832ec0028dd70.02479617","user_id":44,"cart_id":163,"product_id":41,"new_quantity":2} []
[2025-05-25 12:08:01] app.INFO: Application initialized {"php_version":"8.2.12"} []
[2025-05-25 12:08:03] app.INFO: Email test at initialization {"result":"FAILED"} []
[2025-05-25 12:08:03] app.INFO: Application initialized {"php_version":"8.2.12"} []
[2025-05-25 12:08:05] app.INFO: Email test at initialization {"result":"FAILED"} []
[2025-05-25 12:08:05] app.INFO: Add to cart request {"request_id":"cart_6832ec05e32299.51972607","user_id":44,"product_id":57,"product_size":"One Size","quantity":1} []
[2025-05-25 12:08:05] app.INFO: New cart item added {"request_id":"cart_6832ec05e32299.51972607","user_id":44,"product_id":57,"product_size":"One Size","quantity":1} []
[2025-05-25 12:08:10] app.INFO: Application initialized {"php_version":"8.2.12"} []
[2025-05-25 12:08:12] app.INFO: Email test at initialization {"result":"FAILED"} []
[2025-05-25 12:08:12] app.INFO: Add to cart request {"request_id":"cart_6832ec0c8d3567.35051189","user_id":44,"product_id":5,"product_size":"UK7.5","quantity":1} []
[2025-05-25 12:08:12] app.INFO: New cart item added {"request_id":"cart_6832ec0c8d3567.35051189","user_id":44,"product_id":5,"product_size":"UK7.5","quantity":1} []
[2025-05-25 12:13:17] app.INFO: Application initialized {"php_version":"8.2.12"} []
[2025-05-25 12:13:19] app.INFO: Email test at initialization {"result":"FAILED"} []
[2025-05-25 12:13:19] app.INFO: Add to cart request {"request_id":"cart_6832ed3fd54948.53296052","user_id":44,"product_id":5,"product_size":"UK7.5","quantity":1} []
[2025-05-25 12:13:19] app.INFO: Cart item updated {"request_id":"cart_6832ed3fd54948.53296052","user_id":44,"cart_id":173,"product_id":5,"new_quantity":2} []
[2025-05-25 12:13:27] app.INFO: Application initialized {"php_version":"8.2.12"} []
[2025-05-25 12:13:29] app.INFO: Email test at initialization {"result":"FAILED"} []
[2025-05-25 12:13:42] app.INFO: Application initialized {"php_version":"8.2.12"} []
[2025-05-25 12:13:45] app.INFO: Email test at initialization {"result":"FAILED"} []
[2025-05-25 12:13:47] app.INFO: Application initialized {"php_version":"8.2.12"} []
[2025-05-25 12:13:49] app.INFO: Email test at initialization {"result":"FAILED"} []
[2025-05-25 12:13:49] app.INFO: Removing cart item {"user_id":44,"cart_id":173} []
[2025-05-25 12:13:55] app.INFO: Application initialized {"php_version":"8.2.12"} []
[2025-05-25 12:13:57] app.INFO: Email test at initialization {"result":"FAILED"} []
[2025-05-25 12:13:57] app.WARNING: Cart item not found during removal attempt {"user_id":44,"cart_id":173,"session_id":"dt4mr4r1ertn63gmg70dfc89rt"} []
[2025-05-25 12:13:57] app.INFO: DB connection check during cart removal failure {"total_cart_items":11,"cart_id":173,"user_id":44} []
[2025-05-25 12:13:57] app.ERROR: Cart item removal error {"user_id":44,"cart_id":173,"error":"Cart item not found - it may have been already deleted"} []
[2025-05-25 12:16:46] app.INFO: Application initialized {"php_version":"8.2.12"} []
[2025-05-25 12:16:48] app.INFO: Email test at initialization {"result":"FAILED"} []
[2025-05-25 12:17:57] app.INFO: Application initialized {"php_version":"8.2.12"} []
[2025-05-25 12:17:59] app.INFO: Email test at initialization {"result":"FAILED"} []
[2025-05-25 12:18:01] app.INFO: Application initialized {"php_version":"8.2.12"} []
[2025-05-25 12:18:03] app.INFO: Email test at initialization {"result":"FAILED"} []
[2025-05-25 12:18:03] app.INFO: Removing cart item {"user_id":44,"cart_id":167} []
[2025-05-25 12:18:09] app.INFO: Application initialized {"php_version":"8.2.12"} []
[2025-05-25 12:18:11] app.INFO: Email test at initialization {"result":"FAILED"} []
[2025-05-25 12:18:11] app.INFO: Removing cart item {"user_id":44,"cart_id":172} []
