[2025-05-13T08:51:28.136123+02:00] app.INFO: Add to cart request {"request_id":"cart_6822ebf014d8e3.70970478","user_id":54,"product_id":25,"product_size":"UK13.5C","quantity":1} []
[2025-05-13T08:51:28.148039+02:00] app.INFO: New cart item added {"request_id":"cart_6822ebf014d8e3.70970478","user_id":54,"product_id":25,"product_size":"UK13.5C","quantity":1} []
[2025-05-13T08:51:30.951685+02:00] app.INFO: Add to cart request {"request_id":"cart_6822ebf2e0e2d2.75625176","user_id":54,"product_id":42,"product_size":"UK6","quantity":1} []
[2025-05-13T08:51:30.959870+02:00] app.INFO: New cart item added {"request_id":"cart_6822ebf2e0e2d2.75625176","user_id":54,"product_id":42,"product_size":"UK6","quantity":1} []
[2025-05-13T08:53:59.744814+02:00] app.INFO: Add to cart request {"request_id":"cart_6822ec87b468d5.62658354","user_id":54,"product_id":29,"product_size":"UK6","quantity":1} []
[2025-05-13T08:53:59.750285+02:00] app.INFO: New cart item added {"request_id":"cart_6822ec87b468d5.62658354","user_id":54,"product_id":29,"product_size":"UK6","quantity":1} []
[2025-05-13T15:50:05.544620+02:00] app.INFO: Add to cart request {"request_id":"cart_68234e0d796a59.47769758","user_id":54,"product_id":58,"product_size":"One Size","quantity":1} []
[2025-05-13T15:50:05.549302+02:00] app.INFO: New cart item added {"request_id":"cart_68234e0d796a59.47769758","user_id":54,"product_id":58,"product_size":"One Size","quantity":1} []
[2025-05-13T16:06:29.973293+02:00] app.INFO: Add to cart request {"request_id":"cart_682351e5ebf7a6.68371110","user_id":54,"product_id":7,"product_size":"UK13.5C","quantity":1} []
[2025-05-13T16:06:29.976450+02:00] app.INFO: New cart item added {"request_id":"cart_682351e5ebf7a6.68371110","user_id":54,"product_id":7,"product_size":"UK13.5C","quantity":1} []
[2025-05-13T16:06:45.807588+02:00] app.INFO: Order created successfully {"user_id":54,"order_id":30,"total_amount":180.0,"items_count":1,"selected_items":1,"request_id":"order_682351f5c11f75.53877957"} []
[2025-05-13T16:06:50.189277+02:00] app.INFO: Cart items cleared after payment method selection {"user_id":54,"order_id":"30"} []
[2025-05-13T16:29:03.592837+02:00] app.INFO: Add to cart request {"request_id":"cart_6823572f88f9e0.92985668","user_id":54,"product_id":32,"product_size":"UK5.5","quantity":1} []
[2025-05-13T16:29:03.601977+02:00] app.INFO: New cart item added {"request_id":"cart_6823572f88f9e0.92985668","user_id":54,"product_id":32,"product_size":"UK5.5","quantity":1} []
[2025-05-13T16:32:26.930098+02:00] app.INFO: Add to cart request {"request_id":"cart_682357fadaf596.93404877","user_id":54,"product_id":59,"product_size":"One Size","quantity":1} []
[2025-05-13T16:32:26.936181+02:00] app.INFO: New cart item added {"request_id":"cart_682357fadaf596.93404877","user_id":54,"product_id":59,"product_size":"One Size","quantity":1} []
[2025-05-13T16:40:52.313853+02:00] app.INFO: Add to cart request {"request_id":"cart_682359f4449188.05259637","user_id":54,"product_id":23,"product_size":"XXS","quantity":1} []
[2025-05-13T16:40:52.321185+02:00] app.INFO: New cart item added {"request_id":"cart_682359f4449188.05259637","user_id":54,"product_id":23,"product_size":"XXS","quantity":1} []
[2025-05-13T16:42:55.080920+02:00] app.INFO: Add to cart request {"request_id":"cart_68235a6f0fc421.49588494","user_id":54,"product_id":34,"product_size":"UK6.5Y","quantity":1} []
[2025-05-13T16:42:55.089925+02:00] app.INFO: New cart item added {"request_id":"cart_68235a6f0fc421.49588494","user_id":54,"product_id":34,"product_size":"UK6.5Y","quantity":1} []
