[2025-04-21T12:51:42.100279+02:00] app.INFO: Order created successfully {"user_id":44,"order_id":47,"total_amount":80.0,"items_count":1,"selected_items":1,"request_id":"order_6806233e139f56.74253023"} []
[2025-04-21T12:51:42.145760+02:00] app.ERROR: PHP Error {"message":"Undefined variable $stripeTestMode","file":"C:\\xampp\\htdocs\\FYP\\FYP\\User\\payment\\checkout.php","line":86,"severity":2} []
[2025-04-21T12:51:42.147745+02:00] app.ERROR: PHP Error {"message":"Undefined variable $stripeLivePublishableKey","file":"C:\\xampp\\htdocs\\FYP\\FYP\\User\\payment\\checkout.php","line":86,"severity":2} []
[2025-04-21T12:51:47.899218+02:00] app.INFO: Order created successfully {"user_id":44,"order_id":48,"total_amount":80.0,"items_count":1,"selected_items":1,"request_id":"order_68062343d70162.77598526"} []
[2025-04-21T12:51:47.943655+02:00] app.ERROR: PHP Error {"message":"Undefined variable $stripeTestMode","file":"C:\\xampp\\htdocs\\FYP\\FYP\\User\\payment\\checkout.php","line":86,"severity":2} []
[2025-04-21T12:51:47.945671+02:00] app.ERROR: PHP Error {"message":"Undefined variable $stripeLivePublishableKey","file":"C:\\xampp\\htdocs\\FYP\\FYP\\User\\payment\\checkout.php","line":86,"severity":2} []
[2025-04-21T12:51:51.215287+02:00] app.ERROR: PHP Error {"message":"Undefined variable $stripeTestMode","file":"C:\\xampp\\htdocs\\FYP\\FYP\\User\\payment\\checkout.php","line":86,"severity":2} []
[2025-04-21T12:51:51.216618+02:00] app.ERROR: PHP Error {"message":"Undefined variable $stripeLivePublishableKey","file":"C:\\xampp\\htdocs\\FYP\\FYP\\User\\payment\\checkout.php","line":86,"severity":2} []
[2025-04-21T12:51:52.360436+02:00] app.INFO: Cart items cleared after payment method selection {"user_id":44,"order_id":"48"} []
[2025-04-21T12:52:08.540250+02:00] app.ERROR: Uncaught Exception {"message":"OrderService::reduceStockAfterPayment(): Argument #1 ($order_id) must be of type int, string given, called in C:\\xampp\\htdocs\\FYP\\FYP\\User\\payment\\process_payment.php on line 134","file":"C:\\xampp\\htdocs\\FYP\\FYP\\User\\app\\services\\OrderService.php","line":342,"trace":"#0 C:\\xampp\\htdocs\\FYP\\FYP\\User\\payment\\process_payment.php(134): OrderService->reduceStockAfterPayment('48')\n#1 {main}"} []
[2025-04-21T12:52:14.556662+02:00] app.ERROR: Uncaught Exception {"message":"logFailedPayment(): Argument #3 ($amount) must be of type float, string given, called in C:\\xampp\\htdocs\\FYP\\FYP\\User\\payment\\process_payment.php on line 160","file":"C:\\xampp\\htdocs\\FYP\\FYP\\User\\payment\\process_payment.php","line":193,"trace":"#0 C:\\xampp\\htdocs\\FYP\\FYP\\User\\payment\\process_payment.php(160): logFailedPayment(Object(Database), '48', '80.00', 'You cannot use ...', 'api_error')\n#1 {main}"} []
[2025-04-21T12:52:32.827394+02:00] app.ERROR: Uncaught Exception {"message":"logFailedPayment(): Argument #3 ($amount) must be of type float, string given, called in C:\\xampp\\htdocs\\FYP\\FYP\\User\\payment\\process_payment.php on line 160","file":"C:\\xampp\\htdocs\\FYP\\FYP\\User\\payment\\process_payment.php","line":193,"trace":"#0 C:\\xampp\\htdocs\\FYP\\FYP\\User\\payment\\process_payment.php(160): logFailedPayment(Object(Database), '48', '80.00', 'You cannot use ...', 'api_error')\n#1 {main}"} []
[2025-04-21T12:52:50.209800+02:00] app.ERROR: Uncaught Exception {"message":"OrderService::reduceStockAfterPayment(): Argument #1 ($order_id) must be of type int, string given, called in C:\\xampp\\htdocs\\FYP\\FYP\\User\\payment\\process_payment.php on line 134","file":"C:\\xampp\\htdocs\\FYP\\FYP\\User\\app\\services\\OrderService.php","line":342,"trace":"#0 C:\\xampp\\htdocs\\FYP\\FYP\\User\\payment\\process_payment.php(134): OrderService->reduceStockAfterPayment('48')\n#1 {main}"} []
[2025-04-21T12:52:56.575298+02:00] app.ERROR: Uncaught Exception {"message":"logFailedPayment(): Argument #3 ($amount) must be of type float, string given, called in C:\\xampp\\htdocs\\FYP\\FYP\\User\\payment\\process_payment.php on line 160","file":"C:\\xampp\\htdocs\\FYP\\FYP\\User\\payment\\process_payment.php","line":193,"trace":"#0 C:\\xampp\\htdocs\\FYP\\FYP\\User\\payment\\process_payment.php(160): logFailedPayment(Object(Database), '48', '80.00', 'You cannot use ...', 'api_error')\n#1 {main}"} []
[2025-04-21T12:55:34.837920+02:00] app.INFO: Add to cart request {"request_id":"cart_68062426c51d51.33377518","user_id":44,"product_id":21,"product_size":"One Size","quantity":1} []
[2025-04-21T12:55:34.840331+02:00] app.INFO: New cart item added {"request_id":"cart_68062426c51d51.33377518","user_id":44,"product_id":21,"product_size":"One Size","quantity":1} []
[2025-04-21T12:55:38.390941+02:00] app.INFO: Order created successfully {"user_id":44,"order_id":49,"total_amount":80.0,"items_count":1,"selected_items":1,"request_id":"order_6806242a5e0502.71270488"} []
[2025-04-21T12:55:38.478359+02:00] app.ERROR: PHP Error {"message":"Undefined variable $stripeTestMode","file":"C:\\xampp\\htdocs\\FYP\\FYP\\User\\payment\\checkout.php","line":86,"severity":2} []
[2025-04-21T12:55:38.479643+02:00] app.ERROR: PHP Error {"message":"Undefined variable $stripeLivePublishableKey","file":"C:\\xampp\\htdocs\\FYP\\FYP\\User\\payment\\checkout.php","line":86,"severity":2} []
[2025-04-21T12:55:40.512780+02:00] app.ERROR: PHP Error {"message":"Undefined variable $stripeTestMode","file":"C:\\xampp\\htdocs\\FYP\\FYP\\User\\payment\\checkout.php","line":86,"severity":2} []
[2025-04-21T12:55:40.513991+02:00] app.ERROR: PHP Error {"message":"Undefined variable $stripeLivePublishableKey","file":"C:\\xampp\\htdocs\\FYP\\FYP\\User\\payment\\checkout.php","line":86,"severity":2} []
[2025-04-21T12:55:41.818349+02:00] app.INFO: Cart items cleared after payment method selection {"user_id":44,"order_id":"49"} []
[2025-04-21T12:57:00.280182+02:00] app.ERROR: Uncaught Exception {"message":"OrderService::reduceStockAfterPayment(): Argument #1 ($order_id) must be of type int, string given, called in C:\\xampp\\htdocs\\FYP\\FYP\\User\\payment\\process_payment.php on line 134","file":"C:\\xampp\\htdocs\\FYP\\FYP\\User\\app\\services\\OrderService.php","line":342,"trace":"#0 C:\\xampp\\htdocs\\FYP\\FYP\\User\\payment\\process_payment.php(134): OrderService->reduceStockAfterPayment('49')\n#1 {main}"} []
[2025-04-21T12:57:08.746434+02:00] app.ERROR: Uncaught Exception {"message":"logFailedPayment(): Argument #3 ($amount) must be of type float, string given, called in C:\\xampp\\htdocs\\FYP\\FYP\\User\\payment\\process_payment.php on line 160","file":"C:\\xampp\\htdocs\\FYP\\FYP\\User\\payment\\process_payment.php","line":193,"trace":"#0 C:\\xampp\\htdocs\\FYP\\FYP\\User\\payment\\process_payment.php(160): logFailedPayment(Object(Database), '49', '80.00', 'You cannot use ...', 'api_error')\n#1 {main}"} []
[2025-04-21T12:58:32.884033+02:00] app.ERROR: Uncaught Exception {"message":"logFailedPayment(): Argument #3 ($amount) must be of type float, string given, called in C:\\xampp\\htdocs\\FYP\\FYP\\User\\payment\\process_payment.php on line 160","file":"C:\\xampp\\htdocs\\FYP\\FYP\\User\\payment\\process_payment.php","line":193,"trace":"#0 C:\\xampp\\htdocs\\FYP\\FYP\\User\\payment\\process_payment.php(160): logFailedPayment(Object(Database), '49', '80.00', 'You cannot use ...', 'api_error')\n#1 {main}"} []
[2025-04-21T13:03:27.231297+02:00] app.ERROR: PHP Error {"message":"Undefined variable $stripeTestMode","file":"C:\\xampp\\htdocs\\FYP\\FYP\\User\\payment\\checkout.php","line":86,"severity":2} []
[2025-04-21T13:03:27.232714+02:00] app.ERROR: PHP Error {"message":"Undefined variable $stripeLivePublishableKey","file":"C:\\xampp\\htdocs\\FYP\\FYP\\User\\payment\\checkout.php","line":86,"severity":2} []
[2025-04-21T13:03:38.467694+02:00] app.INFO: Add to cart request {"request_id":"cart_6806260a6e5280.92899700","user_id":44,"product_id":21,"product_size":"One Size","quantity":1} []
[2025-04-21T13:03:38.469873+02:00] app.INFO: New cart item added {"request_id":"cart_6806260a6e5280.92899700","user_id":44,"product_id":21,"product_size":"One Size","quantity":1} []
[2025-04-21T13:06:01.961806+02:00] app.INFO: Order created successfully {"user_id":44,"order_id":50,"total_amount":80.0,"items_count":1,"selected_items":1,"request_id":"order_68062699e58d06.26443799"} []
[2025-04-21T13:06:02.080230+02:00] app.ERROR: PHP Error {"message":"Undefined variable $stripeTestMode","file":"C:\\xampp\\htdocs\\FYP\\FYP\\User\\payment\\checkout.php","line":86,"severity":2} []
[2025-04-21T13:06:02.081489+02:00] app.ERROR: PHP Error {"message":"Undefined variable $stripeLivePublishableKey","file":"C:\\xampp\\htdocs\\FYP\\FYP\\User\\payment\\checkout.php","line":86,"severity":2} []
[2025-04-21T13:11:48.298536+02:00] app.ERROR: PHP Error {"message":"Undefined variable $stripeTestMode","file":"C:\\xampp\\htdocs\\FYP\\FYP\\User\\payment\\checkout.php","line":86,"severity":2} []
[2025-04-21T13:11:48.299949+02:00] app.ERROR: PHP Error {"message":"Undefined variable $stripeLivePublishableKey","file":"C:\\xampp\\htdocs\\FYP\\FYP\\User\\payment\\checkout.php","line":86,"severity":2} []
[2025-04-21T13:20:14.794721+02:00] app.INFO: Order created successfully {"user_id":44,"order_id":51,"total_amount":80.0,"items_count":1,"selected_items":1,"request_id":"order_680629eebd4669.75524250"} []
[2025-04-21T13:20:14.856709+02:00] app.ERROR: PHP Error {"message":"Undefined variable $stripeTestMode","file":"C:\\xampp\\htdocs\\FYP\\FYP\\User\\payment\\checkout.php","line":86,"severity":2} []
[2025-04-21T13:20:14.857909+02:00] app.ERROR: PHP Error {"message":"Undefined variable $stripeLivePublishableKey","file":"C:\\xampp\\htdocs\\FYP\\FYP\\User\\payment\\checkout.php","line":86,"severity":2} []
[2025-04-21T13:20:46.023360+02:00] app.ERROR: PHP Error {"message":"Undefined variable $stripeTestMode","file":"C:\\xampp\\htdocs\\FYP\\FYP\\User\\payment\\checkout.php","line":86,"severity":2} []
[2025-04-21T13:20:46.024785+02:00] app.ERROR: PHP Error {"message":"Undefined variable $stripeLivePublishableKey","file":"C:\\xampp\\htdocs\\FYP\\FYP\\User\\payment\\checkout.php","line":86,"severity":2} []
[2025-04-21T13:20:47.845074+02:00] app.ERROR: PHP Error {"message":"Undefined variable $stripeTestMode","file":"C:\\xampp\\htdocs\\FYP\\FYP\\User\\payment\\checkout.php","line":86,"severity":2} []
[2025-04-21T13:20:47.846234+02:00] app.ERROR: PHP Error {"message":"Undefined variable $stripeLivePublishableKey","file":"C:\\xampp\\htdocs\\FYP\\FYP\\User\\payment\\checkout.php","line":86,"severity":2} []
[2025-04-21T13:50:05.272799+02:00] app.ERROR: PHP Error {"message":"Undefined variable $stripeTestMode","file":"C:\\xampp\\htdocs\\FYP\\FYP\\User\\payment\\checkout.php","line":86,"severity":2} []
[2025-04-21T13:50:05.274306+02:00] app.ERROR: PHP Error {"message":"Undefined variable $stripeLivePublishableKey","file":"C:\\xampp\\htdocs\\FYP\\FYP\\User\\payment\\checkout.php","line":86,"severity":2} []
[2025-04-21T13:54:22.972793+02:00] app.ERROR: PHP Error {"message":"Undefined variable $stripeTestMode","file":"C:\\xampp\\htdocs\\FYP\\FYP\\User\\payment\\checkout.php","line":86,"severity":2} []
[2025-04-21T13:54:22.974564+02:00] app.ERROR: PHP Error {"message":"Undefined variable $stripeLivePublishableKey","file":"C:\\xampp\\htdocs\\FYP\\FYP\\User\\payment\\checkout.php","line":86,"severity":2} []
[2025-04-21T13:54:23.692398+02:00] app.ERROR: PHP Error {"message":"Undefined variable $stripeTestMode","file":"C:\\xampp\\htdocs\\FYP\\FYP\\User\\payment\\checkout.php","line":86,"severity":2} []
[2025-04-21T13:54:23.694158+02:00] app.ERROR: PHP Error {"message":"Undefined variable $stripeLivePublishableKey","file":"C:\\xampp\\htdocs\\FYP\\FYP\\User\\payment\\checkout.php","line":86,"severity":2} []
[2025-04-21T13:54:24.014913+02:00] app.ERROR: PHP Error {"message":"Undefined variable $stripeTestMode","file":"C:\\xampp\\htdocs\\FYP\\FYP\\User\\payment\\checkout.php","line":86,"severity":2} []
[2025-04-21T13:54:24.016081+02:00] app.ERROR: PHP Error {"message":"Undefined variable $stripeLivePublishableKey","file":"C:\\xampp\\htdocs\\FYP\\FYP\\User\\payment\\checkout.php","line":86,"severity":2} []
[2025-04-21T13:54:33.468781+02:00] app.INFO: Order created successfully {"user_id":44,"order_id":52,"total_amount":80.0,"items_count":1,"selected_items":1,"request_id":"order_680631f96e0841.87797484"} []
[2025-04-21T13:54:33.513958+02:00] app.ERROR: PHP Error {"message":"Undefined variable $stripeTestMode","file":"C:\\xampp\\htdocs\\FYP\\FYP\\User\\payment\\checkout.php","line":86,"severity":2} []
[2025-04-21T13:54:33.515333+02:00] app.ERROR: PHP Error {"message":"Undefined variable $stripeLivePublishableKey","file":"C:\\xampp\\htdocs\\FYP\\FYP\\User\\payment\\checkout.php","line":86,"severity":2} []
[2025-04-21T13:54:35.490468+02:00] app.ERROR: PHP Error {"message":"Undefined variable $stripeTestMode","file":"C:\\xampp\\htdocs\\FYP\\FYP\\User\\payment\\checkout.php","line":86,"severity":2} []
[2025-04-21T13:54:35.491648+02:00] app.ERROR: PHP Error {"message":"Undefined variable $stripeLivePublishableKey","file":"C:\\xampp\\htdocs\\FYP\\FYP\\User\\payment\\checkout.php","line":86,"severity":2} []
[2025-04-21T13:54:36.526502+02:00] app.INFO: Cart items cleared after payment method selection {"user_id":44,"order_id":"52"} []
[2025-04-21T13:54:48.217915+02:00] app.ERROR: Uncaught Exception {"message":"OrderService::reduceStockAfterPayment(): Argument #1 ($order_id) must be of type int, string given, called in C:\\xampp\\htdocs\\FYP\\FYP\\User\\payment\\process_payment.php on line 134","file":"C:\\xampp\\htdocs\\FYP\\FYP\\User\\app\\services\\OrderService.php","line":342,"trace":"#0 C:\\xampp\\htdocs\\FYP\\FYP\\User\\payment\\process_payment.php(134): OrderService->reduceStockAfterPayment('52')\n#1 {main}"} []
[2025-04-21T13:54:56.071389+02:00] app.ERROR: Uncaught Exception {"message":"logFailedPayment(): Argument #3 ($amount) must be of type float, string given, called in C:\\xampp\\htdocs\\FYP\\FYP\\User\\payment\\process_payment.php on line 160","file":"C:\\xampp\\htdocs\\FYP\\FYP\\User\\payment\\process_payment.php","line":200,"trace":"#0 C:\\xampp\\htdocs\\FYP\\FYP\\User\\payment\\process_payment.php(160): logFailedPayment(Object(Database), '52', '80.00', 'You cannot use ...', 'api_error')\n#1 {main}"} []
[2025-04-21T13:55:00.414237+02:00] app.INFO: Cart items cleared after payment method selection {"user_id":44,"order_id":"52"} []
[2025-04-21T13:55:10.242089+02:00] app.ERROR: Uncaught Exception {"message":"OrderService::reduceStockAfterPayment(): Argument #1 ($order_id) must be of type int, string given, called in C:\\xampp\\htdocs\\FYP\\FYP\\User\\payment\\process_payment.php on line 134","file":"C:\\xampp\\htdocs\\FYP\\FYP\\User\\app\\services\\OrderService.php","line":342,"trace":"#0 C:\\xampp\\htdocs\\FYP\\FYP\\User\\payment\\process_payment.php(134): OrderService->reduceStockAfterPayment('52')\n#1 {main}"} []
[2025-04-21T13:55:25.251064+02:00] app.INFO: Add to cart request {"request_id":"cart_6806322d35b064.76091309","user_id":44,"product_id":7,"product_size":"UK13.5C","quantity":1} []
[2025-04-21T13:55:25.253547+02:00] app.INFO: New cart item added {"request_id":"cart_6806322d35b064.76091309","user_id":44,"product_id":7,"product_size":"UK13.5C","quantity":1} []
[2025-04-21T13:55:27.622958+02:00] app.INFO: Order created successfully {"user_id":44,"order_id":53,"total_amount":120.0,"items_count":1,"selected_items":1,"request_id":"order_6806322f93df17.78121373"} []
[2025-04-21T13:55:27.682640+02:00] app.ERROR: PHP Error {"message":"Undefined variable $stripeTestMode","file":"C:\\xampp\\htdocs\\FYP\\FYP\\User\\payment\\checkout.php","line":86,"severity":2} []
[2025-04-21T13:55:27.683919+02:00] app.ERROR: PHP Error {"message":"Undefined variable $stripeLivePublishableKey","file":"C:\\xampp\\htdocs\\FYP\\FYP\\User\\payment\\checkout.php","line":86,"severity":2} []
[2025-04-21T13:55:32.660588+02:00] app.ERROR: PHP Error {"message":"Undefined variable $stripeTestMode","file":"C:\\xampp\\htdocs\\FYP\\FYP\\User\\payment\\checkout.php","line":86,"severity":2} []
[2025-04-21T13:55:32.661900+02:00] app.ERROR: PHP Error {"message":"Undefined variable $stripeLivePublishableKey","file":"C:\\xampp\\htdocs\\FYP\\FYP\\User\\payment\\checkout.php","line":86,"severity":2} []
[2025-04-21T13:55:33.876870+02:00] app.INFO: Cart items cleared after payment method selection {"user_id":44,"order_id":"53"} []
[2025-04-21T13:55:50.263215+02:00] app.ERROR: Uncaught Exception {"message":"OrderService::reduceStockAfterPayment(): Argument #1 ($order_id) must be of type int, string given, called in C:\\xampp\\htdocs\\FYP\\FYP\\User\\payment\\process_payment.php on line 134","file":"C:\\xampp\\htdocs\\FYP\\FYP\\User\\app\\services\\OrderService.php","line":342,"trace":"#0 C:\\xampp\\htdocs\\FYP\\FYP\\User\\payment\\process_payment.php(134): OrderService->reduceStockAfterPayment('53')\n#1 {main}"} []
[2025-04-21T14:36:39.328233+02:00] app.ERROR: PHP Error {"message":"Undefined variable $stripeTestMode","file":"C:\\xampp\\htdocs\\FYP\\FYP\\User\\payment\\checkout.php","line":86,"severity":2} []
[2025-04-21T14:36:39.329748+02:00] app.ERROR: PHP Error {"message":"Undefined variable $stripeLivePublishableKey","file":"C:\\xampp\\htdocs\\FYP\\FYP\\User\\payment\\checkout.php","line":86,"severity":2} []
[2025-04-21T14:44:04.243733+02:00] app.ERROR: PHP Error {"message":"Undefined variable $stripeTestMode","file":"C:\\xampp\\htdocs\\FYP\\FYP\\User\\payment\\checkout.php","line":86,"severity":2} []
[2025-04-21T14:44:04.245167+02:00] app.ERROR: PHP Error {"message":"Undefined variable $stripeLivePublishableKey","file":"C:\\xampp\\htdocs\\FYP\\FYP\\User\\payment\\checkout.php","line":86,"severity":2} []
[2025-04-21T14:44:29.761896+02:00] app.ERROR: PHP Error {"message":"Undefined variable $stripeTestMode","file":"C:\\xampp\\htdocs\\FYP\\FYP\\User\\payment\\checkout.php","line":86,"severity":2} []
[2025-04-21T14:44:29.763332+02:00] app.ERROR: PHP Error {"message":"Undefined variable $stripeLivePublishableKey","file":"C:\\xampp\\htdocs\\FYP\\FYP\\User\\payment\\checkout.php","line":86,"severity":2} []
[2025-04-21T14:44:35.728007+02:00] app.INFO: Add to cart request {"request_id":"cart_68063db3adb419.05962426","user_id":44,"product_id":21,"product_size":"One Size","quantity":1} []
[2025-04-21T14:44:35.730899+02:00] app.INFO: New cart item added {"request_id":"cart_68063db3adb419.05962426","user_id":44,"product_id":21,"product_size":"One Size","quantity":1} []
[2025-04-21T14:44:39.435969+02:00] app.INFO: Order created successfully {"user_id":44,"order_id":54,"total_amount":80.0,"items_count":1,"selected_items":1,"request_id":"order_68063db7663727.70904107"} []
[2025-04-21T14:44:39.496364+02:00] app.ERROR: PHP Error {"message":"Undefined variable $stripeTestMode","file":"C:\\xampp\\htdocs\\FYP\\FYP\\User\\payment\\checkout.php","line":86,"severity":2} []
[2025-04-21T14:44:39.497608+02:00] app.ERROR: PHP Error {"message":"Undefined variable $stripeLivePublishableKey","file":"C:\\xampp\\htdocs\\FYP\\FYP\\User\\payment\\checkout.php","line":86,"severity":2} []
[2025-04-21T14:44:49.280015+02:00] app.ERROR: PHP Error {"message":"Undefined variable $stripeTestMode","file":"C:\\xampp\\htdocs\\FYP\\FYP\\User\\payment\\checkout.php","line":86,"severity":2} []
[2025-04-21T14:44:49.281284+02:00] app.ERROR: PHP Error {"message":"Undefined variable $stripeLivePublishableKey","file":"C:\\xampp\\htdocs\\FYP\\FYP\\User\\payment\\checkout.php","line":86,"severity":2} []
[2025-04-21T14:44:53.431436+02:00] app.INFO: Order created successfully {"user_id":44,"order_id":55,"total_amount":80.0,"items_count":1,"selected_items":1,"request_id":"order_68063dc56518a8.62722216"} []
[2025-04-21T14:44:53.491711+02:00] app.ERROR: PHP Error {"message":"Undefined variable $stripeTestMode","file":"C:\\xampp\\htdocs\\FYP\\FYP\\User\\payment\\checkout.php","line":86,"severity":2} []
[2025-04-21T14:44:53.492894+02:00] app.ERROR: PHP Error {"message":"Undefined variable $stripeLivePublishableKey","file":"C:\\xampp\\htdocs\\FYP\\FYP\\User\\payment\\checkout.php","line":86,"severity":2} []
[2025-04-21T14:44:58.887597+02:00] app.INFO: Order created successfully {"user_id":44,"order_id":56,"total_amount":80.0,"items_count":1,"selected_items":1,"request_id":"order_68063dcad472f3.94679764"} []
[2025-04-21T14:44:58.936414+02:00] app.ERROR: PHP Error {"message":"Undefined variable $stripeTestMode","file":"C:\\xampp\\htdocs\\FYP\\FYP\\User\\payment\\checkout.php","line":86,"severity":2} []
[2025-04-21T14:44:58.937567+02:00] app.ERROR: PHP Error {"message":"Undefined variable $stripeLivePublishableKey","file":"C:\\xampp\\htdocs\\FYP\\FYP\\User\\payment\\checkout.php","line":86,"severity":2} []
[2025-04-21T14:45:01.748542+02:00] app.ERROR: PHP Error {"message":"Undefined variable $stripeTestMode","file":"C:\\xampp\\htdocs\\FYP\\FYP\\User\\payment\\checkout.php","line":86,"severity":2} []
[2025-04-21T14:45:01.749961+02:00] app.ERROR: PHP Error {"message":"Undefined variable $stripeLivePublishableKey","file":"C:\\xampp\\htdocs\\FYP\\FYP\\User\\payment\\checkout.php","line":86,"severity":2} []
[2025-04-21T14:45:04.795763+02:00] app.INFO: Order created successfully {"user_id":44,"order_id":57,"total_amount":80.0,"items_count":1,"selected_items":1,"request_id":"order_68063dd0be0027.04712347"} []
[2025-04-21T14:45:04.842546+02:00] app.ERROR: PHP Error {"message":"Undefined variable $stripeTestMode","file":"C:\\xampp\\htdocs\\FYP\\FYP\\User\\payment\\checkout.php","line":86,"severity":2} []
[2025-04-21T14:45:04.843727+02:00] app.ERROR: PHP Error {"message":"Undefined variable $stripeLivePublishableKey","file":"C:\\xampp\\htdocs\\FYP\\FYP\\User\\payment\\checkout.php","line":86,"severity":2} []
[2025-04-21T14:45:12.423875+02:00] app.ERROR: PHP Error {"message":"Undefined variable $stripeTestMode","file":"C:\\xampp\\htdocs\\FYP\\FYP\\User\\payment\\checkout.php","line":86,"severity":2} []
[2025-04-21T14:45:12.424999+02:00] app.ERROR: PHP Error {"message":"Undefined variable $stripeLivePublishableKey","file":"C:\\xampp\\htdocs\\FYP\\FYP\\User\\payment\\checkout.php","line":86,"severity":2} []
[2025-04-21T14:49:49.392260+02:00] app.ERROR: PHP Error {"message":"Undefined variable $stripeTestMode","file":"C:\\xampp\\htdocs\\FYP\\FYP\\User\\payment\\checkout.php","line":86,"severity":2} []
[2025-04-21T14:49:49.393675+02:00] app.ERROR: PHP Error {"message":"Undefined variable $stripeLivePublishableKey","file":"C:\\xampp\\htdocs\\FYP\\FYP\\User\\payment\\checkout.php","line":86,"severity":2} []
[2025-04-21T14:49:51.817604+02:00] app.ERROR: PHP Error {"message":"Undefined variable $stripeTestMode","file":"C:\\xampp\\htdocs\\FYP\\FYP\\User\\payment\\checkout.php","line":86,"severity":2} []
[2025-04-21T14:49:51.818768+02:00] app.ERROR: PHP Error {"message":"Undefined variable $stripeLivePublishableKey","file":"C:\\xampp\\htdocs\\FYP\\FYP\\User\\payment\\checkout.php","line":86,"severity":2} []
[2025-04-21T14:50:41.713046+02:00] app.INFO: Order created successfully {"user_id":44,"order_id":58,"total_amount":80.0,"items_count":1,"selected_items":1,"request_id":"order_68063f21acea34.83118995"} []
[2025-04-21T14:50:41.772010+02:00] app.ERROR: PHP Error {"message":"Undefined variable $stripeTestMode","file":"C:\\xampp\\htdocs\\FYP\\FYP\\User\\payment\\checkout.php","line":86,"severity":2} []
[2025-04-21T14:50:41.773870+02:00] app.ERROR: PHP Error {"message":"Undefined variable $stripeLivePublishableKey","file":"C:\\xampp\\htdocs\\FYP\\FYP\\User\\payment\\checkout.php","line":86,"severity":2} []
[2025-04-21T14:51:16.298897+02:00] app.ERROR: PHP Error {"message":"Undefined variable $stripeTestMode","file":"C:\\xampp\\htdocs\\FYP\\FYP\\User\\payment\\checkout.php","line":86,"severity":2} []
[2025-04-21T14:51:16.300122+02:00] app.ERROR: PHP Error {"message":"Undefined variable $stripeLivePublishableKey","file":"C:\\xampp\\htdocs\\FYP\\FYP\\User\\payment\\checkout.php","line":86,"severity":2} []
[2025-04-21T14:52:56.016551+02:00] app.ERROR: PHP Error {"message":"Undefined variable $stripeTestMode","file":"C:\\xampp\\htdocs\\FYP\\FYP\\User\\payment\\checkout.php","line":86,"severity":2} []
[2025-04-21T14:52:56.018040+02:00] app.ERROR: PHP Error {"message":"Undefined variable $stripeLivePublishableKey","file":"C:\\xampp\\htdocs\\FYP\\FYP\\User\\payment\\checkout.php","line":86,"severity":2} []
[2025-04-21T14:52:56.979509+02:00] app.INFO: Cart items cleared after payment method selection {"user_id":44,"order_id":"58"} []
[2025-04-21T14:53:12.279387+02:00] app.ERROR: Uncaught Exception {"message":"OrderService::reduceStockAfterPayment(): Argument #1 ($order_id) must be of type int, string given, called in C:\\xampp\\htdocs\\FYP\\FYP\\User\\payment\\process_payment.php on line 134","file":"C:\\xampp\\htdocs\\FYP\\FYP\\User\\app\\services\\OrderService.php","line":342,"trace":"#0 C:\\xampp\\htdocs\\FYP\\FYP\\User\\payment\\process_payment.php(134): OrderService->reduceStockAfterPayment('58')\n#1 {main}"} []
[2025-04-21T14:55:24.165648+02:00] app.ERROR: PHP Error {"message":"Undefined variable $stripeTestMode","file":"C:\\xampp\\htdocs\\FYP\\FYP\\User\\payment\\checkout.php","line":86,"severity":2} []
[2025-04-21T14:55:24.166986+02:00] app.ERROR: PHP Error {"message":"Undefined variable $stripeLivePublishableKey","file":"C:\\xampp\\htdocs\\FYP\\FYP\\User\\payment\\checkout.php","line":86,"severity":2} []
[2025-04-21T15:04:50.929394+02:00] app.INFO: Add to cart request {"request_id":"cart_68064272ded5b1.01124619","user_id":44,"product_id":21,"product_size":"One Size","quantity":1} []
[2025-04-21T15:04:50.932165+02:00] app.INFO: New cart item added {"request_id":"cart_68064272ded5b1.01124619","user_id":44,"product_id":21,"product_size":"One Size","quantity":1} []
[2025-04-21T15:04:51.669896+02:00] app.INFO: Add to cart request {"request_id":"cart_680642739f8f40.37545968","user_id":44,"product_id":21,"product_size":"One Size","quantity":1} []
[2025-04-21T15:04:51.672603+02:00] app.INFO: Cart item updated {"request_id":"cart_680642739f8f40.37545968","user_id":44,"cart_id":65,"product_id":21,"new_quantity":2} []
[2025-04-21T15:04:51.976208+02:00] app.INFO: Add to cart request {"request_id":"cart_68064273ea33b8.04711799","user_id":44,"product_id":21,"product_size":"One Size","quantity":1} []
[2025-04-21T15:04:51.979256+02:00] app.INFO: Cart item updated {"request_id":"cart_68064273ea33b8.04711799","user_id":44,"cart_id":65,"product_id":21,"new_quantity":3} []
[2025-04-21T15:04:52.159679+02:00] app.INFO: Add to cart request {"request_id":"cart_680642742337a7.63240924","user_id":44,"product_id":21,"product_size":"One Size","quantity":1} []
[2025-04-21T15:04:52.162031+02:00] app.INFO: Cart item updated {"request_id":"cart_680642742337a7.63240924","user_id":44,"cart_id":65,"product_id":21,"new_quantity":4} []
[2025-04-21T15:04:52.313892+02:00] app.INFO: Add to cart request {"request_id":"cart_6806427448aeb9.35286610","user_id":44,"product_id":21,"product_size":"One Size","quantity":1} []
[2025-04-21T15:04:52.316485+02:00] app.INFO: Cart item updated {"request_id":"cart_6806427448aeb9.35286610","user_id":44,"cart_id":65,"product_id":21,"new_quantity":5} []
[2025-04-21T15:04:52.451932+02:00] app.INFO: Add to cart request {"request_id":"cart_680642746a3e01.00348109","user_id":44,"product_id":21,"product_size":"One Size","quantity":1} []
[2025-04-21T15:04:52.454673+02:00] app.INFO: Cart item updated {"request_id":"cart_680642746a3e01.00348109","user_id":44,"cart_id":65,"product_id":21,"new_quantity":6} []
[2025-04-21T15:04:52.666703+02:00] app.INFO: Add to cart request {"request_id":"cart_680642749ef8e8.61659262","user_id":44,"product_id":21,"product_size":"One Size","quantity":1} []
[2025-04-21T15:04:52.669352+02:00] app.INFO: Cart item updated {"request_id":"cart_680642749ef8e8.61659262","user_id":44,"cart_id":65,"product_id":21,"new_quantity":7} []
[2025-04-21T15:04:52.805468+02:00] app.INFO: Add to cart request {"request_id":"cart_68064274c11606.83231474","user_id":44,"product_id":21,"product_size":"One Size","quantity":1} []
[2025-04-21T15:04:52.807544+02:00] app.INFO: Cart item updated {"request_id":"cart_68064274c11606.83231474","user_id":44,"cart_id":65,"product_id":21,"new_quantity":8} []
[2025-04-21T15:04:52.976394+02:00] app.INFO: Add to cart request {"request_id":"cart_68064274eaa2b1.42589482","user_id":44,"product_id":21,"product_size":"One Size","quantity":1} []
[2025-04-21T15:04:52.978993+02:00] app.INFO: Cart item updated {"request_id":"cart_68064274eaa2b1.42589482","user_id":44,"cart_id":65,"product_id":21,"new_quantity":9} []
[2025-04-21T15:04:53.937661+02:00] app.INFO: Add to cart request {"request_id":"cart_68064275e0edc0.42954771","user_id":44,"product_id":21,"product_size":"One Size","quantity":1} []
[2025-04-21T15:04:53.940047+02:00] app.ERROR: Add to cart error {"request_id":"cart_68064275e0edc0.42954771","error":"Cannot add more items. Limited to 9 items.","user_id":44,"product_id":21,"product_size":"One Size"} []
[2025-04-21T15:05:01.430846+02:00] app.INFO: Order created successfully {"user_id":44,"order_id":59,"total_amount":720.0,"items_count":1,"selected_items":1,"request_id":"order_6806427d650a60.13565950"} []
[2025-04-21T15:05:01.491863+02:00] app.ERROR: PHP Error {"message":"Undefined variable $stripeTestMode","file":"C:\\xampp\\htdocs\\FYP\\FYP\\User\\payment\\checkout.php","line":86,"severity":2} []
[2025-04-21T15:05:01.493103+02:00] app.ERROR: PHP Error {"message":"Undefined variable $stripeLivePublishableKey","file":"C:\\xampp\\htdocs\\FYP\\FYP\\User\\payment\\checkout.php","line":86,"severity":2} []
[2025-04-21T15:05:12.329171+02:00] app.ERROR: PHP Error {"message":"Undefined variable $stripeTestMode","file":"C:\\xampp\\htdocs\\FYP\\FYP\\User\\payment\\checkout.php","line":86,"severity":2} []
[2025-04-21T15:05:12.330657+02:00] app.ERROR: PHP Error {"message":"Undefined variable $stripeLivePublishableKey","file":"C:\\xampp\\htdocs\\FYP\\FYP\\User\\payment\\checkout.php","line":86,"severity":2} []
[2025-04-21T15:05:13.743597+02:00] app.INFO: Cart items cleared after payment method selection {"user_id":44,"order_id":"59"} []
[2025-04-21T15:05:17.878396+02:00] app.ERROR: PHP Error {"message":"Undefined variable $stripeTestMode","file":"C:\\xampp\\htdocs\\FYP\\FYP\\User\\payment\\checkout.php","line":86,"severity":2} []
[2025-04-21T15:05:17.879633+02:00] app.ERROR: PHP Error {"message":"Undefined variable $stripeLivePublishableKey","file":"C:\\xampp\\htdocs\\FYP\\FYP\\User\\payment\\checkout.php","line":86,"severity":2} []
[2025-04-21T15:06:17.304772+02:00] app.ERROR: PHP Error {"message":"Undefined variable $stripeTestMode","file":"C:\\xampp\\htdocs\\FYP\\FYP\\User\\payment\\checkout.php","line":86,"severity":2} []
[2025-04-21T15:06:17.306047+02:00] app.ERROR: PHP Error {"message":"Undefined variable $stripeLivePublishableKey","file":"C:\\xampp\\htdocs\\FYP\\FYP\\User\\payment\\checkout.php","line":86,"severity":2} []
[2025-04-21T15:11:20.152756+02:00] app.ERROR: PHP Error {"message":"Undefined variable $stripeTestMode","file":"C:\\xampp\\htdocs\\FYP\\FYP\\User\\payment\\checkout.php","line":86,"severity":2} []
[2025-04-21T15:11:20.154230+02:00] app.ERROR: PHP Error {"message":"Undefined variable $stripeLivePublishableKey","file":"C:\\xampp\\htdocs\\FYP\\FYP\\User\\payment\\checkout.php","line":86,"severity":2} []
[2025-04-21T15:11:20.991997+02:00] app.INFO: Cart items cleared after payment method selection {"user_id":44,"order_id":"59"} []
[2025-04-21T15:14:00.643272+02:00] app.ERROR: Uncaught Exception {"message":"OrderService::reduceStockAfterPayment(): Argument #1 ($order_id) must be of type int, string given, called in C:\\xampp\\htdocs\\FYP\\FYP\\User\\payment\\process_payment.php on line 134","file":"C:\\xampp\\htdocs\\FYP\\FYP\\User\\app\\services\\OrderService.php","line":342,"trace":"#0 C:\\xampp\\htdocs\\FYP\\FYP\\User\\payment\\process_payment.php(134): OrderService->reduceStockAfterPayment('59')\n#1 {main}"} []
[2025-04-21T15:28:52.064945+02:00] app.ERROR: Uncaught Exception {"message":"OrderService::reduceStockAfterPayment(): Argument #1 ($order_id) must be of type int, string given, called in C:\\xampp\\htdocs\\FYP\\FYP\\User\\payment\\process_payment.php on line 134","file":"C:\\xampp\\htdocs\\FYP\\FYP\\User\\app\\services\\OrderService.php","line":342,"trace":"#0 C:\\xampp\\htdocs\\FYP\\FYP\\User\\payment\\process_payment.php(134): OrderService->reduceStockAfterPayment('59')\n#1 {main}"} []
[2025-04-21T15:29:07.815011+02:00] app.INFO: Add to cart request {"request_id":"cart_68064823c344d8.57771829","user_id":44,"product_id":21,"product_size":"One Size","quantity":1} []
[2025-04-21T15:29:07.817689+02:00] app.INFO: New cart item added {"request_id":"cart_68064823c344d8.57771829","user_id":44,"product_id":21,"product_size":"One Size","quantity":1} []
[2025-04-21T15:29:07.998866+02:00] app.INFO: Add to cart request {"request_id":"cart_68064823f00c50.11520053","user_id":44,"product_id":21,"product_size":"One Size","quantity":1} []
[2025-04-21T15:29:08.001127+02:00] app.INFO: Cart item updated {"request_id":"cart_68064823f00c50.11520053","user_id":44,"cart_id":66,"product_id":21,"new_quantity":2} []
[2025-04-21T15:29:08.199053+02:00] app.INFO: Add to cart request {"request_id":"cart_680648242c9030.28438058","user_id":44,"product_id":21,"product_size":"One Size","quantity":1} []
[2025-04-21T15:29:08.201325+02:00] app.INFO: Cart item updated {"request_id":"cart_680648242c9030.28438058","user_id":44,"cart_id":66,"product_id":21,"new_quantity":3} []
[2025-04-21T15:29:08.353366+02:00] app.INFO: Add to cart request {"request_id":"cart_68064824523960.95743231","user_id":44,"product_id":21,"product_size":"One Size","quantity":1} []
[2025-04-21T15:29:08.355536+02:00] app.INFO: Cart item updated {"request_id":"cart_68064824523960.95743231","user_id":44,"cart_id":66,"product_id":21,"new_quantity":4} []
[2025-04-21T15:29:08.491839+02:00] app.INFO: Add to cart request {"request_id":"cart_6806482474a015.04314690","user_id":44,"product_id":21,"product_size":"One Size","quantity":1} []
[2025-04-21T15:29:08.494887+02:00] app.INFO: Cart item updated {"request_id":"cart_6806482474a015.04314690","user_id":44,"cart_id":66,"product_id":21,"new_quantity":5} []
[2025-04-21T15:29:08.658673+02:00] app.INFO: Add to cart request {"request_id":"cart_680648249d0689.44293692","user_id":44,"product_id":21,"product_size":"One Size","quantity":1} []
[2025-04-21T15:29:08.661305+02:00] app.INFO: Cart item updated {"request_id":"cart_680648249d0689.44293692","user_id":44,"cart_id":66,"product_id":21,"new_quantity":6} []
[2025-04-21T15:29:08.858723+02:00] app.INFO: Add to cart request {"request_id":"cart_68064824cdb4a4.71665192","user_id":44,"product_id":21,"product_size":"One Size","quantity":1} []
[2025-04-21T15:29:08.861299+02:00] app.INFO: Cart item updated {"request_id":"cart_68064824cdb4a4.71665192","user_id":44,"cart_id":66,"product_id":21,"new_quantity":7} []
[2025-04-21T15:29:09.013833+02:00] app.INFO: Add to cart request {"request_id":"cart_68064824f396b1.12762254","user_id":44,"product_id":21,"product_size":"One Size","quantity":1} []
[2025-04-21T15:29:09.016565+02:00] app.INFO: Cart item updated {"request_id":"cart_68064824f396b1.12762254","user_id":44,"cart_id":66,"product_id":21,"new_quantity":8} []
[2025-04-21T15:29:09.293048+02:00] app.INFO: Add to cart request {"request_id":"cart_68064825438087.72432927","user_id":44,"product_id":21,"product_size":"One Size","quantity":1} []
[2025-04-21T15:29:09.295370+02:00] app.INFO: Cart item updated {"request_id":"cart_68064825438087.72432927","user_id":44,"cart_id":66,"product_id":21,"new_quantity":9} []
[2025-04-21T15:29:09.491870+02:00] app.INFO: Add to cart request {"request_id":"cart_68064825742ab7.61317232","user_id":44,"product_id":21,"product_size":"One Size","quantity":1} []
[2025-04-21T15:29:09.493801+02:00] app.ERROR: Add to cart error {"request_id":"cart_68064825742ab7.61317232","error":"Cannot add more items. Limited to 9 items.","user_id":44,"product_id":21,"product_size":"One Size"} []
[2025-04-21T15:29:09.691509+02:00] app.INFO: Add to cart request {"request_id":"cart_68064825a4f181.73407803","user_id":44,"product_id":21,"product_size":"One Size","quantity":1} []
[2025-04-21T15:29:09.693986+02:00] app.ERROR: Add to cart error {"request_id":"cart_68064825a4f181.73407803","error":"Cannot add more items. Limited to 9 items.","user_id":44,"product_id":21,"product_size":"One Size"} []
[2025-04-21T15:29:09.830223+02:00] app.INFO: Add to cart request {"request_id":"cart_68064825ca0b81.69144147","user_id":44,"product_id":21,"product_size":"One Size","quantity":1} []
[2025-04-21T15:29:09.832125+02:00] app.ERROR: Add to cart error {"request_id":"cart_68064825ca0b81.69144147","error":"Cannot add more items. Limited to 9 items.","user_id":44,"product_id":21,"product_size":"One Size"} []
[2025-04-21T15:29:23.454059+02:00] app.INFO: Order created successfully {"user_id":44,"order_id":60,"total_amount":720.0,"items_count":1,"selected_items":1,"request_id":"order_680648336a2a90.96429542"} []
[2025-04-21T15:29:23.513080+02:00] app.ERROR: PHP Error {"message":"Undefined variable $stripeTestMode","file":"C:\\xampp\\htdocs\\FYP\\FYP\\User\\payment\\checkout.php","line":86,"severity":2} []
[2025-04-21T15:29:23.514386+02:00] app.ERROR: PHP Error {"message":"Undefined variable $stripeLivePublishableKey","file":"C:\\xampp\\htdocs\\FYP\\FYP\\User\\payment\\checkout.php","line":86,"severity":2} []
[2025-04-21T15:29:31.500304+02:00] app.ERROR: PHP Error {"message":"Undefined variable $stripeTestMode","file":"C:\\xampp\\htdocs\\FYP\\FYP\\User\\payment\\checkout.php","line":86,"severity":2} []
[2025-04-21T15:29:31.501558+02:00] app.ERROR: PHP Error {"message":"Undefined variable $stripeLivePublishableKey","file":"C:\\xampp\\htdocs\\FYP\\FYP\\User\\payment\\checkout.php","line":86,"severity":2} []
[2025-04-21T15:29:33.330672+02:00] app.INFO: Cart items cleared after payment method selection {"user_id":44,"order_id":"60"} []
[2025-04-21T15:29:45.952328+02:00] app.ERROR: Uncaught Exception {"message":"OrderService::reduceStockAfterPayment(): Argument #1 ($order_id) must be of type int, string given, called in C:\\xampp\\htdocs\\FYP\\FYP\\User\\payment\\process_payment.php on line 134","file":"C:\\xampp\\htdocs\\FYP\\FYP\\User\\app\\services\\OrderService.php","line":342,"trace":"#0 C:\\xampp\\htdocs\\FYP\\FYP\\User\\payment\\process_payment.php(134): OrderService->reduceStockAfterPayment('60')\n#1 {main}"} []
[2025-04-21T15:30:58.858299+02:00] app.ERROR: Uncaught Exception {"message":"OrderService::reduceStockAfterPayment(): Argument #1 ($order_id) must be of type int, string given, called in C:\\xampp\\htdocs\\FYP\\FYP\\User\\payment\\process_payment.php on line 134","file":"C:\\xampp\\htdocs\\FYP\\FYP\\User\\app\\services\\OrderService.php","line":342,"trace":"#0 C:\\xampp\\htdocs\\FYP\\FYP\\User\\payment\\process_payment.php(134): OrderService->reduceStockAfterPayment('60')\n#1 {main}"} []
[2025-04-21T15:33:08.140441+02:00] app.INFO: Add to cart request {"request_id":"cart_680649141e3d00.16110349","user_id":44,"product_id":21,"product_size":"One Size","quantity":1} []
[2025-04-21T15:33:08.144386+02:00] app.INFO: New cart item added {"request_id":"cart_680649141e3d00.16110349","user_id":44,"product_id":21,"product_size":"One Size","quantity":1} []
[2025-04-21T15:33:10.257869+02:00] app.INFO: Add to cart request {"request_id":"cart_680649163aef05.81725925","user_id":44,"product_id":21,"product_size":"One Size","quantity":1} []
[2025-04-21T15:33:10.260210+02:00] app.INFO: Cart item updated {"request_id":"cart_680649163aef05.81725925","user_id":44,"cart_id":67,"product_id":21,"new_quantity":2} []
[2025-04-21T15:33:10.397356+02:00] app.INFO: Add to cart request {"request_id":"cart_680649165d28e3.05699335","user_id":44,"product_id":21,"product_size":"One Size","quantity":1} []
[2025-04-21T15:33:10.400484+02:00] app.INFO: Cart item updated {"request_id":"cart_680649165d28e3.05699335","user_id":44,"cart_id":67,"product_id":21,"new_quantity":3} []
[2025-04-21T15:33:10.660084+02:00] app.INFO: Add to cart request {"request_id":"cart_68064916a07361.45133827","user_id":44,"product_id":21,"product_size":"One Size","quantity":1} []
[2025-04-21T15:33:10.662670+02:00] app.INFO: Cart item updated {"request_id":"cart_68064916a07361.45133827","user_id":44,"cart_id":67,"product_id":21,"new_quantity":4} []
[2025-04-21T15:33:10.844617+02:00] app.INFO: Add to cart request {"request_id":"cart_68064916ca9fe5.49648425","user_id":44,"product_id":21,"product_size":"One Size","quantity":1} []
[2025-04-21T15:33:10.848354+02:00] app.INFO: Cart item updated {"request_id":"cart_68064916ca9fe5.49648425","user_id":44,"cart_id":67,"product_id":21,"new_quantity":5} []
[2025-04-21T15:33:11.033367+02:00] app.INFO: Add to cart request {"request_id":"cart_68064917040339.64111230","user_id":44,"product_id":21,"product_size":"One Size","quantity":1} []
[2025-04-21T15:33:11.035839+02:00] app.INFO: Cart item updated {"request_id":"cart_68064917040339.64111230","user_id":44,"cart_id":67,"product_id":21,"new_quantity":6} []
[2025-04-21T15:33:11.216204+02:00] app.INFO: Add to cart request {"request_id":"cart_6806491730e744.97810974","user_id":44,"product_id":21,"product_size":"One Size","quantity":1} []
[2025-04-21T15:33:11.218516+02:00] app.INFO: Cart item updated {"request_id":"cart_6806491730e744.97810974","user_id":44,"cart_id":67,"product_id":21,"new_quantity":7} []
[2025-04-21T15:33:12.095315+02:00] app.INFO: Add to cart request {"request_id":"cart_68064918133a00.84675787","user_id":44,"product_id":21,"product_size":"One Size","quantity":1} []
[2025-04-21T15:33:12.097697+02:00] app.INFO: Cart item updated {"request_id":"cart_68064918133a00.84675787","user_id":44,"cart_id":67,"product_id":21,"new_quantity":8} []
[2025-04-21T15:33:12.248356+02:00] app.INFO: Add to cart request {"request_id":"cart_6806491838c3e8.36206411","user_id":44,"product_id":21,"product_size":"One Size","quantity":1} []
[2025-04-21T15:33:12.251415+02:00] app.INFO: Cart item updated {"request_id":"cart_6806491838c3e8.36206411","user_id":44,"cart_id":67,"product_id":21,"new_quantity":9} []
[2025-04-21T15:33:12.433121+02:00] app.INFO: Add to cart request {"request_id":"cart_6806491865d5b3.89711735","user_id":44,"product_id":21,"product_size":"One Size","quantity":1} []
[2025-04-21T15:33:12.435464+02:00] app.ERROR: Add to cart error {"request_id":"cart_6806491865d5b3.89711735","error":"Cannot add more items. Limited to 9 items.","user_id":44,"product_id":21,"product_size":"One Size"} []
[2025-04-21T15:33:12.578457+02:00] app.INFO: Add to cart request {"request_id":"cart_680649188c2f33.26370842","user_id":44,"product_id":21,"product_size":"One Size","quantity":1} []
[2025-04-21T15:33:12.580918+02:00] app.ERROR: Add to cart error {"request_id":"cart_680649188c2f33.26370842","error":"Cannot add more items. Limited to 9 items.","user_id":44,"product_id":21,"product_size":"One Size"} []
[2025-04-21T15:33:12.770694+02:00] app.INFO: Add to cart request {"request_id":"cart_68064918b70fe7.64317349","user_id":44,"product_id":21,"product_size":"One Size","quantity":1} []
[2025-04-21T15:33:12.772747+02:00] app.ERROR: Add to cart error {"request_id":"cart_68064918b70fe7.64317349","error":"Cannot add more items. Limited to 9 items.","user_id":44,"product_id":21,"product_size":"One Size"} []
[2025-04-21T15:33:15.710045+02:00] app.INFO: Order created successfully {"user_id":44,"order_id":61,"total_amount":720.0,"items_count":1,"selected_items":1,"request_id":"order_6806491bac80d8.61282568"} []
[2025-04-21T15:33:15.755671+02:00] app.ERROR: PHP Error {"message":"Undefined variable $stripeTestMode","file":"C:\\xampp\\htdocs\\FYP\\FYP\\User\\payment\\checkout.php","line":86,"severity":2} []
[2025-04-21T15:33:15.757119+02:00] app.ERROR: PHP Error {"message":"Undefined variable $stripeLivePublishableKey","file":"C:\\xampp\\htdocs\\FYP\\FYP\\User\\payment\\checkout.php","line":86,"severity":2} []
[2025-04-21T15:33:22.519206+02:00] app.ERROR: PHP Error {"message":"Undefined variable $stripeTestMode","file":"C:\\xampp\\htdocs\\FYP\\FYP\\User\\payment\\checkout.php","line":86,"severity":2} []
[2025-04-21T15:33:22.521103+02:00] app.ERROR: PHP Error {"message":"Undefined variable $stripeLivePublishableKey","file":"C:\\xampp\\htdocs\\FYP\\FYP\\User\\payment\\checkout.php","line":86,"severity":2} []
[2025-04-21T15:33:23.703148+02:00] app.INFO: Cart items cleared after payment method selection {"user_id":44,"order_id":"61"} []
[2025-04-21T15:33:38.618435+02:00] app.ERROR: Uncaught Exception {"message":"OrderService::reduceStockAfterPayment(): Argument #1 ($order_id) must be of type int, string given, called in C:\\xampp\\htdocs\\FYP\\FYP\\User\\payment\\process_payment.php on line 134","file":"C:\\xampp\\htdocs\\FYP\\FYP\\User\\app\\services\\OrderService.php","line":342,"trace":"#0 C:\\xampp\\htdocs\\FYP\\FYP\\User\\payment\\process_payment.php(134): OrderService->reduceStockAfterPayment('61')\n#1 {main}"} []
[2025-04-21T15:34:36.448245+02:00] app.ERROR: Uncaught Exception {"message":"OrderService::reduceStockAfterPayment(): Argument #1 ($order_id) must be of type int, string given, called in C:\\xampp\\htdocs\\FYP\\FYP\\User\\payment\\process_payment.php on line 134","file":"C:\\xampp\\htdocs\\FYP\\FYP\\User\\app\\services\\OrderService.php","line":342,"trace":"#0 C:\\xampp\\htdocs\\FYP\\FYP\\User\\payment\\process_payment.php(134): OrderService->reduceStockAfterPayment('61')\n#1 {main}"} []
[2025-04-21T15:36:46.304846+02:00] app.ERROR: Uncaught Exception {"message":"OrderService::reduceStockAfterPayment(): Argument #1 ($order_id) must be of type int, string given, called in C:\\xampp\\htdocs\\FYP\\FYP\\User\\payment\\process_payment.php on line 134","file":"C:\\xampp\\htdocs\\FYP\\FYP\\User\\app\\services\\OrderService.php","line":342,"trace":"#0 C:\\xampp\\htdocs\\FYP\\FYP\\User\\payment\\process_payment.php(134): OrderService->reduceStockAfterPayment('61')\n#1 {main}"} []
[2025-04-21T15:36:53.278641+02:00] app.ERROR: PHP Error {"message":"Undefined variable $stripeTestMode","file":"C:\\xampp\\htdocs\\FYP\\FYP\\User\\payment\\checkout.php","line":86,"severity":2} []
[2025-04-21T15:36:53.280383+02:00] app.ERROR: PHP Error {"message":"Undefined variable $stripeLivePublishableKey","file":"C:\\xampp\\htdocs\\FYP\\FYP\\User\\payment\\checkout.php","line":86,"severity":2} []
[2025-04-21T15:37:00.906693+02:00] app.INFO: Add to cart request {"request_id":"cart_680649fcd96031.77859309","user_id":44,"product_id":21,"product_size":"One Size","quantity":1} []
[2025-04-21T15:37:00.908946+02:00] app.INFO: New cart item added {"request_id":"cart_680649fcd96031.77859309","user_id":44,"product_id":21,"product_size":"One Size","quantity":1} []
[2025-04-21T15:37:03.795585+02:00] app.INFO: Order created successfully {"user_id":44,"order_id":62,"total_amount":80.0,"items_count":1,"selected_items":1,"request_id":"order_680649ffbdbdd9.54403917"} []
[2025-04-21T15:37:03.869872+02:00] app.ERROR: PHP Error {"message":"Undefined variable $stripeTestMode","file":"C:\\xampp\\htdocs\\FYP\\FYP\\User\\payment\\checkout.php","line":86,"severity":2} []
[2025-04-21T15:37:03.871277+02:00] app.ERROR: PHP Error {"message":"Undefined variable $stripeLivePublishableKey","file":"C:\\xampp\\htdocs\\FYP\\FYP\\User\\payment\\checkout.php","line":86,"severity":2} []
[2025-04-21T15:37:06.284475+02:00] app.ERROR: PHP Error {"message":"Undefined variable $stripeTestMode","file":"C:\\xampp\\htdocs\\FYP\\FYP\\User\\payment\\checkout.php","line":86,"severity":2} []
[2025-04-21T15:37:06.285771+02:00] app.ERROR: PHP Error {"message":"Undefined variable $stripeLivePublishableKey","file":"C:\\xampp\\htdocs\\FYP\\FYP\\User\\payment\\checkout.php","line":86,"severity":2} []
[2025-04-21T15:37:07.152181+02:00] app.INFO: Cart items cleared after payment method selection {"user_id":44,"order_id":"62"} []
[2025-04-21T15:37:27.010078+02:00] app.ERROR: Uncaught Exception {"message":"OrderService::reduceStockAfterPayment(): Argument #1 ($order_id) must be of type int, string given, called in C:\\xampp\\htdocs\\FYP\\FYP\\User\\payment\\process_payment.php on line 134","file":"C:\\xampp\\htdocs\\FYP\\FYP\\User\\app\\services\\OrderService.php","line":342,"trace":"#0 C:\\xampp\\htdocs\\FYP\\FYP\\User\\payment\\process_payment.php(134): OrderService->reduceStockAfterPayment('62')\n#1 {main}"} []
[2025-04-21T15:43:27.193549+02:00] app.ERROR: Uncaught Exception {"message":"OrderService::reduceStockAfterPayment(): Argument #1 ($order_id) must be of type int, string given, called in C:\\xampp\\htdocs\\FYP\\FYP\\User\\payment\\process_payment.php on line 134","file":"C:\\xampp\\htdocs\\FYP\\FYP\\User\\app\\services\\OrderService.php","line":342,"trace":"#0 C:\\xampp\\htdocs\\FYP\\FYP\\User\\payment\\process_payment.php(134): OrderService->reduceStockAfterPayment('62')\n#1 {main}"} []
[2025-04-21T15:49:28.648618+02:00] app.ERROR: Uncaught Exception {"message":"logFailedPayment(): Argument #3 ($amount) must be of type float, string given, called in C:\\xampp\\htdocs\\FYP\\FYP\\User\\payment\\process_payment.php on line 174","file":"C:\\xampp\\htdocs\\FYP\\FYP\\User\\payment\\process_payment.php","line":207,"trace":"#0 C:\\xampp\\htdocs\\FYP\\FYP\\User\\payment\\process_payment.php(174): logFailedPayment(Object(Database), '62', '80.00', 'You cannot use ...', 'api_error')\n#1 {main}"} []
[2025-04-21T15:49:38.497139+02:00] app.INFO: Add to cart request {"request_id":"cart_68064cf2786e94.51719899","user_id":44,"product_id":21,"product_size":"One Size","quantity":1} []
[2025-04-21T15:49:38.499112+02:00] app.INFO: New cart item added {"request_id":"cart_68064cf2786e94.51719899","user_id":44,"product_id":21,"product_size":"One Size","quantity":1} []
[2025-04-21T15:49:41.660477+02:00] app.INFO: Order created successfully {"user_id":44,"order_id":63,"total_amount":80.0,"items_count":1,"selected_items":1,"request_id":"order_68064cf59cffa5.55465248"} []
[2025-04-21T15:51:32.999409+02:00] app.INFO: Order created successfully {"user_id":44,"order_id":64,"total_amount":80.0,"items_count":1,"selected_items":1,"request_id":"order_68064d64efd674.44953214"} []
[2025-04-21T15:51:35.591109+02:00] app.INFO: Cart items cleared after payment method selection {"user_id":44,"order_id":"64"} []
[2025-04-21T15:51:46.081694+02:00] app.ERROR: PHP Error {"message":"Undefined variable $stripeSecretKey","file":"C:\\xampp\\htdocs\\FYP\\FYP\\User\\app\\services\\OrderService.php","line":419,"severity":2} []
[2025-04-21T15:57:13.440911+02:00] app.INFO: Add to cart request {"request_id":"cart_68064eb96818b8.35004930","user_id":44,"product_id":21,"product_size":"One Size","quantity":1} []
[2025-04-21T15:57:13.443876+02:00] app.INFO: New cart item added {"request_id":"cart_68064eb96818b8.35004930","user_id":44,"product_id":21,"product_size":"One Size","quantity":1} []
[2025-04-21T15:57:13.659388+02:00] app.INFO: Add to cart request {"request_id":"cart_68064eb99d3938.11345481","user_id":44,"product_id":21,"product_size":"One Size","quantity":1} []
[2025-04-21T15:57:13.661597+02:00] app.INFO: Cart item updated {"request_id":"cart_68064eb99d3938.11345481","user_id":44,"cart_id":70,"product_id":21,"new_quantity":2} []
[2025-04-21T15:57:13.860212+02:00] app.INFO: Add to cart request {"request_id":"cart_68064eb9ce2ac5.82632434","user_id":44,"product_id":21,"product_size":"One Size","quantity":1} []
[2025-04-21T15:57:13.862700+02:00] app.INFO: Cart item updated {"request_id":"cart_68064eb9ce2ac5.82632434","user_id":44,"cart_id":70,"product_id":21,"new_quantity":3} []
[2025-04-21T15:57:14.013679+02:00] app.INFO: Add to cart request {"request_id":"cart_68064eb9f37140.34030888","user_id":44,"product_id":21,"product_size":"One Size","quantity":1} []
[2025-04-21T15:57:14.016174+02:00] app.INFO: Cart item updated {"request_id":"cart_68064eb9f37140.34030888","user_id":44,"cart_id":70,"product_id":21,"new_quantity":4} []
[2025-04-21T15:57:14.135444+02:00] app.INFO: Add to cart request {"request_id":"cart_68064eba1d3f97.21922225","user_id":44,"product_id":21,"product_size":"One Size","quantity":1} []
[2025-04-21T15:57:14.137400+02:00] app.INFO: Cart item updated {"request_id":"cart_68064eba1d3f97.21922225","user_id":44,"cart_id":70,"product_id":21,"new_quantity":5} []
[2025-04-21T15:57:14.351554+02:00] app.INFO: Add to cart request {"request_id":"cart_68064eba51e138.52985244","user_id":44,"product_id":21,"product_size":"One Size","quantity":1} []
[2025-04-21T15:57:14.353613+02:00] app.INFO: Cart item updated {"request_id":"cart_68064eba51e138.52985244","user_id":44,"cart_id":70,"product_id":21,"new_quantity":6} []
[2025-04-21T15:57:14.583414+02:00] app.INFO: Add to cart request {"request_id":"cart_68064eba8a8030.88448855","user_id":44,"product_id":21,"product_size":"One Size","quantity":1} []
[2025-04-21T15:57:14.585593+02:00] app.INFO: Cart item updated {"request_id":"cart_68064eba8a8030.88448855","user_id":44,"cart_id":70,"product_id":21,"new_quantity":7} []
[2025-04-21T15:57:14.844267+02:00] app.INFO: Add to cart request {"request_id":"cart_68064ebaca6974.10688727","user_id":44,"product_id":21,"product_size":"One Size","quantity":1} []
[2025-04-21T15:57:14.846152+02:00] app.INFO: Cart item updated {"request_id":"cart_68064ebaca6974.10688727","user_id":44,"cart_id":70,"product_id":21,"new_quantity":8} []
[2025-04-21T15:57:14.995430+02:00] app.INFO: Add to cart request {"request_id":"cart_68064ebaefcc49.99397588","user_id":44,"product_id":21,"product_size":"One Size","quantity":1} []
[2025-04-21T15:57:14.997419+02:00] app.INFO: Cart item updated {"request_id":"cart_68064ebaefcc49.99397588","user_id":44,"cart_id":70,"product_id":21,"new_quantity":9} []
[2025-04-21T15:57:15.180733+02:00] app.INFO: Add to cart request {"request_id":"cart_68064ebb284160.65836344","user_id":44,"product_id":21,"product_size":"One Size","quantity":1} []
[2025-04-21T15:57:15.182740+02:00] app.ERROR: Add to cart error {"request_id":"cart_68064ebb284160.65836344","error":"Cannot add more items. Limited to 9 items.","user_id":44,"product_id":21,"product_size":"One Size"} []
[2025-04-21T15:57:20.968287+02:00] app.INFO: Order created successfully {"user_id":44,"order_id":65,"total_amount":720.0,"items_count":1,"selected_items":1,"request_id":"order_68064ec0e81fd9.91501049"} []
[2025-04-21T15:57:24.220864+02:00] app.INFO: Cart items cleared after payment method selection {"user_id":44,"order_id":"65"} []
[2025-04-21T15:57:38.992321+02:00] app.ERROR: PHP Error {"message":"Undefined variable $stripeSecretKey","file":"C:\\xampp\\htdocs\\FYP\\FYP\\User\\app\\services\\OrderService.php","line":419,"severity":2} []
[2025-04-21T15:59:46.298614+02:00] app.INFO: Add to cart request {"request_id":"cart_68064f52451e53.39254498","user_id":44,"product_id":21,"product_size":"One Size","quantity":1} []
[2025-04-21T15:59:46.300697+02:00] app.INFO: New cart item added {"request_id":"cart_68064f52451e53.39254498","user_id":44,"product_id":21,"product_size":"One Size","quantity":1} []
[2025-04-21T15:59:46.483493+02:00] app.INFO: Add to cart request {"request_id":"cart_68064f527223a4.09239490","user_id":44,"product_id":21,"product_size":"One Size","quantity":1} []
[2025-04-21T15:59:46.485360+02:00] app.INFO: Cart item updated {"request_id":"cart_68064f527223a4.09239490","user_id":44,"cart_id":71,"product_id":21,"new_quantity":2} []
[2025-04-21T15:59:46.668425+02:00] app.INFO: Add to cart request {"request_id":"cart_68064f529f3379.84609778","user_id":44,"product_id":21,"product_size":"One Size","quantity":1} []
[2025-04-21T15:59:46.670645+02:00] app.INFO: Cart item updated {"request_id":"cart_68064f529f3379.84609778","user_id":44,"cart_id":71,"product_id":21,"new_quantity":3} []
[2025-04-21T15:59:46.807159+02:00] app.INFO: Add to cart request {"request_id":"cart_68064f52c12e22.54178576","user_id":44,"product_id":21,"product_size":"One Size","quantity":1} []
[2025-04-21T15:59:46.810478+02:00] app.INFO: Cart item updated {"request_id":"cart_68064f52c12e22.54178576","user_id":44,"cart_id":71,"product_id":21,"new_quantity":4} []
[2025-04-21T15:59:47.008609+02:00] app.INFO: Add to cart request {"request_id":"cart_68064f52f22622.80448162","user_id":44,"product_id":21,"product_size":"One Size","quantity":1} []
[2025-04-21T15:59:47.011404+02:00] app.INFO: Cart item updated {"request_id":"cart_68064f52f22622.80448162","user_id":44,"cart_id":71,"product_id":21,"new_quantity":5} []
[2025-04-21T15:59:48.456464+02:00] app.INFO: Add to cart request {"request_id":"cart_68064f546b7360.30560261","user_id":44,"product_id":21,"product_size":"One Size","quantity":1} []
[2025-04-21T15:59:48.458581+02:00] app.INFO: Cart item updated {"request_id":"cart_68064f546b7360.30560261","user_id":44,"cart_id":71,"product_id":21,"new_quantity":6} []
[2025-04-21T15:59:48.640655+02:00] app.INFO: Add to cart request {"request_id":"cart_68064f54989200.01520364","user_id":44,"product_id":21,"product_size":"One Size","quantity":1} []
[2025-04-21T15:59:48.642695+02:00] app.INFO: Cart item updated {"request_id":"cart_68064f54989200.01520364","user_id":44,"cart_id":71,"product_id":21,"new_quantity":7} []
[2025-04-21T15:59:48.793969+02:00] app.INFO: Add to cart request {"request_id":"cart_68064f54bdc6b7.46378914","user_id":44,"product_id":21,"product_size":"One Size","quantity":1} []
[2025-04-21T15:59:48.796133+02:00] app.INFO: Cart item updated {"request_id":"cart_68064f54bdc6b7.46378914","user_id":44,"cart_id":71,"product_id":21,"new_quantity":8} []
[2025-04-21T15:59:49.225687+02:00] app.INFO: Add to cart request {"request_id":"cart_68064f55363ea3.33822689","user_id":44,"product_id":21,"product_size":"One Size","quantity":1} []
[2025-04-21T15:59:49.227522+02:00] app.INFO: Cart item updated {"request_id":"cart_68064f55363ea3.33822689","user_id":44,"cart_id":71,"product_id":21,"new_quantity":9} []
[2025-04-21T15:59:49.422326+02:00] app.INFO: Add to cart request {"request_id":"cart_68064f556358d6.44071265","user_id":44,"product_id":21,"product_size":"One Size","quantity":1} []
[2025-04-21T15:59:49.424217+02:00] app.ERROR: Add to cart error {"request_id":"cart_68064f556358d6.44071265","error":"Cannot add more items. Limited to 9 items.","user_id":44,"product_id":21,"product_size":"One Size"} []
[2025-04-21T15:59:49.592486+02:00] app.INFO: Add to cart request {"request_id":"cart_68064f558ca8c1.02058016","user_id":44,"product_id":21,"product_size":"One Size","quantity":1} []
[2025-04-21T15:59:49.594986+02:00] app.ERROR: Add to cart error {"request_id":"cart_68064f558ca8c1.02058016","error":"Cannot add more items. Limited to 9 items.","user_id":44,"product_id":21,"product_size":"One Size"} []
[2025-04-21T15:59:49.807650+02:00] app.INFO: Add to cart request {"request_id":"cart_68064f55c13c23.87048968","user_id":44,"product_id":21,"product_size":"One Size","quantity":1} []
[2025-04-21T15:59:49.809673+02:00] app.ERROR: Add to cart error {"request_id":"cart_68064f55c13c23.87048968","error":"Cannot add more items. Limited to 9 items.","user_id":44,"product_id":21,"product_size":"One Size"} []
[2025-04-21T16:03:50.044326+02:00] app.INFO: Order created successfully {"user_id":44,"order_id":66,"total_amount":720.0,"items_count":1,"selected_items":1,"request_id":"order_680650460a3094.02934674"} []
[2025-04-21T16:03:53.392780+02:00] app.INFO: Cart items cleared after payment method selection {"user_id":44,"order_id":"66"} []
[2025-04-21T16:04:09.277656+02:00] app.ERROR: PHP Error {"message":"Undefined variable $stripeSecretKey","file":"C:\\xampp\\htdocs\\FYP\\FYP\\User\\app\\services\\OrderService.php","line":419,"severity":2} []
[2025-04-21T16:04:50.418479+02:00] app.INFO: Add to cart request {"request_id":"cart_680650825e0476.79143853","user_id":44,"product_id":21,"product_size":"One Size","quantity":1} []
[2025-04-21T16:04:50.425533+02:00] app.INFO: New cart item added {"request_id":"cart_680650825e0476.79143853","user_id":44,"product_id":21,"product_size":"One Size","quantity":1} []
[2025-04-21T16:04:51.680655+02:00] app.INFO: Add to cart request {"request_id":"cart_68065083a23ad8.11427383","user_id":44,"product_id":21,"product_size":"One Size","quantity":1} []
[2025-04-21T16:04:51.683593+02:00] app.INFO: Cart item updated {"request_id":"cart_68065083a23ad8.11427383","user_id":44,"cart_id":72,"product_id":21,"new_quantity":2} []
[2025-04-21T16:07:02.285323+02:00] app.ERROR: Cart update error {"user_id":44,"cart_id":72,"quantity":10,"error":"Cannot update quantity. Only 9 items in stock."} []
[2025-04-21T16:07:05.659546+02:00] app.ERROR: Cart update error {"user_id":44,"cart_id":72,"quantity":10,"error":"Cannot update quantity. Only 9 items in stock."} []
[2025-04-21T16:07:07.901085+02:00] app.INFO: Order created successfully {"user_id":44,"order_id":67,"total_amount":720.0,"items_count":1,"selected_items":1,"request_id":"order_6806510bd79d40.45609252"} []
[2025-04-21T17:20:23.167360+02:00] app.INFO: Cart items cleared after payment method selection {"user_id":44,"order_id":"57"} []
[2025-04-21T17:20:38.092623+02:00] app.ERROR: PHP Error {"message":"Undefined variable $stripeSecretKey","file":"C:\\xampp\\htdocs\\FYP\\FYP\\User\\app\\services\\OrderService.php","line":470,"severity":2} []
[2025-04-21T17:21:00.000108+02:00] app.INFO: Add to cart request {"request_id":"cart_6806625bf02d59.58380267","user_id":44,"product_id":21,"product_size":"One Size","quantity":9} []
[2025-04-21T17:21:00.002362+02:00] app.INFO: New cart item added {"request_id":"cart_6806625bf02d59.58380267","user_id":44,"product_id":21,"product_size":"One Size","quantity":9} []
[2025-04-21T17:21:07.444745+02:00] app.INFO: Order created successfully {"user_id":44,"order_id":68,"total_amount":720.0,"items_count":1,"selected_items":1,"request_id":"order_68066263688d94.19282817"} []
[2025-04-21T17:21:10.418353+02:00] app.INFO: Cart items cleared after payment method selection {"user_id":44,"order_id":"68"} []
[2025-04-21T17:21:23.824830+02:00] app.ERROR: PHP Error {"message":"Undefined variable $stripeSecretKey","file":"C:\\xampp\\htdocs\\FYP\\FYP\\User\\app\\services\\OrderService.php","line":470,"severity":2} []
[2025-04-21T17:21:33.290156+02:00] app.INFO: Add to cart request {"request_id":"cart_6806627d42ea78.47990505","user_id":44,"product_id":21,"product_size":"One Size","quantity":1} []
[2025-04-21T17:21:33.292636+02:00] app.INFO: New cart item added {"request_id":"cart_6806627d42ea78.47990505","user_id":44,"product_id":21,"product_size":"One Size","quantity":1} []
[2025-04-21T17:21:47.306628+02:00] app.INFO: Add to cart request {"request_id":"cart_6806628b437628.20169449","user_id":44,"product_id":20,"product_size":"UK5","quantity":1} []
[2025-04-21T17:21:47.309694+02:00] app.INFO: New cart item added {"request_id":"cart_6806628b437628.20169449","user_id":44,"product_id":20,"product_size":"UK5","quantity":1} []
[2025-04-21T17:21:47.538628+02:00] app.INFO: Add to cart request {"request_id":"cart_6806628b7f6fd8.12377062","user_id":44,"product_id":20,"product_size":"UK5","quantity":1} []
[2025-04-21T17:21:47.542708+02:00] app.INFO: Cart item updated {"request_id":"cart_6806628b7f6fd8.12377062","user_id":44,"cart_id":75,"product_id":20,"new_quantity":2} []
[2025-04-21T17:21:47.769032+02:00] app.INFO: Add to cart request {"request_id":"cart_6806628bb7b823.57885217","user_id":44,"product_id":20,"product_size":"UK5","quantity":1} []
[2025-04-21T17:21:47.771555+02:00] app.INFO: Cart item updated {"request_id":"cart_6806628bb7b823.57885217","user_id":44,"cart_id":75,"product_id":20,"new_quantity":3} []
[2025-04-21T17:21:47.953122+02:00] app.INFO: Add to cart request {"request_id":"cart_6806628be4da87.03635227","user_id":44,"product_id":20,"product_size":"UK5","quantity":1} []
[2025-04-21T17:21:47.955473+02:00] app.INFO: Cart item updated {"request_id":"cart_6806628be4da87.03635227","user_id":44,"cart_id":75,"product_id":20,"new_quantity":4} []
[2025-04-21T17:21:56.282672+02:00] app.INFO: Add to cart request {"request_id":"cart_68066294442ce4.61876508","user_id":44,"product_id":6,"product_size":"UK9","quantity":1} []
[2025-04-21T17:21:56.285206+02:00] app.INFO: New cart item added {"request_id":"cart_68066294442ce4.61876508","user_id":44,"product_id":6,"product_size":"UK9","quantity":1} []
[2025-04-21T17:22:17.392785+02:00] app.INFO: Removing cart item {"user_id":44,"cart_id":74} []
[2025-04-21T17:22:19.410660+02:00] app.INFO: Removing cart item {"user_id":44,"cart_id":76} []
[2025-04-21T17:22:21.309907+02:00] app.INFO: Removing cart item {"user_id":44,"cart_id":75} []
[2025-04-21T17:22:23.336361+02:00] app.ERROR: Uncaught Exception {"message":"number_format(): Argument #1 ($num) must be of type float, string given","file":"C:\\xampp\\htdocs\\FYP\\FYP\\User\\order\\track_order.php","line":74,"trace":"#0 C:\\xampp\\htdocs\\FYP\\FYP\\User\\order\\track_order.php(74): number_format('720.00', 2)\n#1 C:\\xampp\\htdocs\\FYP\\FYP\\User\\order\\track_order.php(586): formatPrice('720.00')\n#2 {main}"} []
[2025-04-21T17:22:32.967720+02:00] app.INFO: Add to cart request {"request_id":"cart_680662b8e85cb6.63102771","user_id":44,"product_id":21,"product_size":"One Size","quantity":1} []
[2025-04-21T17:22:32.970195+02:00] app.INFO: New cart item added {"request_id":"cart_680662b8e85cb6.63102771","user_id":44,"product_id":21,"product_size":"One Size","quantity":1} []
[2025-04-21T17:22:36.202784+02:00] app.INFO: Order created successfully {"user_id":44,"order_id":69,"total_amount":80.0,"items_count":1,"selected_items":1,"request_id":"order_680662bc2cfbe0.90998714"} []
[2025-04-21T17:29:19.514683+02:00] app.INFO: Order created successfully {"user_id":44,"order_id":70,"total_amount":720.0,"items_count":1,"selected_items":1,"request_id":"order_6806644f79ae10.12304408"} []
[2025-04-21T17:29:22.130055+02:00] app.INFO: Cart items cleared after payment method selection {"user_id":44,"order_id":"70"} []
[2025-04-21T17:29:34.369873+02:00] app.ERROR: PHP Error {"message":"Undefined variable $stripeSecretKey","file":"C:\\xampp\\htdocs\\FYP\\FYP\\User\\app\\services\\OrderService.php","line":447,"severity":2} []
[2025-04-21T17:29:34.463382+02:00] app.ERROR: Uncaught Exception {"message":"number_format(): Argument #1 ($num) must be of type float, string given","file":"C:\\xampp\\htdocs\\FYP\\FYP\\User\\payment\\success.php","line":226,"trace":"#0 C:\\xampp\\htdocs\\FYP\\FYP\\User\\payment\\success.php(226): number_format('720.00', 2)\n#1 {main}"} []
[2025-04-21T17:29:48.718676+02:00] app.INFO: Add to cart request {"request_id":"cart_6806646cab8266.62264320","user_id":44,"product_id":21,"product_size":"One Size","quantity":1} []
[2025-04-21T17:29:48.721304+02:00] app.INFO: New cart item added {"request_id":"cart_6806646cab8266.62264320","user_id":44,"product_id":21,"product_size":"One Size","quantity":1} []
[2025-04-21T17:30:26.662938+02:00] app.INFO: Removing cart item {"user_id":44,"cart_id":78} []
[2025-04-21T17:35:02.546083+02:00] app.INFO: Add to cart request {"request_id":"cart_680665a67de636.79532859","user_id":44,"product_id":20,"product_size":"UK5","quantity":1} []
[2025-04-21T17:35:02.549098+02:00] app.INFO: New cart item added {"request_id":"cart_680665a67de636.79532859","user_id":44,"product_id":20,"product_size":"UK5","quantity":1} []
[2025-04-21T17:35:08.899734+02:00] app.INFO: Order created successfully {"user_id":44,"order_id":71,"total_amount":100.0,"items_count":1,"selected_items":1,"request_id":"order_680665acd79b56.07777885"} []
[2025-04-21T17:35:15.507583+02:00] app.INFO: Cart items cleared after payment method selection {"user_id":44,"order_id":"71"} []
[2025-04-21T17:42:53.347682+02:00] app.INFO: Add to cart request {"request_id":"cart_6806677d50f170.57354171","user_id":44,"product_id":21,"product_size":"One Size","quantity":1} []
[2025-04-21T17:42:53.351192+02:00] app.INFO: New cart item added {"request_id":"cart_6806677d50f170.57354171","user_id":44,"product_id":21,"product_size":"One Size","quantity":1} []
[2025-04-21T17:43:11.644107+02:00] app.INFO: Order created successfully {"user_id":44,"order_id":72,"total_amount":80.0,"items_count":1,"selected_items":1,"request_id":"order_6806678f9c8c24.14826257"} []
[2025-04-21T17:43:15.422044+02:00] app.INFO: Cart items cleared after payment method selection {"user_id":44,"order_id":"72"} []
[2025-04-21T17:43:45.186074+02:00] app.ERROR: PHP Error {"message":"Undefined variable $stripeSecretKey","file":"C:\\xampp\\htdocs\\FYP\\FYP\\User\\app\\services\\OrderService.php","line":448,"severity":2} []
[2025-04-21T17:43:45.819995+02:00] app.ERROR: PHP Error {"message":"Undefined variable $stripeSecretKey","file":"C:\\xampp\\htdocs\\FYP\\FYP\\User\\app\\services\\OrderService.php","line":448,"severity":2} []
[2025-04-21T17:48:23.688063+02:00] app.INFO: Add to cart request {"request_id":"cart_680668c7a6ce26.06928965","user_id":44,"product_id":21,"product_size":"One Size","quantity":1} []
[2025-04-21T17:48:23.691654+02:00] app.INFO: New cart item added {"request_id":"cart_680668c7a6ce26.06928965","user_id":44,"product_id":21,"product_size":"One Size","quantity":1} []
[2025-04-21T17:48:26.070332+02:00] app.INFO: Add to cart request {"request_id":"cart_680668ca0d4698.06200478","user_id":44,"product_id":21,"product_size":"One Size","quantity":1} []
[2025-04-21T17:48:26.072598+02:00] app.INFO: Cart item updated {"request_id":"cart_680668ca0d4698.06200478","user_id":44,"cart_id":81,"product_id":21,"new_quantity":2} []
[2025-04-21T17:48:26.240905+02:00] app.INFO: Add to cart request {"request_id":"cart_680668ca36cc32.74944204","user_id":44,"product_id":21,"product_size":"One Size","quantity":1} []
[2025-04-21T17:48:26.243338+02:00] app.INFO: Cart item updated {"request_id":"cart_680668ca36cc32.74944204","user_id":44,"cart_id":81,"product_id":21,"new_quantity":3} []
[2025-04-21T17:48:26.366325+02:00] app.INFO: Add to cart request {"request_id":"cart_680668ca58cf23.43686663","user_id":44,"product_id":21,"product_size":"One Size","quantity":1} []
[2025-04-21T17:48:26.368637+02:00] app.INFO: Cart item updated {"request_id":"cart_680668ca58cf23.43686663","user_id":44,"cart_id":81,"product_id":21,"new_quantity":4} []
[2025-04-21T17:48:26.583947+02:00] app.INFO: Add to cart request {"request_id":"cart_680668ca8df803.13061348","user_id":44,"product_id":21,"product_size":"One Size","quantity":1} []
[2025-04-21T17:48:26.586366+02:00] app.INFO: Cart item updated {"request_id":"cart_680668ca8df803.13061348","user_id":44,"cart_id":81,"product_id":21,"new_quantity":5} []
[2025-04-21T17:48:26.751623+02:00] app.INFO: Add to cart request {"request_id":"cart_680668cab386b2.90320555","user_id":44,"product_id":21,"product_size":"One Size","quantity":1} []
[2025-04-21T17:48:26.754267+02:00] app.INFO: Cart item updated {"request_id":"cart_680668cab386b2.90320555","user_id":44,"cart_id":81,"product_id":21,"new_quantity":6} []
[2025-04-21T17:48:26.935536+02:00] app.INFO: Add to cart request {"request_id":"cart_680668cae08d08.89421357","user_id":44,"product_id":21,"product_size":"One Size","quantity":1} []
[2025-04-21T17:48:26.938625+02:00] app.INFO: Cart item updated {"request_id":"cart_680668cae08d08.89421357","user_id":44,"cart_id":81,"product_id":21,"new_quantity":7} []
[2025-04-21T17:48:27.120758+02:00] app.INFO: Add to cart request {"request_id":"cart_680668cb1987c7.63162563","user_id":44,"product_id":21,"product_size":"One Size","quantity":1} []
[2025-04-21T17:48:27.123182+02:00] app.INFO: Cart item updated {"request_id":"cart_680668cb1987c7.63162563","user_id":44,"cart_id":81,"product_id":21,"new_quantity":8} []
[2025-04-21T17:48:27.277349+02:00] app.INFO: Add to cart request {"request_id":"cart_680668cb42dde2.49270089","user_id":44,"product_id":21,"product_size":"One Size","quantity":1} []
[2025-04-21T17:48:27.281674+02:00] app.INFO: Cart item updated {"request_id":"cart_680668cb42dde2.49270089","user_id":44,"cart_id":81,"product_id":21,"new_quantity":9} []
[2025-04-21T17:48:27.443975+02:00] app.INFO: Add to cart request {"request_id":"cart_680668cb686c29.46540154","user_id":44,"product_id":21,"product_size":"One Size","quantity":1} []
[2025-04-21T17:48:27.445917+02:00] app.ERROR: Add to cart error {"request_id":"cart_680668cb686c29.46540154","error":"Cannot add more items. Limited to 9 items.","user_id":44,"product_id":21,"product_size":"One Size"} []
[2025-04-21T17:48:27.614410+02:00] app.INFO: Add to cart request {"request_id":"cart_680668cb9582c9.12823938","user_id":44,"product_id":21,"product_size":"One Size","quantity":1} []
[2025-04-21T17:48:27.616536+02:00] app.ERROR: Add to cart error {"request_id":"cart_680668cb9582c9.12823938","error":"Cannot add more items. Limited to 9 items.","user_id":44,"product_id":21,"product_size":"One Size"} []
[2025-04-21T17:48:27.766711+02:00] app.INFO: Add to cart request {"request_id":"cart_680668cbb575e9.55238914","user_id":44,"product_id":21,"product_size":"One Size","quantity":1} []
[2025-04-21T17:48:27.770137+02:00] app.ERROR: Add to cart error {"request_id":"cart_680668cbb575e9.55238914","error":"Cannot add more items. Limited to 9 items.","user_id":44,"product_id":21,"product_size":"One Size"} []
[2025-04-21T17:52:51.076321+02:00] app.INFO: Add to cart request {"request_id":"cart_680669d30b0c85.97436225","user_id":44,"product_id":20,"product_size":"UK5","quantity":1} []
[2025-04-21T17:52:51.078850+02:00] app.INFO: New cart item added {"request_id":"cart_680669d30b0c85.97436225","user_id":44,"product_id":20,"product_size":"UK5","quantity":1} []
[2025-04-21T17:52:59.943944+02:00] app.INFO: Order created successfully {"user_id":44,"order_id":73,"total_amount":600.0,"items_count":1,"selected_items":1,"request_id":"order_680669dbe25929.36541024"} []
[2025-04-21T17:53:04.060016+02:00] app.INFO: Cart items cleared after payment method selection {"user_id":44,"order_id":"73"} []
[2025-04-21T17:54:09.614528+02:00] app.ERROR: PHP Error {"message":"Undefined variable $stripeSecretKey","file":"C:\\xampp\\htdocs\\FYP\\FYP\\User\\app\\services\\OrderService.php","line":448,"severity":2} []
[2025-04-21T17:54:10.116079+02:00] app.ERROR: PHP Error {"message":"Undefined variable $stripeSecretKey","file":"C:\\xampp\\htdocs\\FYP\\FYP\\User\\app\\services\\OrderService.php","line":448,"severity":2} []
[2025-04-21T17:54:15.782875+02:00] app.INFO: Removing cart item {"user_id":44,"cart_id":81} []
[2025-04-21T17:55:38.782005+02:00] app.INFO: Add to cart request {"request_id":"cart_68066a7abdf122.61063543","user_id":44,"product_id":20,"product_size":"UK5","quantity":1} []
[2025-04-21T17:55:38.784856+02:00] app.INFO: New cart item added {"request_id":"cart_68066a7abdf122.61063543","user_id":44,"product_id":20,"product_size":"UK5","quantity":1} []
[2025-04-21T17:55:40.853015+02:00] app.INFO: Add to cart request {"request_id":"cart_68066a7cc87b07.46664717","user_id":44,"product_id":20,"product_size":"UK5","quantity":1} []
[2025-04-21T17:55:40.855319+02:00] app.INFO: Cart item updated {"request_id":"cart_68066a7cc87b07.46664717","user_id":44,"cart_id":83,"product_id":20,"new_quantity":2} []
[2025-04-21T17:55:41.222719+02:00] app.INFO: Add to cart request {"request_id":"cart_68066a7d328438.96826978","user_id":44,"product_id":20,"product_size":"UK5","quantity":1} []
[2025-04-21T17:55:41.225589+02:00] app.INFO: Cart item updated {"request_id":"cart_68066a7d328438.96826978","user_id":44,"cart_id":83,"product_id":20,"new_quantity":3} []
[2025-04-21T17:55:41.423758+02:00] app.INFO: Add to cart request {"request_id":"cart_68066a7d639747.57628942","user_id":44,"product_id":20,"product_size":"UK5","quantity":1} []
[2025-04-21T17:55:41.426148+02:00] app.INFO: Cart item updated {"request_id":"cart_68066a7d639747.57628942","user_id":44,"cart_id":83,"product_id":20,"new_quantity":4} []
[2025-04-21T17:55:41.583172+02:00] app.INFO: Add to cart request {"request_id":"cart_68066a7d8dd7a7.04128161","user_id":44,"product_id":20,"product_size":"UK5","quantity":1} []
[2025-04-21T17:55:41.585350+02:00] app.INFO: Cart item updated {"request_id":"cart_68066a7d8dd7a7.04128161","user_id":44,"cart_id":83,"product_id":20,"new_quantity":5} []
[2025-04-21T17:55:41.764439+02:00] app.INFO: Add to cart request {"request_id":"cart_68066a7db6f570.50199179","user_id":44,"product_id":20,"product_size":"UK5","quantity":1} []
[2025-04-21T17:55:41.766724+02:00] app.INFO: Cart item updated {"request_id":"cart_68066a7db6f570.50199179","user_id":44,"cart_id":83,"product_id":20,"new_quantity":6} []
[2025-04-21T17:55:41.949417+02:00] app.INFO: Add to cart request {"request_id":"cart_68066a7de3fcc2.50476610","user_id":44,"product_id":20,"product_size":"UK5","quantity":1} []
[2025-04-21T17:55:41.951318+02:00] app.INFO: Cart item updated {"request_id":"cart_68066a7de3fcc2.50476610","user_id":44,"cart_id":83,"product_id":20,"new_quantity":7} []
[2025-04-21T17:55:42.133903+02:00] app.INFO: Add to cart request {"request_id":"cart_68066a7e1c9b50.54332072","user_id":44,"product_id":20,"product_size":"UK5","quantity":1} []
[2025-04-21T17:55:42.135921+02:00] app.INFO: Cart item updated {"request_id":"cart_68066a7e1c9b50.54332072","user_id":44,"cart_id":83,"product_id":20,"new_quantity":8} []
[2025-04-21T17:55:42.272889+02:00] app.INFO: Add to cart request {"request_id":"cart_68066a7e3ea682.21963271","user_id":44,"product_id":20,"product_size":"UK5","quantity":1} []
[2025-04-21T17:55:42.275317+02:00] app.INFO: Cart item updated {"request_id":"cart_68066a7e3ea682.21963271","user_id":44,"cart_id":83,"product_id":20,"new_quantity":9} []
[2025-04-21T17:55:42.441410+02:00] app.INFO: Add to cart request {"request_id":"cart_68066a7e67d1e8.01660172","user_id":44,"product_id":20,"product_size":"UK5","quantity":1} []
[2025-04-21T17:55:42.444500+02:00] app.INFO: Cart item updated {"request_id":"cart_68066a7e67d1e8.01660172","user_id":44,"cart_id":83,"product_id":20,"new_quantity":10} []
[2025-04-21T17:55:43.301599+02:00] app.INFO: Add to cart request {"request_id":"cart_68066a7f45c9c4.63532983","user_id":44,"product_id":20,"product_size":"UK5","quantity":1} []
[2025-04-21T17:55:43.304029+02:00] app.INFO: Cart item updated {"request_id":"cart_68066a7f45c9c4.63532983","user_id":44,"cart_id":83,"product_id":20,"new_quantity":11} []
[2025-04-21T17:55:43.514943+02:00] app.INFO: Add to cart request {"request_id":"cart_68066a7f79c4b4.73656889","user_id":44,"product_id":20,"product_size":"UK5","quantity":1} []
[2025-04-21T17:55:43.516922+02:00] app.INFO: Cart item updated {"request_id":"cart_68066a7f79c4b4.73656889","user_id":44,"cart_id":83,"product_id":20,"new_quantity":12} []
[2025-04-21T17:55:43.683916+02:00] app.INFO: Add to cart request {"request_id":"cart_68066a7fa327c2.40374864","user_id":44,"product_id":20,"product_size":"UK5","quantity":1} []
[2025-04-21T17:55:43.685975+02:00] app.INFO: Cart item updated {"request_id":"cart_68066a7fa327c2.40374864","user_id":44,"cart_id":83,"product_id":20,"new_quantity":13} []
[2025-04-21T17:55:43.852331+02:00] app.INFO: Add to cart request {"request_id":"cart_68066a7fcc2b45.63885993","user_id":44,"product_id":20,"product_size":"UK5","quantity":1} []
[2025-04-21T17:55:43.854436+02:00] app.INFO: Cart item updated {"request_id":"cart_68066a7fcc2b45.63885993","user_id":44,"cart_id":83,"product_id":20,"new_quantity":14} []
[2025-04-21T17:55:48.825492+02:00] app.INFO: Add to cart request {"request_id":"cart_68066a84c581b9.69897173","user_id":44,"product_id":20,"product_size":"UK5","quantity":99} []
[2025-04-21T17:55:48.827666+02:00] app.ERROR: Add to cart error {"request_id":"cart_68066a84c581b9.69897173","error":"Cannot add more items. Limited to 99 items.","user_id":44,"product_id":20,"product_size":"UK5"} []
[2025-04-21T17:55:49.549087+02:00] app.INFO: Add to cart request {"request_id":"cart_68066a857e2320.11851981","user_id":44,"product_id":20,"product_size":"UK5","quantity":99} []
[2025-04-21T17:55:49.555584+02:00] app.ERROR: Add to cart error {"request_id":"cart_68066a857e2320.11851981","error":"Cannot add more items. Limited to 99 items.","user_id":44,"product_id":20,"product_size":"UK5"} []
[2025-04-21T17:55:49.807429+02:00] app.INFO: Add to cart request {"request_id":"cart_68066a85c15e16.96321848","user_id":44,"product_id":20,"product_size":"UK5","quantity":99} []
[2025-04-21T17:55:49.809105+02:00] app.ERROR: Add to cart error {"request_id":"cart_68066a85c15e16.96321848","error":"Cannot add more items. Limited to 99 items.","user_id":44,"product_id":20,"product_size":"UK5"} []
[2025-04-21T17:55:53.627568+02:00] app.INFO: Removing cart item {"user_id":44,"cart_id":83} []
[2025-04-21T17:55:59.401610+02:00] app.INFO: Add to cart request {"request_id":"cart_68066a8f5e60a9.62108419","user_id":44,"product_id":20,"product_size":"UK5","quantity":99} []
[2025-04-21T17:55:59.404051+02:00] app.INFO: New cart item added {"request_id":"cart_68066a8f5e60a9.62108419","user_id":44,"product_id":20,"product_size":"UK5","quantity":99} []
[2025-04-21T17:56:04.131050+02:00] app.INFO: Add to cart request {"request_id":"cart_68066a9417c919.59936470","user_id":44,"product_id":20,"product_size":"UK5","quantity":99} []
[2025-04-21T17:56:04.133313+02:00] app.ERROR: Add to cart error {"request_id":"cart_68066a9417c919.59936470","error":"Cannot add more items. Limited to 99 items.","user_id":44,"product_id":20,"product_size":"UK5"} []
[2025-04-21T17:56:10.810541+02:00] app.INFO: Order created successfully {"user_id":44,"order_id":74,"total_amount":9900.0,"items_count":1,"selected_items":1,"request_id":"order_68066a9ac10267.82497173"} []
[2025-04-21T17:56:14.967090+02:00] app.INFO: Cart items cleared after payment method selection {"user_id":44,"order_id":"74"} []
[2025-04-21T17:56:24.842937+02:00] app.ERROR: PHP Error {"message":"Undefined variable $stripeSecretKey","file":"C:\\xampp\\htdocs\\FYP\\FYP\\User\\app\\services\\OrderService.php","line":448,"severity":2} []
[2025-04-21T17:56:25.351007+02:00] app.ERROR: PHP Error {"message":"Undefined variable $stripeSecretKey","file":"C:\\xampp\\htdocs\\FYP\\FYP\\User\\app\\services\\OrderService.php","line":448,"severity":2} []
[2025-04-21T18:06:56.904670+02:00] app.INFO: Add to cart request {"request_id":"cart_68066d20d58aa7.52171120","user_id":44,"product_id":20,"product_size":"UK5","quantity":99} []
[2025-04-21T18:06:56.907191+02:00] app.INFO: New cart item added {"request_id":"cart_68066d20d58aa7.52171120","user_id":44,"product_id":20,"product_size":"UK5","quantity":99} []
[2025-04-21T18:06:59.595060+02:00] app.INFO: Order created successfully {"user_id":44,"order_id":75,"total_amount":9900.0,"items_count":1,"selected_items":1,"request_id":"order_68066d238d5150.08789965"} []
[2025-04-21T18:07:02.286834+02:00] app.INFO: Cart items cleared after payment method selection {"user_id":44,"order_id":"75"} []
[2025-04-21T18:24:15.684628+02:00] app.ERROR: Add to cart error {"request_id":"cart_6806712fa66e99.14929990","error":"Invalid security token. Please refresh the page and try again.","user_id":44,"product_id":"unknown","product_size":"unknown"} []
[2025-04-21T18:24:17.223855+02:00] app.ERROR: Add to cart error {"request_id":"cart_68067131361f62.04637987","error":"Invalid security token. Please refresh the page and try again.","user_id":44,"product_id":"unknown","product_size":"unknown"} []
[2025-04-21T18:24:17.404175+02:00] app.ERROR: Add to cart error {"request_id":"cart_68067131625b80.76304685","error":"Invalid security token. Please refresh the page and try again.","user_id":44,"product_id":"unknown","product_size":"unknown"} []
[2025-04-21T18:24:17.557987+02:00] app.ERROR: Add to cart error {"request_id":"cart_6806713187e710.44784093","error":"Invalid security token. Please refresh the page and try again.","user_id":44,"product_id":"unknown","product_size":"unknown"} []
[2025-04-21T18:24:17.742715+02:00] app.ERROR: Add to cart error {"request_id":"cart_68067131b510d7.05616376","error":"Invalid security token. Please refresh the page and try again.","user_id":44,"product_id":"unknown","product_size":"unknown"} []
[2025-04-21T18:24:17.909638+02:00] app.ERROR: Add to cart error {"request_id":"cart_68067131ddcf31.92547304","error":"Invalid security token. Please refresh the page and try again.","user_id":44,"product_id":"unknown","product_size":"unknown"} []
[2025-04-21T18:24:21.144938+02:00] app.INFO: Add to cart request {"request_id":"cart_680671351f7e91.32789840","user_id":44,"product_id":21,"product_size":"One Size","quantity":1} []
[2025-04-21T18:24:21.146986+02:00] app.INFO: New cart item added {"request_id":"cart_680671351f7e91.32789840","user_id":44,"product_id":21,"product_size":"One Size","quantity":1} []
[2025-04-21T18:24:24.968613+02:00] app.INFO: Order created successfully {"user_id":44,"order_id":76,"total_amount":80.0,"items_count":1,"selected_items":1,"request_id":"order_68067138e86ee8.61412862"} []
[2025-04-21T18:24:29.766086+02:00] app.INFO: Cart items cleared after payment method selection {"user_id":44,"order_id":"76"} []
