[2025-04-18T08:49:57.615162+02:00] app.INFO: Add to cart request {"request_id":"cart_6801f61594e6f1.78924726","user_id":44,"product_id":6,"product_size":"UK8.5","quantity":1} []
[2025-04-18T08:49:57.622942+02:00] app.INFO: New cart item added {"request_id":"cart_6801f61594e6f1.78924726","user_id":44,"product_id":6,"product_size":"UK8.5","quantity":1} []
[2025-04-18T08:50:03.382937+02:00] app.INFO: Order created successfully {"user_id":44,"order_id":20,"total_amount":120.0,"items_count":1,"request_id":"order_6801f61b5bc257.49545164"} []
[2025-04-18T08:54:56.589567+02:00] app.INFO: Add to cart request {"request_id":"cart_6801f7408c0886.56168396","user_id":44,"product_id":6,"product_size":"UK8.5","quantity":1} []
[2025-04-18T08:54:56.592137+02:00] app.INFO: New cart item added {"request_id":"cart_6801f7408c0886.56168396","user_id":44,"product_id":6,"product_size":"UK8.5","quantity":1} []
[2025-04-18T08:54:59.943233+02:00] app.INFO: Order created successfully {"user_id":44,"order_id":21,"total_amount":120.0,"items_count":1,"request_id":"order_6801f743e58160.02576584"} []
[2025-04-18T10:52:41.237085+02:00] app.ERROR: Uncaught Exception {"message":"No connection could be made because the target machine actively refused it","file":"C:\\xampp\\htdocs\\FYP\\FYP\\connect_db\\config.php","line":7,"trace":"#0 C:\\xampp\\htdocs\\FYP\\FYP\\connect_db\\config.php(7): mysqli->__construct('localhost', 'root', Object(SensitiveParameterValue), 'verosports')\n#1 C:\\xampp\\htdocs\\FYP\\FYP\\User\\app\\init.php(96): require_once('C:\\\\xampp\\\\htdocs...')\n#2 C:\\xampp\\htdocs\\FYP\\FYP\\User\\payment\\charge.php(6): require('C:\\\\xampp\\\\htdocs...')\n#3 {main}"} []
[2025-04-18T11:03:20.636379+02:00] app.INFO: Add to cart request {"request_id":"cart_68021558975880.61451476","user_id":44,"product_id":6,"product_size":"UK8.5","quantity":1} []
[2025-04-18T11:03:20.639211+02:00] app.INFO: New cart item added {"request_id":"cart_68021558975880.61451476","user_id":44,"product_id":6,"product_size":"UK8.5","quantity":1} []
[2025-04-18T11:03:23.651706+02:00] app.INFO: Order created successfully {"user_id":44,"order_id":22,"total_amount":120.0,"items_count":1,"request_id":"order_6802155b99b8d3.09925227"} []
[2025-04-18T11:25:07.278529+02:00] app.INFO: Add to cart request {"request_id":"cart_68021a73431514.85117740","user_id":44,"product_id":6,"product_size":"UK8.5","quantity":1} []
[2025-04-18T11:25:07.281730+02:00] app.INFO: New cart item added {"request_id":"cart_68021a73431514.85117740","user_id":44,"product_id":6,"product_size":"UK8.5","quantity":1} []
[2025-04-18T12:03:13.498963+02:00] app.INFO: Add to cart request {"request_id":"cart_68022361720f98.73860831","user_id":44,"product_id":6,"product_size":"UK8.5","quantity":1} []
[2025-04-18T12:03:13.501576+02:00] app.INFO: Cart item updated {"request_id":"cart_68022361720f98.73860831","user_id":44,"cart_id":29,"product_id":6,"new_quantity":2} []
[2025-04-18T12:03:18.821104+02:00] app.INFO: Updating cart item quantity {"user_id":44,"cart_id":29,"old_quantity":2,"new_quantity":1} []
[2025-04-18T12:03:19.636451+02:00] app.INFO: Updating cart item quantity {"user_id":44,"cart_id":29,"old_quantity":1,"new_quantity":1} []
[2025-04-18T12:03:24.261144+02:00] app.INFO: Add to cart request {"request_id":"cart_6802236c3bd6f2.68853996","user_id":44,"product_id":6,"product_size":"UK9.5","quantity":1} []
[2025-04-18T12:03:24.263555+02:00] app.INFO: New cart item added {"request_id":"cart_6802236c3bd6f2.68853996","user_id":44,"product_id":6,"product_size":"UK9.5","quantity":1} []
[2025-04-18T12:04:06.435270+02:00] app.ERROR: Uncaught Exception {"message":"number_format(): Argument #1 ($num) must be of type float, string given","file":"C:\\xampp\\htdocs\\FYP\\FYP\\User\\order\\track_order.php","line":74,"trace":"#0 C:\\xampp\\htdocs\\FYP\\FYP\\User\\order\\track_order.php(74): number_format('120.00', 2)\n#1 C:\\xampp\\htdocs\\FYP\\FYP\\User\\order\\track_order.php(586): formatPrice('120.00')\n#2 {main}"} []
[2025-04-18T12:04:22.998968+02:00] app.ERROR: Uncaught Exception {"message":"number_format(): Argument #1 ($num) must be of type float, string given","file":"C:\\xampp\\htdocs\\FYP\\FYP\\User\\order\\track_order.php","line":74,"trace":"#0 C:\\xampp\\htdocs\\FYP\\FYP\\User\\order\\track_order.php(74): number_format('120.00', 2)\n#1 C:\\xampp\\htdocs\\FYP\\FYP\\User\\order\\track_order.php(586): formatPrice('120.00')\n#2 {main}"} []
[2025-04-18T12:04:37.324106+02:00] app.INFO: Updating cart item quantity {"user_id":44,"cart_id":30,"old_quantity":1,"new_quantity":2} []
[2025-04-18T12:04:37.651236+02:00] app.INFO: Updating cart item quantity {"user_id":44,"cart_id":30,"old_quantity":2,"new_quantity":3} []
[2025-04-18T12:04:38.009155+02:00] app.INFO: Updating cart item quantity {"user_id":44,"cart_id":30,"old_quantity":3,"new_quantity":4} []
[2025-04-18T12:04:38.164537+02:00] app.INFO: Updating cart item quantity {"user_id":44,"cart_id":30,"old_quantity":4,"new_quantity":5} []
[2025-04-18T12:04:38.502454+02:00] app.INFO: Updating cart item quantity {"user_id":44,"cart_id":30,"old_quantity":5,"new_quantity":6} []
[2025-04-18T12:04:38.640859+02:00] app.INFO: Updating cart item quantity {"user_id":44,"cart_id":30,"old_quantity":6,"new_quantity":7} []
[2025-04-18T12:04:38.977705+02:00] app.INFO: Updating cart item quantity {"user_id":44,"cart_id":30,"old_quantity":7,"new_quantity":8} []
[2025-04-18T12:04:39.278740+02:00] app.INFO: Updating cart item quantity {"user_id":44,"cart_id":30,"old_quantity":8,"new_quantity":9} []
[2025-04-18T12:04:39.614347+02:00] app.INFO: Updating cart item quantity {"user_id":44,"cart_id":30,"old_quantity":9,"new_quantity":10} []
[2025-04-18T12:04:39.938305+02:00] app.INFO: Updating cart item quantity {"user_id":44,"cart_id":30,"old_quantity":10,"new_quantity":11} []
[2025-04-18T12:04:40.294301+02:00] app.INFO: Updating cart item quantity {"user_id":44,"cart_id":30,"old_quantity":11,"new_quantity":12} []
[2025-04-18T12:07:48.779492+02:00] app.INFO: Add to cart request {"request_id":"cart_68022474ba6dc9.61017797","user_id":44,"product_id":5,"product_size":"UK12","quantity":1} []
[2025-04-18T12:07:48.781690+02:00] app.INFO: New cart item added {"request_id":"cart_68022474ba6dc9.61017797","user_id":44,"product_id":5,"product_size":"UK12","quantity":1} []
[2025-04-18T12:08:01.378631+02:00] app.INFO: Add to cart request {"request_id":"cart_68022481589366.61852304","user_id":44,"product_id":6,"product_size":"UK8.5","quantity":1} []
[2025-04-18T12:08:01.381227+02:00] app.INFO: Cart item updated {"request_id":"cart_68022481589366.61852304","user_id":44,"cart_id":29,"product_id":6,"new_quantity":2} []
[2025-04-18T12:08:13.997952+02:00] app.INFO: Order created successfully {"user_id":44,"order_id":23,"total_amount":1800.0,"items_count":3,"request_id":"order_6802248ded8241.69535360"} []
[2025-04-18T12:08:29.979880+02:00] app.ERROR: Uncaught Exception {"message":"number_format(): Argument #1 ($num) must be of type float, string given","file":"C:\\xampp\\htdocs\\FYP\\FYP\\User\\order\\track_order.php","line":74,"trace":"#0 C:\\xampp\\htdocs\\FYP\\FYP\\User\\order\\track_order.php(74): number_format('1800.00', 2)\n#1 C:\\xampp\\htdocs\\FYP\\FYP\\User\\order\\track_order.php(586): formatPrice('1800.00')\n#2 {main}"} []
[2025-04-18T12:08:45.220982+02:00] app.INFO: Add to cart request {"request_id":"cart_680224ad31e8d7.44750714","user_id":44,"product_id":19,"product_size":"UK10.5","quantity":1} []
[2025-04-18T12:08:45.223111+02:00] app.INFO: New cart item added {"request_id":"cart_680224ad31e8d7.44750714","user_id":44,"product_id":19,"product_size":"UK10.5","quantity":1} []
[2025-04-18T12:08:47.621228+02:00] app.INFO: Add to cart request {"request_id":"cart_680224af93d1f5.73980178","user_id":44,"product_id":5,"product_size":"UK7.5","quantity":1} []
[2025-04-18T12:08:47.623711+02:00] app.INFO: New cart item added {"request_id":"cart_680224af93d1f5.73980178","user_id":44,"product_id":5,"product_size":"UK7.5","quantity":1} []
[2025-04-18T12:09:21.761856+02:00] app.INFO: Add to cart request {"request_id":"cart_680224d1b61c93.90554040","user_id":44,"product_id":6,"product_size":"UK8.5","quantity":1} []
[2025-04-18T12:09:21.764375+02:00] app.INFO: New cart item added {"request_id":"cart_680224d1b61c93.90554040","user_id":44,"product_id":6,"product_size":"UK8.5","quantity":1} []
