[2025-04-17T03:35:53.075256+02:00] app.INFO: Add to cart request {"request_id":"cart_68005af909ef40.89981197","user_id":44,"product_id":6,"product_size":"UK8.5","quantity":1} []
[2025-04-17T03:35:53.085532+02:00] app.INFO: New cart item added {"request_id":"cart_68005af909ef40.89981197","user_id":44,"product_id":6,"product_size":"UK8.5","quantity":1} []
[2025-04-17T03:35:56.046527+02:00] app.INFO: Add to cart request {"request_id":"cart_68005afc0757a4.07592842","user_id":44,"product_id":6,"product_size":"UK8.5","quantity":1} []
[2025-04-17T03:35:56.048714+02:00] app.INFO: Cart item updated {"request_id":"cart_68005afc0757a4.07592842","user_id":44,"cart_id":2,"product_id":6,"new_quantity":2} []
[2025-04-17T03:35:56.725614+02:00] app.INFO: Add to cart request {"request_id":"cart_68005afcac7b94.13598400","user_id":44,"product_id":6,"product_size":"UK8.5","quantity":1} []
[2025-04-17T03:35:56.735602+02:00] app.INFO: Cart item updated {"request_id":"cart_68005afcac7b94.13598400","user_id":44,"cart_id":2,"product_id":6,"new_quantity":3} []
[2025-04-17T03:35:56.936446+02:00] app.INFO: Add to cart request {"request_id":"cart_68005afce09db8.88193050","user_id":44,"product_id":6,"product_size":"UK8.5","quantity":1} []
[2025-04-17T03:35:56.939230+02:00] app.INFO: Cart item updated {"request_id":"cart_68005afce09db8.88193050","user_id":44,"cart_id":2,"product_id":6,"new_quantity":4} []
[2025-04-17T03:35:57.136163+02:00] app.INFO: Add to cart request {"request_id":"cart_68005afd1d5ae0.67491363","user_id":44,"product_id":6,"product_size":"UK8.5","quantity":1} []
[2025-04-17T03:35:57.139022+02:00] app.INFO: Cart item updated {"request_id":"cart_68005afd1d5ae0.67491363","user_id":44,"cart_id":2,"product_id":6,"new_quantity":5} []
[2025-04-17T03:35:57.336083+02:00] app.INFO: Add to cart request {"request_id":"cart_68005afd4e0ed7.82748817","user_id":44,"product_id":6,"product_size":"UK8.5","quantity":1} []
[2025-04-17T03:35:57.338082+02:00] app.INFO: Cart item updated {"request_id":"cart_68005afd4e0ed7.82748817","user_id":44,"cart_id":2,"product_id":6,"new_quantity":6} []
[2025-04-17T03:35:59.450300+02:00] app.INFO: Add to cart request {"request_id":"cart_68005aff69efd5.47918030","user_id":44,"product_id":6,"product_size":"UK8.5","quantity":1} []
[2025-04-17T03:35:59.459285+02:00] app.INFO: Cart item updated {"request_id":"cart_68005aff69efd5.47918030","user_id":44,"cart_id":2,"product_id":6,"new_quantity":7} []
[2025-04-17T03:36:01.313675+02:00] app.INFO: Add to cart request {"request_id":"cart_68005b0148c379.26127998","user_id":44,"product_id":6,"product_size":"UK8.5","quantity":1} []
[2025-04-17T03:36:01.316246+02:00] app.INFO: Cart item updated {"request_id":"cart_68005b0148c379.26127998","user_id":44,"cart_id":2,"product_id":6,"new_quantity":8} []
[2025-04-17T03:45:19.515042+02:00] app.ERROR: Uncaught Exception {"message":"number_format(): Argument #1 ($num) must be of type float, string given","file":"C:\\xampp\\htdocs\\FYP\\FYP\\User\\order\\cart.php","line":177,"trace":"#0 C:\\xampp\\htdocs\\FYP\\FYP\\User\\order\\cart.php(177): number_format('120.00', 2)\n#1 C:\\xampp\\htdocs\\FYP\\FYP\\User\\order\\cart.php(238): formatPrice('120.00')\n#2 {main}"} []
[2025-04-17T03:45:48.026642+02:00] app.ERROR: Uncaught Exception {"message":"number_format(): Argument #1 ($num) must be of type float, string given","file":"C:\\xampp\\htdocs\\FYP\\FYP\\User\\order\\cart.php","line":177,"trace":"#0 C:\\xampp\\htdocs\\FYP\\FYP\\User\\order\\cart.php(177): number_format('120.00', 2)\n#1 C:\\xampp\\htdocs\\FYP\\FYP\\User\\order\\cart.php(238): formatPrice('120.00')\n#2 {main}"} []
[2025-04-17T03:51:11.655461+02:00] app.ERROR: Uncaught Exception {"message":"number_format(): Argument #1 ($num) must be of type float, string given","file":"C:\\xampp\\htdocs\\FYP\\FYP\\User\\order\\cart.php","line":177,"trace":"#0 C:\\xampp\\htdocs\\FYP\\FYP\\User\\order\\cart.php(177): number_format('120.00', 2)\n#1 C:\\xampp\\htdocs\\FYP\\FYP\\User\\order\\cart.php(238): formatPrice('120.00')\n#2 {main}"} []
[2025-04-17T03:51:11.797164+02:00] app.ERROR: Uncaught Exception {"message":"number_format(): Argument #1 ($num) must be of type float, string given","file":"C:\\xampp\\htdocs\\FYP\\FYP\\User\\order\\cart.php","line":177,"trace":"#0 C:\\xampp\\htdocs\\FYP\\FYP\\User\\order\\cart.php(177): number_format('120.00', 2)\n#1 C:\\xampp\\htdocs\\FYP\\FYP\\User\\order\\cart.php(238): formatPrice('120.00')\n#2 {main}"} []
[2025-04-17T03:51:12.009490+02:00] app.ERROR: Uncaught Exception {"message":"number_format(): Argument #1 ($num) must be of type float, string given","file":"C:\\xampp\\htdocs\\FYP\\FYP\\User\\order\\cart.php","line":177,"trace":"#0 C:\\xampp\\htdocs\\FYP\\FYP\\User\\order\\cart.php(177): number_format('120.00', 2)\n#1 C:\\xampp\\htdocs\\FYP\\FYP\\User\\order\\cart.php(238): formatPrice('120.00')\n#2 {main}"} []
[2025-04-17T03:51:12.161346+02:00] app.ERROR: Uncaught Exception {"message":"number_format(): Argument #1 ($num) must be of type float, string given","file":"C:\\xampp\\htdocs\\FYP\\FYP\\User\\order\\cart.php","line":177,"trace":"#0 C:\\xampp\\htdocs\\FYP\\FYP\\User\\order\\cart.php(177): number_format('120.00', 2)\n#1 C:\\xampp\\htdocs\\FYP\\FYP\\User\\order\\cart.php(238): formatPrice('120.00')\n#2 {main}"} []
[2025-04-17T03:51:19.724135+02:00] app.ERROR: Uncaught Exception {"message":"number_format(): Argument #1 ($num) must be of type float, string given","file":"C:\\xampp\\htdocs\\FYP\\FYP\\User\\order\\cart.php","line":177,"trace":"#0 C:\\xampp\\htdocs\\FYP\\FYP\\User\\order\\cart.php(177): number_format('120.00', 2)\n#1 C:\\xampp\\htdocs\\FYP\\FYP\\User\\order\\cart.php(238): formatPrice('120.00')\n#2 {main}"} []
[2025-04-17T03:51:26.228585+02:00] app.ERROR: Uncaught Exception {"message":"number_format(): Argument #1 ($num) must be of type float, string given","file":"C:\\xampp\\htdocs\\FYP\\FYP\\User\\order\\cart.php","line":177,"trace":"#0 C:\\xampp\\htdocs\\FYP\\FYP\\User\\order\\cart.php(177): number_format('120.00', 2)\n#1 C:\\xampp\\htdocs\\FYP\\FYP\\User\\order\\cart.php(238): formatPrice('120.00')\n#2 {main}"} []
[2025-04-17T03:52:13.015753+02:00] app.ERROR: Uncaught Exception {"message":"number_format(): Argument #1 ($num) must be of type float, string given","file":"C:\\xampp\\htdocs\\FYP\\FYP\\User\\order\\cart.php","line":177,"trace":"#0 C:\\xampp\\htdocs\\FYP\\FYP\\User\\order\\cart.php(177): number_format('120.00', 2)\n#1 C:\\xampp\\htdocs\\FYP\\FYP\\User\\order\\cart.php(238): formatPrice('120.00')\n#2 {main}"} []
[2025-04-17T03:52:13.169455+02:00] app.ERROR: Uncaught Exception {"message":"number_format(): Argument #1 ($num) must be of type float, string given","file":"C:\\xampp\\htdocs\\FYP\\FYP\\User\\order\\cart.php","line":177,"trace":"#0 C:\\xampp\\htdocs\\FYP\\FYP\\User\\order\\cart.php(177): number_format('120.00', 2)\n#1 C:\\xampp\\htdocs\\FYP\\FYP\\User\\order\\cart.php(238): formatPrice('120.00')\n#2 {main}"} []
[2025-04-17T03:52:14.855149+02:00] app.INFO: Add to cart request {"request_id":"cart_68005ececcd809.23584866","user_id":44,"product_id":6,"product_size":"UK8.5","quantity":1} []
[2025-04-17T03:52:14.857667+02:00] app.INFO: Cart item updated {"request_id":"cart_68005ececcd809.23584866","user_id":44,"cart_id":2,"product_id":6,"new_quantity":9} []
[2025-04-17T03:52:18.971598+02:00] app.INFO: Add to cart request {"request_id":"cart_68005ed2e95712.15539240","user_id":44,"product_id":6,"product_size":"UK8.5","quantity":1} []
[2025-04-17T03:52:18.973844+02:00] app.INFO: Cart item updated {"request_id":"cart_68005ed2e95712.15539240","user_id":44,"cart_id":2,"product_id":6,"new_quantity":10} []
[2025-04-17T03:52:24.776843+02:00] app.INFO: Add to cart request {"request_id":"cart_68005ed8b90533.41764847","user_id":44,"product_id":6,"product_size":"UK8.5","quantity":1} []
[2025-04-17T03:52:24.783832+02:00] app.INFO: Cart item updated {"request_id":"cart_68005ed8b90533.41764847","user_id":44,"cart_id":2,"product_id":6,"new_quantity":11} []
[2025-04-17T03:52:24.930159+02:00] app.INFO: Add to cart request {"request_id":"cart_68005ed8df32e8.29543874","user_id":44,"product_id":6,"product_size":"UK8.5","quantity":1} []
[2025-04-17T03:52:24.932921+02:00] app.INFO: Cart item updated {"request_id":"cart_68005ed8df32e8.29543874","user_id":44,"cart_id":2,"product_id":6,"new_quantity":12} []
[2025-04-17T03:52:25.052980+02:00] app.INFO: Add to cart request {"request_id":"cart_68005ed9090f97.52077687","user_id":44,"product_id":6,"product_size":"UK8.5","quantity":1} []
[2025-04-17T03:52:25.055307+02:00] app.INFO: Cart item updated {"request_id":"cart_68005ed9090f97.52077687","user_id":44,"cart_id":2,"product_id":6,"new_quantity":13} []
[2025-04-17T03:52:25.191628+02:00] app.INFO: Add to cart request {"request_id":"cart_68005ed92b1b80.86002112","user_id":44,"product_id":6,"product_size":"UK8.5","quantity":1} []
[2025-04-17T03:52:25.194399+02:00] app.INFO: Cart item updated {"request_id":"cart_68005ed92b1b80.86002112","user_id":44,"cart_id":2,"product_id":6,"new_quantity":14} []
[2025-04-17T03:52:29.069915+02:00] app.INFO: Add to cart request {"request_id":"cart_68005edd0921c4.24757953","user_id":44,"product_id":6,"product_size":"UK8.5","quantity":1} []
[2025-04-17T03:52:29.072277+02:00] app.INFO: Cart item updated {"request_id":"cart_68005edd0921c4.24757953","user_id":44,"cart_id":2,"product_id":6,"new_quantity":15} []
[2025-04-17T03:52:30.761921+02:00] app.INFO: Add to cart request {"request_id":"cart_68005edeb2b249.63992512","user_id":44,"product_id":6,"product_size":"UK8.5","quantity":1} []
[2025-04-17T03:52:30.764566+02:00] app.INFO: Cart item updated {"request_id":"cart_68005edeb2b249.63992512","user_id":44,"cart_id":2,"product_id":6,"new_quantity":16} []
[2025-04-17T03:52:30.918465+02:00] app.INFO: Add to cart request {"request_id":"cart_68005ededc3986.09448556","user_id":44,"product_id":6,"product_size":"UK8.5","quantity":1} []
[2025-04-17T03:52:30.921131+02:00] app.INFO: Cart item updated {"request_id":"cart_68005ededc3986.09448556","user_id":44,"cart_id":2,"product_id":6,"new_quantity":17} []
[2025-04-17T03:52:31.057959+02:00] app.INFO: Add to cart request {"request_id":"cart_68005edf09fa67.54581795","user_id":44,"product_id":6,"product_size":"UK8.5","quantity":1} []
[2025-04-17T03:52:31.060235+02:00] app.INFO: Cart item updated {"request_id":"cart_68005edf09fa67.54581795","user_id":44,"cart_id":2,"product_id":6,"new_quantity":18} []
[2025-04-17T03:52:31.195813+02:00] app.INFO: Add to cart request {"request_id":"cart_68005edf2bbf97.11919737","user_id":44,"product_id":6,"product_size":"UK8.5","quantity":1} []
[2025-04-17T03:52:31.198407+02:00] app.INFO: Cart item updated {"request_id":"cart_68005edf2bbf97.11919737","user_id":44,"cart_id":2,"product_id":6,"new_quantity":19} []
[2025-04-17T03:52:31.362346+02:00] app.INFO: Add to cart request {"request_id":"cart_68005edf548853.86556205","user_id":44,"product_id":6,"product_size":"UK8.5","quantity":1} []
[2025-04-17T03:52:31.364712+02:00] app.INFO: Cart item updated {"request_id":"cart_68005edf548853.86556205","user_id":44,"cart_id":2,"product_id":6,"new_quantity":20} []
[2025-04-17T03:52:31.484453+02:00] app.INFO: Add to cart request {"request_id":"cart_68005edf725fd1.18619523","user_id":44,"product_id":6,"product_size":"UK8.5","quantity":1} []
[2025-04-17T03:52:31.487731+02:00] app.INFO: Cart item updated {"request_id":"cart_68005edf725fd1.18619523","user_id":44,"cart_id":2,"product_id":6,"new_quantity":21} []
[2025-04-17T03:52:31.640801+02:00] app.INFO: Add to cart request {"request_id":"cart_68005edf989448.43112750","user_id":44,"product_id":6,"product_size":"UK8.5","quantity":1} []
[2025-04-17T03:52:31.643350+02:00] app.INFO: Cart item updated {"request_id":"cart_68005edf989448.43112750","user_id":44,"cart_id":2,"product_id":6,"new_quantity":22} []
[2025-04-17T03:52:31.792036+02:00] app.INFO: Add to cart request {"request_id":"cart_68005edfbd91b7.09598676","user_id":44,"product_id":6,"product_size":"UK8.5","quantity":1} []
[2025-04-17T03:52:31.794553+02:00] app.INFO: Cart item updated {"request_id":"cart_68005edfbd91b7.09598676","user_id":44,"cart_id":2,"product_id":6,"new_quantity":23} []
[2025-04-17T03:56:44.239258+02:00] app.INFO: Add to cart request {"request_id":"cart_68005fdc366619.36117166","user_id":44,"product_id":6,"product_size":"UK8.5","quantity":1} []
[2025-04-17T03:56:44.242084+02:00] app.INFO: Cart item updated {"request_id":"cart_68005fdc366619.36117166","user_id":44,"cart_id":2,"product_id":6,"new_quantity":24} []
[2025-04-17T03:56:44.545768+02:00] app.INFO: Add to cart request {"request_id":"cart_68005fdc816c06.27154882","user_id":44,"product_id":6,"product_size":"UK8.5","quantity":1} []
[2025-04-17T03:56:44.548256+02:00] app.INFO: Cart item updated {"request_id":"cart_68005fdc816c06.27154882","user_id":44,"cart_id":2,"product_id":6,"new_quantity":25} []
[2025-04-17T03:56:58.788168+02:00] app.ERROR: Uncaught Exception {"message":"number_format(): Argument #1 ($num) must be of type float, string given","file":"C:\\xampp\\htdocs\\FYP\\FYP\\User\\order\\cart.php","line":177,"trace":"#0 C:\\xampp\\htdocs\\FYP\\FYP\\User\\order\\cart.php(177): number_format('120.00', 2)\n#1 C:\\xampp\\htdocs\\FYP\\FYP\\User\\order\\cart.php(238): formatPrice('120.00')\n#2 {main}"} []
[2025-04-17T03:57:01.256670+02:00] app.INFO: Add to cart request {"request_id":"cart_68005fed3ac931.70035938","user_id":44,"product_id":6,"product_size":"UK8.5","quantity":1} []
[2025-04-17T03:57:01.259247+02:00] app.INFO: Cart item updated {"request_id":"cart_68005fed3ac931.70035938","user_id":44,"cart_id":2,"product_id":6,"new_quantity":26} []
[2025-04-17T05:12:46.448253+02:00] app.ERROR: Uncaught Exception {"message":"number_format(): Argument #1 ($num) must be of type float, string given","file":"C:\\xampp\\htdocs\\FYP\\FYP\\User\\order\\cart.php","line":177,"trace":"#0 C:\\xampp\\htdocs\\FYP\\FYP\\User\\order\\cart.php(177): number_format('120.00', 2)\n#1 C:\\xampp\\htdocs\\FYP\\FYP\\User\\order\\cart.php(238): formatPrice('120.00')\n#2 {main}"} []
[2025-04-17T05:12:51.555221+02:00] app.INFO: Add to cart request {"request_id":"cart_680071b37fc556.38825223","user_id":44,"product_id":6,"product_size":"UK8.5","quantity":1} []
[2025-04-17T05:12:51.559379+02:00] app.INFO: Cart item updated {"request_id":"cart_680071b37fc556.38825223","user_id":44,"cart_id":2,"product_id":6,"new_quantity":27} []
[2025-04-17T05:13:00.103617+02:00] app.INFO: Add to cart request {"request_id":"cart_680071bc14fd41.69453758","user_id":44,"product_id":6,"product_size":"UK8.5","quantity":1} []
[2025-04-17T05:13:00.108285+02:00] app.INFO: Cart item updated {"request_id":"cart_680071bc14fd41.69453758","user_id":44,"cart_id":2,"product_id":6,"new_quantity":28} []
[2025-04-17T05:18:51.990535+02:00] app.ERROR: Uncaught Exception {"message":"number_format(): Argument #1 ($num) must be of type float, string given","file":"C:\\xampp\\htdocs\\FYP\\FYP\\User\\order\\cart.php","line":177,"trace":"#0 C:\\xampp\\htdocs\\FYP\\FYP\\User\\order\\cart.php(177): number_format('120.00', 2)\n#1 C:\\xampp\\htdocs\\FYP\\FYP\\User\\order\\cart.php(238): formatPrice('120.00')\n#2 {main}"} []
[2025-04-17T05:18:55.213319+02:00] app.ERROR: Uncaught Exception {"message":"number_format(): Argument #1 ($num) must be of type float, string given","file":"C:\\xampp\\htdocs\\FYP\\FYP\\User\\order\\cart.php","line":177,"trace":"#0 C:\\xampp\\htdocs\\FYP\\FYP\\User\\order\\cart.php(177): number_format('120.00', 2)\n#1 C:\\xampp\\htdocs\\FYP\\FYP\\User\\order\\cart.php(238): formatPrice('120.00')\n#2 {main}"} []
[2025-04-17T05:18:59.529450+02:00] app.ERROR: Uncaught Exception {"message":"number_format(): Argument #1 ($num) must be of type float, string given","file":"C:\\xampp\\htdocs\\FYP\\FYP\\User\\order\\cart.php","line":177,"trace":"#0 C:\\xampp\\htdocs\\FYP\\FYP\\User\\order\\cart.php(177): number_format('120.00', 2)\n#1 C:\\xampp\\htdocs\\FYP\\FYP\\User\\order\\cart.php(238): formatPrice('120.00')\n#2 {main}"} []
[2025-04-17T05:19:17.288147+02:00] app.ERROR: Uncaught Exception {"message":"number_format(): Argument #1 ($num) must be of type float, string given","file":"C:\\xampp\\htdocs\\FYP\\FYP\\User\\order\\cart.php","line":177,"trace":"#0 C:\\xampp\\htdocs\\FYP\\FYP\\User\\order\\cart.php(177): number_format('120.00', 2)\n#1 C:\\xampp\\htdocs\\FYP\\FYP\\User\\order\\cart.php(238): formatPrice('120.00')\n#2 {main}"} []
[2025-04-17T05:19:23.677088+02:00] app.ERROR: Uncaught Exception {"message":"number_format(): Argument #1 ($num) must be of type float, string given","file":"C:\\xampp\\htdocs\\FYP\\FYP\\User\\order\\cart.php","line":177,"trace":"#0 C:\\xampp\\htdocs\\FYP\\FYP\\User\\order\\cart.php(177): number_format('120.00', 2)\n#1 C:\\xampp\\htdocs\\FYP\\FYP\\User\\order\\cart.php(238): formatPrice('120.00')\n#2 {main}"} []
[2025-04-17T05:22:09.671054+02:00] app.ERROR: Add to cart error {"request_id":"cart_680073e1a2b5d0.44688451","error":"Invalid security token. Please refresh the page and try again.","user_id":44,"product_id":"unknown","product_size":"unknown"} []
[2025-04-17T05:22:15.479148+02:00] app.INFO: Add to cart request {"request_id":"cart_680073e76d73e4.56918483","user_id":44,"product_id":6,"product_size":"UK8.5","quantity":1} []
[2025-04-17T05:22:15.484352+02:00] app.INFO: Cart item updated {"request_id":"cart_680073e76d73e4.56918483","user_id":44,"cart_id":2,"product_id":6,"new_quantity":29} []
[2025-04-17T05:24:48.275077+02:00] app.INFO: Add to cart request {"request_id":"cart_680074803c1a79.09155010","user_id":44,"product_id":6,"product_size":"UK8.5","quantity":1} []
[2025-04-17T05:24:48.280038+02:00] app.INFO: Cart item updated {"request_id":"cart_680074803c1a79.09155010","user_id":44,"cart_id":2,"product_id":6,"new_quantity":30} []
[2025-04-17T05:25:25.529852+02:00] app.INFO: Add to cart request {"request_id":"cart_680074a57d7187.81509306","user_id":44,"product_id":6,"product_size":"UK8.5","quantity":1} []
[2025-04-17T05:25:25.533934+02:00] app.INFO: Cart item updated {"request_id":"cart_680074a57d7187.81509306","user_id":44,"cart_id":2,"product_id":6,"new_quantity":31} []
[2025-04-17T05:25:25.670908+02:00] app.INFO: Add to cart request {"request_id":"cart_680074a59cf376.45103849","user_id":44,"product_id":6,"product_size":"UK8.5","quantity":1} []
[2025-04-17T05:25:25.677898+02:00] app.INFO: Cart item updated {"request_id":"cart_680074a59cf376.45103849","user_id":44,"cart_id":2,"product_id":6,"new_quantity":32} []
[2025-04-17T05:25:25.841306+02:00] app.INFO: Add to cart request {"request_id":"cart_680074a5c966b0.96556585","user_id":44,"product_id":6,"product_size":"UK8.5","quantity":1} []
[2025-04-17T05:25:25.847039+02:00] app.INFO: Cart item updated {"request_id":"cart_680074a5c966b0.96556585","user_id":44,"cart_id":2,"product_id":6,"new_quantity":33} []
[2025-04-17T05:25:26.024862+02:00] app.INFO: Add to cart request {"request_id":"cart_680074a6021834.52326788","user_id":44,"product_id":6,"product_size":"UK8.5","quantity":1} []
[2025-04-17T05:25:26.030807+02:00] app.INFO: Cart item updated {"request_id":"cart_680074a6021834.52326788","user_id":44,"cart_id":2,"product_id":6,"new_quantity":34} []
[2025-04-17T05:25:26.163381+02:00] app.INFO: Add to cart request {"request_id":"cart_680074a623c263.63705174","user_id":44,"product_id":6,"product_size":"UK8.5","quantity":1} []
[2025-04-17T05:25:26.167759+02:00] app.INFO: Cart item updated {"request_id":"cart_680074a623c263.63705174","user_id":44,"cart_id":2,"product_id":6,"new_quantity":35} []
[2025-04-17T05:25:26.332701+02:00] app.INFO: Add to cart request {"request_id":"cart_680074a64cf3e2.33632796","user_id":44,"product_id":6,"product_size":"UK8.5","quantity":1} []
[2025-04-17T05:25:26.337538+02:00] app.INFO: Cart item updated {"request_id":"cart_680074a64cf3e2.33632796","user_id":44,"cart_id":2,"product_id":6,"new_quantity":36} []
[2025-04-17T05:25:26.441786+02:00] app.INFO: Add to cart request {"request_id":"cart_680074a66ad907.66875782","user_id":44,"product_id":6,"product_size":"UK8.5","quantity":1} []
[2025-04-17T05:25:26.446003+02:00] app.INFO: Cart item updated {"request_id":"cart_680074a66ad907.66875782","user_id":44,"cart_id":2,"product_id":6,"new_quantity":37} []
[2025-04-17T05:26:13.377217+02:00] app.ERROR: Uncaught Exception {"message":"number_format(): Argument #1 ($num) must be of type float, string given","file":"C:\\xampp\\htdocs\\FYP\\FYP\\User\\order\\cart.php","line":177,"trace":"#0 C:\\xampp\\htdocs\\FYP\\FYP\\User\\order\\cart.php(177): number_format('120.00', 2)\n#1 C:\\xampp\\htdocs\\FYP\\FYP\\User\\order\\cart.php(238): formatPrice('120.00')\n#2 {main}"} []
[2025-04-17T05:26:22.857686+02:00] app.INFO: Add to cart request {"request_id":"cart_680074decd5f76.15289946","user_id":44,"product_id":6,"product_size":"UK8.5","quantity":1} []
[2025-04-17T05:26:22.862471+02:00] app.INFO: Cart item updated {"request_id":"cart_680074decd5f76.15289946","user_id":44,"cart_id":2,"product_id":6,"new_quantity":38} []
[2025-04-17T05:26:58.427609+02:00] app.INFO: Add to cart request {"request_id":"cart_68007502673e15.74432118","user_id":44,"product_id":6,"product_size":"UK8.5","quantity":1} []
[2025-04-17T05:26:58.431268+02:00] app.INFO: Cart item updated {"request_id":"cart_68007502673e15.74432118","user_id":44,"cart_id":2,"product_id":6,"new_quantity":39} []
[2025-04-17T05:41:11.148798+02:00] app.INFO: Add to cart request {"request_id":"cart_6800785718d774.56585199","user_id":44,"product_id":8,"product_size":"UK13.5C","quantity":1} []
[2025-04-17T05:41:11.154351+02:00] app.INFO: New cart item added {"request_id":"cart_6800785718d774.56585199","user_id":44,"product_id":8,"product_size":"UK13.5C","quantity":1} []
[2025-04-17T05:41:11.968282+02:00] app.INFO: Add to cart request {"request_id":"cart_68007857e847f2.50712753","user_id":44,"product_id":8,"product_size":"UK13.5C","quantity":1} []
[2025-04-17T05:41:11.972391+02:00] app.ERROR: Add to cart error {"request_id":"cart_68007857e847f2.50712753","error":"Cannot add more items. Limited to 1 items.","user_id":44,"product_id":8,"product_size":"UK13.5C"} []
[2025-04-17T05:41:12.184310+02:00] app.INFO: Add to cart request {"request_id":"cart_6800785828b681.91292695","user_id":44,"product_id":8,"product_size":"UK13.5C","quantity":1} []
[2025-04-17T05:41:12.189318+02:00] app.ERROR: Add to cart error {"request_id":"cart_6800785828b681.91292695","error":"Cannot add more items. Limited to 1 items.","user_id":44,"product_id":8,"product_size":"UK13.5C"} []
[2025-04-17T05:41:23.574082+02:00] app.INFO: Updating cart item quantity {"user_id":44,"cart_id":2,"old_quantity":39,"new_quantity":38} []
[2025-04-17T05:41:25.604144+02:00] app.INFO: Updating cart item quantity {"user_id":44,"cart_id":2,"old_quantity":38,"new_quantity":37} []
[2025-04-17T05:41:27.323206+02:00] app.INFO: Updating cart item quantity {"user_id":44,"cart_id":2,"old_quantity":37,"new_quantity":36} []
[2025-04-17T05:41:41.679581+02:00] app.INFO: Add to cart request {"request_id":"cart_68007875a1f114.70025677","user_id":44,"product_id":6,"product_size":"UK8.5","quantity":1} []
[2025-04-17T05:41:41.684044+02:00] app.INFO: Cart item updated {"request_id":"cart_68007875a1f114.70025677","user_id":44,"cart_id":2,"product_id":6,"new_quantity":37} []
[2025-04-17T05:41:53.778972+02:00] app.INFO: Add to cart request {"request_id":"cart_68007881b9c634.54671389","user_id":44,"product_id":8,"product_size":"UK13.5C","quantity":1} []
[2025-04-17T05:41:53.783738+02:00] app.ERROR: Add to cart error {"request_id":"cart_68007881b9c634.54671389","error":"Cannot add more items. Limited to 1 items.","user_id":44,"product_id":8,"product_size":"UK13.5C"} []
[2025-04-17T05:41:58.910103+02:00] app.INFO: Add to cart request {"request_id":"cart_68007886d9f396.08449178","user_id":44,"product_id":24,"product_size":"XXS","quantity":1} []
[2025-04-17T05:41:58.915486+02:00] app.INFO: New cart item added {"request_id":"cart_68007886d9f396.08449178","user_id":44,"product_id":24,"product_size":"XXS","quantity":1} []
[2025-04-17T07:17:41.462387+02:00] app.INFO: Add to cart request {"request_id":"cart_68008ef5651a31.06667358","user_id":41,"product_id":18,"product_size":"XXS","quantity":1} []
[2025-04-17T07:17:41.469448+02:00] app.INFO: New cart item added {"request_id":"cart_68008ef5651a31.06667358","user_id":41,"product_id":18,"product_size":"XXS","quantity":1} []
[2025-04-17T07:17:47.465621+02:00] app.INFO: Updating cart item quantity {"user_id":41,"cart_id":5,"old_quantity":1,"new_quantity":2} []
[2025-04-17T07:17:51.050269+02:00] app.INFO: Updating cart item quantity {"user_id":41,"cart_id":5,"old_quantity":2,"new_quantity":1} []
[2025-04-17T07:17:51.656081+02:00] app.INFO: Updating cart item quantity {"user_id":41,"cart_id":5,"old_quantity":1,"new_quantity":2} []
[2025-04-17T07:17:55.087895+02:00] app.INFO: Updating cart item quantity {"user_id":41,"cart_id":5,"old_quantity":2,"new_quantity":3} []
[2025-04-17T07:17:57.748801+02:00] app.INFO: Updating cart item quantity {"user_id":41,"cart_id":5,"old_quantity":3,"new_quantity":2} []
[2025-04-17T07:17:58.400623+02:00] app.INFO: Updating cart item quantity {"user_id":41,"cart_id":5,"old_quantity":2,"new_quantity":1} []
[2025-04-17T07:18:23.489415+02:00] app.INFO: Removing cart item {"user_id":41,"cart_id":"5"} []
[2025-04-17T07:18:52.235775+02:00] app.INFO: Add to cart request {"request_id":"cart_68008f3c3627b8.47783386","user_id":41,"product_id":25,"product_size":"UK13.5C","quantity":1} []
[2025-04-17T07:18:52.239632+02:00] app.INFO: New cart item added {"request_id":"cart_68008f3c3627b8.47783386","user_id":41,"product_id":25,"product_size":"UK13.5C","quantity":1} []
[2025-04-17T07:19:03.546998+02:00] app.INFO: Add to cart request {"request_id":"cart_68008f4784ba61.32341256","user_id":41,"product_id":22,"product_size":"S","quantity":1} []
[2025-04-17T07:19:03.549964+02:00] app.INFO: New cart item added {"request_id":"cart_68008f4784ba61.32341256","user_id":41,"product_id":22,"product_size":"S","quantity":1} []
[2025-04-17T07:19:09.810831+02:00] app.INFO: Add to cart request {"request_id":"cart_68008f4dc1d590.47707076","user_id":41,"product_id":38,"product_size":"XXS","quantity":1} []
[2025-04-17T07:19:09.814344+02:00] app.INFO: New cart item added {"request_id":"cart_68008f4dc1d590.47707076","user_id":41,"product_id":38,"product_size":"XXS","quantity":1} []
[2025-04-17T07:19:14.449277+02:00] app.INFO: Add to cart request {"request_id":"cart_68008f5268b526.52552450","user_id":41,"product_id":38,"product_size":"XXS","quantity":2} []
[2025-04-17T07:19:14.451575+02:00] app.ERROR: Add to cart error {"request_id":"cart_68008f5268b526.52552450","error":"Insufficient stock available. Only 1 items in stock.","user_id":41,"product_id":38,"product_size":"XXS"} []
[2025-04-17T07:19:51.077539+02:00] app.INFO: Add to cart request {"request_id":"cart_68008f77121fb8.14838793","user_id":41,"product_id":23,"product_size":"XXS","quantity":1} []
[2025-04-17T07:19:51.079934+02:00] app.INFO: New cart item added {"request_id":"cart_68008f77121fb8.14838793","user_id":41,"product_id":23,"product_size":"XXS","quantity":1} []
[2025-04-17T07:20:09.670472+02:00] app.INFO: Updating cart item quantity {"user_id":41,"cart_id":7,"old_quantity":1,"new_quantity":2} []
[2025-04-17T07:20:10.798638+02:00] app.INFO: Updating cart item quantity {"user_id":41,"cart_id":9,"old_quantity":1,"new_quantity":2} []
[2025-04-17T07:20:12.392854+02:00] app.ERROR: Cart operation error {"user_id":41,"action":"update_quantity","error":"Cannot update quantity. Only 1 items in stock."} []
[2025-04-17T07:20:17.856194+02:00] app.INFO: Updating cart item quantity {"user_id":41,"cart_id":7,"old_quantity":2,"new_quantity":1} []
[2025-04-17T07:20:22.080021+02:00] app.ERROR: Cart operation error {"user_id":41,"action":"update_quantity","error":"Cannot update quantity. Only 1 items in stock."} []
[2025-04-17T07:20:24.312718+02:00] app.INFO: Updating cart item quantity {"user_id":41,"cart_id":6,"old_quantity":1,"new_quantity":1} []
[2025-04-17T07:20:25.329294+02:00] app.INFO: Updating cart item quantity {"user_id":41,"cart_id":9,"old_quantity":2,"new_quantity":3} []
[2025-04-17T07:20:25.907233+02:00] app.INFO: Updating cart item quantity {"user_id":41,"cart_id":9,"old_quantity":3,"new_quantity":4} []
[2025-04-17T07:20:26.597854+02:00] app.INFO: Updating cart item quantity {"user_id":41,"cart_id":9,"old_quantity":4,"new_quantity":5} []
[2025-04-17T07:20:27.774497+02:00] app.ERROR: Cart operation error {"user_id":41,"action":"update_quantity","error":"Cannot update quantity. Only 1 items in stock."} []
[2025-04-17T07:22:40.289483+02:00] app.INFO: Updating cart item quantity {"user_id":41,"cart_id":7,"old_quantity":1,"new_quantity":2} []
[2025-04-17T07:22:43.216045+02:00] app.INFO: Updating cart item quantity {"user_id":41,"cart_id":7,"old_quantity":2,"new_quantity":1} []
[2025-04-17T07:22:47.989867+02:00] app.INFO: Updating cart item quantity {"user_id":41,"cart_id":7,"old_quantity":1,"new_quantity":1} []
[2025-04-17T07:23:58.938854+02:00] app.INFO: Add to cart request {"request_id":"cart_6800906ee44965.30029021","user_id":41,"product_id":41,"product_size":"One Size","quantity":1} []
[2025-04-17T07:23:58.941103+02:00] app.INFO: New cart item added {"request_id":"cart_6800906ee44965.30029021","user_id":41,"product_id":41,"product_size":"One Size","quantity":1} []
[2025-04-17T07:24:29.589835+02:00] app.INFO: Add to cart request {"request_id":"cart_6800908d8c4245.48952151","user_id":41,"product_id":20,"product_size":"UK5","quantity":1} []
[2025-04-17T07:24:29.591806+02:00] app.INFO: New cart item added {"request_id":"cart_6800908d8c4245.48952151","user_id":41,"product_id":20,"product_size":"UK5","quantity":1} []
[2025-04-17T07:24:32.653522+02:00] app.INFO: Add to cart request {"request_id":"cart_68009090987390.20095991","user_id":41,"product_id":20,"product_size":"UK5","quantity":3} []
[2025-04-17T07:24:32.656247+02:00] app.INFO: Cart item updated {"request_id":"cart_68009090987390.20095991","user_id":41,"cart_id":11,"product_id":20,"new_quantity":4} []
[2025-04-17T07:24:41.091427+02:00] app.INFO: Updating cart item quantity {"user_id":41,"cart_id":11,"old_quantity":4,"new_quantity":5} []
[2025-04-17T07:24:43.991917+02:00] app.INFO: Updating cart item quantity {"user_id":41,"cart_id":11,"old_quantity":5,"new_quantity":6} []
[2025-04-17T07:24:45.663116+02:00] app.INFO: Updating cart item quantity {"user_id":41,"cart_id":11,"old_quantity":6,"new_quantity":7} []
[2025-04-17T07:24:48.168756+02:00] app.INFO: Updating cart item quantity {"user_id":41,"cart_id":11,"old_quantity":7,"new_quantity":8} []
[2025-04-17T07:24:49.794796+02:00] app.INFO: Updating cart item quantity {"user_id":41,"cart_id":11,"old_quantity":8,"new_quantity":9} []
[2025-04-17T07:25:05.397580+02:00] app.INFO: Updating cart item quantity {"user_id":41,"cart_id":11,"old_quantity":9,"new_quantity":10} []
[2025-04-17T07:25:07.439092+02:00] app.INFO: Updating cart item quantity {"user_id":41,"cart_id":11,"old_quantity":10,"new_quantity":11} []
[2025-04-17T07:25:14.569933+02:00] app.INFO: Updating cart item quantity {"user_id":41,"cart_id":11,"old_quantity":11,"new_quantity":12} []
[2025-04-17T07:25:16.499444+02:00] app.INFO: Updating cart item quantity {"user_id":41,"cart_id":11,"old_quantity":12,"new_quantity":13} []
[2025-04-17T07:25:21.067573+02:00] app.INFO: Updating cart item quantity {"user_id":41,"cart_id":11,"old_quantity":13,"new_quantity":14} []
[2025-04-17T07:25:26.580417+02:00] app.INFO: Removing cart item {"user_id":41,"cart_id":"9"} []
[2025-04-17T07:25:44.646522+02:00] app.INFO: Updating cart item quantity {"user_id":41,"cart_id":11,"old_quantity":14,"new_quantity":13} []
[2025-04-17T07:25:44.750998+02:00] app.INFO: Updating cart item quantity {"user_id":41,"cart_id":11,"old_quantity":13,"new_quantity":12} []
[2025-04-17T07:25:45.080332+02:00] app.INFO: Updating cart item quantity {"user_id":41,"cart_id":11,"old_quantity":12,"new_quantity":11} []
[2025-04-17T07:25:45.511998+02:00] app.INFO: Updating cart item quantity {"user_id":41,"cart_id":11,"old_quantity":11,"new_quantity":10} []
[2025-04-17T07:25:45.632288+02:00] app.INFO: Updating cart item quantity {"user_id":41,"cart_id":11,"old_quantity":10,"new_quantity":9} []
[2025-04-17T07:25:45.882409+02:00] app.INFO: Updating cart item quantity {"user_id":41,"cart_id":11,"old_quantity":9,"new_quantity":8} []
[2025-04-17T07:25:46.405169+02:00] app.INFO: Updating cart item quantity {"user_id":41,"cart_id":11,"old_quantity":8,"new_quantity":7} []
[2025-04-17T07:25:46.497000+02:00] app.INFO: Updating cart item quantity {"user_id":41,"cart_id":11,"old_quantity":7,"new_quantity":6} []
[2025-04-17T07:25:46.822388+02:00] app.INFO: Updating cart item quantity {"user_id":41,"cart_id":11,"old_quantity":6,"new_quantity":5} []
[2025-04-17T07:25:46.944089+02:00] app.INFO: Updating cart item quantity {"user_id":41,"cart_id":11,"old_quantity":5,"new_quantity":4} []
[2025-04-17T07:25:47.224744+02:00] app.INFO: Updating cart item quantity {"user_id":41,"cart_id":11,"old_quantity":4,"new_quantity":3} []
[2025-04-17T07:25:47.642877+02:00] app.INFO: Updating cart item quantity {"user_id":41,"cart_id":11,"old_quantity":3,"new_quantity":2} []
[2025-04-17T07:25:47.922641+02:00] app.INFO: Updating cart item quantity {"user_id":41,"cart_id":11,"old_quantity":2,"new_quantity":1} []
[2025-04-17T07:25:48.247469+02:00] app.INFO: Updating cart item quantity {"user_id":41,"cart_id":11,"old_quantity":1,"new_quantity":1} []
[2025-04-17T07:25:48.586696+02:00] app.INFO: Updating cart item quantity {"user_id":41,"cart_id":11,"old_quantity":1,"new_quantity":1} []
[2025-04-17T07:25:51.343380+02:00] app.INFO: Removing cart item {"user_id":41,"cart_id":"11"} []
[2025-04-17T07:26:19.395499+02:00] app.ERROR: Cart operation error {"user_id":41,"action":"update_quantity","error":"Cannot update quantity. Only 1 items in stock."} []
[2025-04-17T07:26:21.390821+02:00] app.ERROR: Cart operation error {"user_id":41,"action":"update_quantity","error":"Cannot update quantity. Only 1 items in stock."} []
[2025-04-17T07:26:22.009139+02:00] app.ERROR: Cart operation error {"user_id":41,"action":"update_quantity","error":"Cannot update quantity. Only 1 items in stock."} []
[2025-04-17T07:26:22.519229+02:00] app.ERROR: Cart operation error {"user_id":41,"action":"update_quantity","error":"Cannot update quantity. Only 1 items in stock."} []
[2025-04-17T07:26:24.398086+02:00] app.INFO: Updating cart item quantity {"user_id":41,"cart_id":7,"old_quantity":1,"new_quantity":2} []
[2025-04-17T07:26:26.394749+02:00] app.INFO: Updating cart item quantity {"user_id":41,"cart_id":7,"old_quantity":2,"new_quantity":3} []
[2025-04-17T07:28:21.202472+02:00] app.INFO: Add to cart request {"request_id":"cart_680091752dcb68.92441516","user_id":41,"product_id":40,"product_size":"One Size","quantity":1} []
[2025-04-17T07:28:21.204656+02:00] app.INFO: New cart item added {"request_id":"cart_680091752dcb68.92441516","user_id":41,"product_id":40,"product_size":"One Size","quantity":1} []
[2025-04-17T07:39:52.431862+02:00] app.INFO: Add to cart request {"request_id":"cart_68009428653453.17193234","user_id":41,"product_id":5,"product_size":"UK7.5","quantity":1} []
[2025-04-17T07:39:52.437565+02:00] app.INFO: New cart item added {"request_id":"cart_68009428653453.17193234","user_id":41,"product_id":5,"product_size":"UK7.5","quantity":1} []
[2025-04-17T07:39:57.338613+02:00] app.INFO: Add to cart request {"request_id":"cart_6800942d4ebf14.93908468","user_id":41,"product_id":5,"product_size":"UK7.5","quantity":1} []
[2025-04-17T07:39:57.343669+02:00] app.INFO: Cart item updated {"request_id":"cart_6800942d4ebf14.93908468","user_id":41,"cart_id":13,"product_id":5,"new_quantity":2} []
[2025-04-17T07:40:00.863354+02:00] app.INFO: Add to cart request {"request_id":"cart_68009430ce8d46.13313010","user_id":41,"product_id":5,"product_size":"UK7.5","quantity":1} []
[2025-04-17T07:40:00.867456+02:00] app.INFO: Cart item updated {"request_id":"cart_68009430ce8d46.13313010","user_id":41,"cart_id":13,"product_id":5,"new_quantity":3} []
[2025-04-17T07:40:04.503057+02:00] app.INFO: Add to cart request {"request_id":"cart_68009434769e71.95470068","user_id":41,"product_id":5,"product_size":"UK7.5","quantity":1} []
[2025-04-17T07:40:04.508432+02:00] app.INFO: Cart item updated {"request_id":"cart_68009434769e71.95470068","user_id":41,"cart_id":13,"product_id":5,"new_quantity":4} []
[2025-04-17T07:40:05.879875+02:00] app.INFO: Add to cart request {"request_id":"cart_68009435d5fad5.39184439","user_id":41,"product_id":5,"product_size":"UK7.5","quantity":1} []
[2025-04-17T07:40:05.883409+02:00] app.INFO: Cart item updated {"request_id":"cart_68009435d5fad5.39184439","user_id":41,"cart_id":13,"product_id":5,"new_quantity":5} []
[2025-04-17T07:40:12.364905+02:00] app.INFO: Add to cart request {"request_id":"cart_6800943c557586.38723501","user_id":41,"product_id":5,"product_size":"UK7.5","quantity":1} []
[2025-04-17T07:40:12.368073+02:00] app.INFO: Cart item updated {"request_id":"cart_6800943c557586.38723501","user_id":41,"cart_id":13,"product_id":5,"new_quantity":6} []
[2025-04-17T07:40:16.260965+02:00] app.INFO: Add to cart request {"request_id":"cart_680094403c2fd0.50094137","user_id":41,"product_id":5,"product_size":"UK7.5","quantity":1} []
[2025-04-17T07:40:16.263944+02:00] app.INFO: Cart item updated {"request_id":"cart_680094403c2fd0.50094137","user_id":41,"cart_id":13,"product_id":5,"new_quantity":7} []
[2025-04-17T07:40:22.608249+02:00] app.INFO: Updating cart item quantity {"user_id":41,"cart_id":13,"old_quantity":7,"new_quantity":8} []
[2025-04-17T07:40:28.210212+02:00] app.INFO: Add to cart request {"request_id":"cart_6800944c2fa0b2.10569717","user_id":41,"product_id":40,"product_size":"One Size","quantity":1} []
[2025-04-17T07:40:28.212071+02:00] app.ERROR: Add to cart error {"request_id":"cart_6800944c2fa0b2.10569717","error":"Cannot add more items. Limited to 1 items.","user_id":41,"product_id":40,"product_size":"One Size"} []
[2025-04-17T07:45:56.592360+02:00] app.INFO: Add to cart request {"request_id":"cart_680095948f5da7.37406216","user_id":41,"product_id":27,"product_size":"UK13.5C","quantity":1} []
[2025-04-17T07:45:56.599016+02:00] app.INFO: New cart item added {"request_id":"cart_680095948f5da7.37406216","user_id":41,"product_id":27,"product_size":"UK13.5C","quantity":1} []
[2025-04-17T10:37:11.091679+02:00] app.INFO: Add to cart request {"request_id":"cart_6800bdb7125c16.75307829","user_id":41,"product_id":25,"product_size":"UK13.5C","quantity":1} []
[2025-04-17T10:37:11.094512+02:00] app.ERROR: Add to cart error {"request_id":"cart_6800bdb7125c16.75307829","error":"Cannot add more items. Limited to 1 items.","user_id":41,"product_id":25,"product_size":"UK13.5C"} []
[2025-04-17T10:37:20.375388+02:00] app.INFO: Add to cart request {"request_id":"cart_6800bdc053f0e6.55891585","user_id":41,"product_id":25,"product_size":"UK13.5C","quantity":1} []
[2025-04-17T10:37:20.379616+02:00] app.ERROR: Add to cart error {"request_id":"cart_6800bdc053f0e6.55891585","error":"Cannot add more items. Limited to 1 items.","user_id":41,"product_id":25,"product_size":"UK13.5C"} []
[2025-04-17T10:40:02.473667+02:00] app.INFO: Add to cart request {"request_id":"cart_6800be626c4453.73872080","user_id":41,"product_id":40,"product_size":"One Size","quantity":1} []
[2025-04-17T10:40:02.476227+02:00] app.ERROR: Add to cart error {"request_id":"cart_6800be626c4453.73872080","error":"Cannot add more items. Limited to 1 items.","user_id":41,"product_id":40,"product_size":"One Size"} []
[2025-04-17T10:40:11.453083+02:00] app.INFO: Add to cart request {"request_id":"cart_6800be6b6851a9.61989514","user_id":41,"product_id":40,"product_size":"One Size","quantity":1} []
[2025-04-17T10:40:11.455414+02:00] app.ERROR: Add to cart error {"request_id":"cart_6800be6b6851a9.61989514","error":"Cannot add more items. Limited to 1 items.","user_id":41,"product_id":40,"product_size":"One Size"} []
[2025-04-17T10:40:16.134115+02:00] app.INFO: Add to cart request {"request_id":"cart_6800be70200dc2.12714057","user_id":41,"product_id":42,"product_size":"UK6","quantity":1} []
[2025-04-17T10:40:16.136058+02:00] app.INFO: New cart item added {"request_id":"cart_6800be70200dc2.12714057","user_id":41,"product_id":42,"product_size":"UK6","quantity":1} []
[2025-04-17T11:02:56.352124+02:00] app.ERROR: Cart operation error {"user_id":41,"action":"update_quantity","error":"Cannot update quantity. Only 1 items in stock."} []
[2025-04-17T11:02:59.392127+02:00] app.INFO: Updating cart item quantity {"user_id":41,"cart_id":13,"old_quantity":8,"new_quantity":9} []
[2025-04-17T11:03:00.994798+02:00] app.INFO: Updating cart item quantity {"user_id":41,"cart_id":13,"old_quantity":9,"new_quantity":10} []
[2025-04-17T11:39:30.167523+02:00] app.INFO: Add to cart request {"request_id":"cart_6800cc5222d321.41497171","user_id":41,"product_id":20,"product_size":"UK5","quantity":1} []
[2025-04-17T11:39:30.175368+02:00] app.INFO: New cart item added {"request_id":"cart_6800cc5222d321.41497171","user_id":41,"product_id":20,"product_size":"UK5","quantity":1} []
[2025-04-17T11:39:39.846173+02:00] app.INFO: Add to cart request {"request_id":"cart_6800cc5bcd9bd6.58355638","user_id":41,"product_id":20,"product_size":"UK5","quantity":1} []
[2025-04-17T11:39:39.849135+02:00] app.INFO: Cart item updated {"request_id":"cart_6800cc5bcd9bd6.58355638","user_id":41,"cart_id":16,"product_id":20,"new_quantity":2} []
[2025-04-17T11:39:40.525166+02:00] app.INFO: Add to cart request {"request_id":"cart_6800cc5c7bf637.69876318","user_id":41,"product_id":20,"product_size":"UK5","quantity":1} []
[2025-04-17T11:39:40.530423+02:00] app.INFO: Cart item updated {"request_id":"cart_6800cc5c7bf637.69876318","user_id":41,"cart_id":16,"product_id":20,"new_quantity":3} []
[2025-04-17T11:39:40.634232+02:00] app.INFO: Add to cart request {"request_id":"cart_6800cc5c9a2192.80870304","user_id":41,"product_id":20,"product_size":"UK5","quantity":1} []
[2025-04-17T11:39:40.638053+02:00] app.INFO: Cart item updated {"request_id":"cart_6800cc5c9a2192.80870304","user_id":41,"cart_id":16,"product_id":20,"new_quantity":4} []
[2025-04-17T11:39:40.781745+02:00] app.INFO: Add to cart request {"request_id":"cart_6800cc5cbe4512.65354310","user_id":41,"product_id":20,"product_size":"UK5","quantity":1} []
[2025-04-17T11:39:40.788675+02:00] app.INFO: Cart item updated {"request_id":"cart_6800cc5cbe4512.65354310","user_id":41,"cart_id":16,"product_id":20,"new_quantity":5} []
[2025-04-17T11:39:40.959825+02:00] app.INFO: Add to cart request {"request_id":"cart_6800cc5ce64295.12076737","user_id":41,"product_id":20,"product_size":"UK5","quantity":1} []
[2025-04-17T11:39:40.963008+02:00] app.INFO: Cart item updated {"request_id":"cart_6800cc5ce64295.12076737","user_id":41,"cart_id":16,"product_id":20,"new_quantity":6} []
[2025-04-17T11:39:41.163051+02:00] app.INFO: Add to cart request {"request_id":"cart_6800cc5d23f665.20346850","user_id":41,"product_id":20,"product_size":"UK5","quantity":1} []
[2025-04-17T11:39:41.166185+02:00] app.INFO: Cart item updated {"request_id":"cart_6800cc5d23f665.20346850","user_id":41,"cart_id":16,"product_id":20,"new_quantity":7} []
[2025-04-17T11:39:49.400042+02:00] app.INFO: Add to cart request {"request_id":"cart_6800cc65607595.25277590","user_id":41,"product_id":21,"product_size":"One Size","quantity":1} []
[2025-04-17T11:39:49.404459+02:00] app.INFO: New cart item added {"request_id":"cart_6800cc65607595.25277590","user_id":41,"product_id":21,"product_size":"One Size","quantity":1} []
[2025-04-17T11:40:35.011528+02:00] app.ERROR: Cart operation error {"user_id":41,"action":"update_quantity","error":"Cannot update quantity. Only 1 items in stock."} []
[2025-04-17T11:40:37.253127+02:00] app.INFO: Updating cart item quantity {"user_id":41,"cart_id":17,"old_quantity":1,"new_quantity":2} []
[2025-04-17T11:40:38.934841+02:00] app.ERROR: Cart operation error {"user_id":41,"action":"update_quantity","error":"Cannot update quantity. Only 10 items in stock."} []
[2025-04-17T11:40:43.027574+02:00] app.INFO: Updating cart item quantity {"user_id":41,"cart_id":7,"old_quantity":3,"new_quantity":4} []
[2025-04-17T11:41:08.495273+02:00] app.INFO: Add to cart request {"request_id":"cart_6800ccb4755e58.93726182","user_id":41,"product_id":7,"product_size":"UK13.5C","quantity":1} []
[2025-04-17T11:41:08.498887+02:00] app.INFO: New cart item added {"request_id":"cart_6800ccb4755e58.93726182","user_id":41,"product_id":7,"product_size":"UK13.5C","quantity":1} []
[2025-04-17T11:41:25.959925+02:00] app.INFO: Removing cart item {"user_id":41,"cart_id":"17"} []
[2025-04-17T11:41:52.404262+02:00] app.INFO: Updating cart item quantity {"user_id":41,"cart_id":13,"old_quantity":10,"new_quantity":9} []
[2025-04-17T11:41:52.714861+02:00] app.INFO: Updating cart item quantity {"user_id":41,"cart_id":13,"old_quantity":9,"new_quantity":8} []
[2025-04-17T11:41:52.854873+02:00] app.INFO: Updating cart item quantity {"user_id":41,"cart_id":13,"old_quantity":8,"new_quantity":7} []
[2025-04-17T11:41:52.975442+02:00] app.INFO: Updating cart item quantity {"user_id":41,"cart_id":13,"old_quantity":7,"new_quantity":6} []
[2025-04-17T11:41:53.284668+02:00] app.INFO: Updating cart item quantity {"user_id":41,"cart_id":13,"old_quantity":6,"new_quantity":5} []
[2025-04-17T11:41:53.394230+02:00] app.INFO: Updating cart item quantity {"user_id":41,"cart_id":13,"old_quantity":5,"new_quantity":4} []
[2025-04-17T11:41:53.704934+02:00] app.INFO: Updating cart item quantity {"user_id":41,"cart_id":13,"old_quantity":4,"new_quantity":3} []
[2025-04-17T11:41:55.492362+02:00] app.INFO: Updating cart item quantity {"user_id":41,"cart_id":15,"old_quantity":1,"new_quantity":1} []
[2025-04-17T11:41:57.872032+02:00] app.INFO: Updating cart item quantity {"user_id":41,"cart_id":15,"old_quantity":1,"new_quantity":1} []
[2025-04-17T11:45:29.500913+02:00] app.INFO: Updating cart item quantity {"user_id":41,"cart_id":7,"old_quantity":4,"new_quantity":5} []
[2025-04-17T16:13:36.269987+02:00] app.INFO: Add to cart request {"request_id":"cart_68010c903c27a1.45533052","user_id":41,"product_id":6,"product_size":"UK8.5","quantity":1} []
[2025-04-17T16:13:36.273856+02:00] app.INFO: New cart item added {"request_id":"cart_68010c903c27a1.45533052","user_id":41,"product_id":6,"product_size":"UK8.5","quantity":1} []
[2025-04-17T16:17:34.639471+02:00] app.INFO: Add to cart request {"request_id":"cart_68010d7e97eb71.91910186","user_id":41,"product_id":18,"product_size":"XXS","quantity":1} []
[2025-04-17T16:17:34.645414+02:00] app.INFO: New cart item added {"request_id":"cart_68010d7e97eb71.91910186","user_id":41,"product_id":18,"product_size":"XXS","quantity":1} []
