[2025-05-22T06:51:21.302440+02:00] auth.WARNING: Failed login attempt {"email":"sohxj0802@gmail.com","ip":"::1","reason":"invalid_password"} []
[2025-05-22T06:52:09.884135+02:00] auth.INFO: OTP generated for login {"user_id":53,"email":"sohxj0802@gmail.com","ip":"::1","auth_time":"0.0861"} []
[2025-05-22T06:52:14.160938+02:00] auth.INFO: OTP sent after redirect {"user_id":53,"email":"sohxj0802@gmail.com","ip":"::1","send_time":"4.2464"} []
[2025-05-22T06:52:28.697932+02:00] auth.INFO: User successfully verified OTP and logged in {"email":"sohxj0802@gmail.com","user_id":53} []
[2025-05-22T06:53:57.072619+02:00] auth.INFO: User logout {"user_id":53,"email":"sohxj0802@gmail.com","ip":"::1"} []
[2025-05-22T07:08:48.585770+02:00] auth.WARNING: Failed login attempt {"email":"sohxj0802@gmail.com","ip":"::1","reason":"invalid_password"} []
[2025-05-22T07:08:55.896629+02:00] auth.WARNING: Failed login attempt {"email":"sohxj0802@gmail.com","ip":"::1","reason":"invalid_password"} []
[2025-05-22T07:14:11.601256+02:00] auth.WARNING: Admin attempted to login on user page {"email":"sohxj0802@gmail.com","ip":"::1"} []
[2025-05-22T07:14:21.064264+02:00] auth.WARNING: Failed login attempt {"email":"sohxj0802@gmail.com","ip":"::1","reason":"invalid_password"} []
[2025-05-22T07:14:26.856099+02:00] auth.WARNING: Failed login attempt {"email":"sohxj0802@gmail.com","ip":"::1","reason":"invalid_password"} []
[2025-05-22T07:14:50.226433+02:00] auth.WARNING: Admin attempted to login on user page {"email":"chiannchua05@gmail.com","ip":"::1"} []
[2025-05-22T07:15:10.557906+02:00] auth.WARNING: Failed login attempt {"email":"sohxj0802@gmail.com","ip":"::1","reason":"invalid_password"} []
[2025-05-22T07:15:13.762312+02:00] auth.WARNING: Failed login attempt {"email":"sohxj0802@gmail.com","ip":"::1","reason":"invalid_password"} []
[2025-05-22T07:15:39.718202+02:00] auth.WARNING: Failed login attempt {"email":"sohxj0802@gmail.com","ip":"::1","reason":"invalid_password"} []
[2025-05-22T07:15:45.968337+02:00] auth.WARNING: Admin attempted to login on user page {"email":"sohxj0802@gmail.com","ip":"::1"} []
[2025-05-22T07:16:50.678384+02:00] auth.WARNING: Failed login attempt {"email":"sohxj0802@gmail.com","ip":"::1","reason":"invalid_password"} []
[2025-05-22T07:16:57.214835+02:00] auth.WARNING: Failed login attempt {"email":"sohxj0802@gmail.com","ip":"::1","reason":"invalid_password"} []
[2025-05-22T07:17:03.957825+02:00] auth.WARNING: Admin attempted to login on user page {"email":"sohxj0802@gmail.com","ip":"::1"} []
[2025-05-22T07:18:37.202733+02:00] auth.WARNING: Admin attempted to login on user page {"email":"sohxj0802@gmail.com","ip":"::1"} []
[2025-05-22T07:20:32.473250+02:00] auth.INFO: OTP generated for login {"user_id":60,"email":"sohxj0802@gmail.com","ip":"::1","auth_time":"0.1033"} []
[2025-05-22T07:20:35.876894+02:00] auth.INFO: OTP sent after redirect {"user_id":60,"email":"sohxj0802@gmail.com","ip":"::1","send_time":"3.3072"} []
[2025-05-22T07:25:54.772959+02:00] auth.INFO: OTP generated for login {"user_id":60,"email":"sohxj0802@gmail.com","ip":"::1","auth_time":"0.0895"} []
[2025-05-22T07:25:57.998285+02:00] auth.INFO: OTP sent after redirect {"user_id":60,"email":"sohxj0802@gmail.com","ip":"::1","send_time":"3.1891"} []
[2025-05-22T07:25:58.124183+02:00] auth.INFO: OTP generated for login {"user_id":60,"email":"sohxj0802@gmail.com","ip":"::1","auth_time":"0.0877"} []
[2025-05-22T07:26:01.517929+02:00] auth.INFO: OTP sent after redirect {"user_id":60,"email":"sohxj0802@gmail.com","ip":"::1","send_time":"3.3697"} []
[2025-05-22T07:26:01.676428+02:00] auth.INFO: OTP generated for login {"user_id":60,"email":"sohxj0802@gmail.com","ip":"::1","auth_time":"0.1308"} []
[2025-05-22T07:26:01.837472+02:00] auth.INFO: OTP generated for login {"user_id":60,"email":"sohxj0802@gmail.com","ip":"::1","auth_time":"0.1162"} []
[2025-05-22T07:26:04.855847+02:00] auth.INFO: OTP sent after redirect {"user_id":60,"email":"sohxj0802@gmail.com","ip":"::1","send_time":"2.9269"} []
[2025-05-22T07:26:19.798057+02:00] auth.INFO: User successfully verified OTP and logged in {"email":"sohxj0802@gmail.com","user_id":60} []
[2025-05-22T07:29:03.441705+02:00] auth.INFO: User logout {"user_id":60,"email":"sohxj0802@gmail.com","ip":"::1"} []
[2025-05-22T07:29:11.715271+02:00] auth.INFO: OTP generated for login {"user_id":60,"email":"sohxj0802@gmail.com","ip":"::1","auth_time":"0.1098"} []
[2025-05-22T07:29:14.750256+02:00] auth.INFO: OTP sent after redirect {"user_id":60,"email":"sohxj0802@gmail.com","ip":"::1","send_time":"2.9986"} []
[2025-05-22T07:30:22.176691+02:00] auth.INFO: User successfully verified OTP and logged in {"email":"sohxj0802@gmail.com","user_id":60} []
