[2025-05-24T08:37:27.277438+02:00] auth.INFO: OTP generated for login {"user_id":60,"email":"sohxj0802@gmail.com","ip":"::1","auth_time":"0.1512"} []
[2025-05-24T08:37:30.938005+02:00] auth.INFO: OTP sent after redirect {"user_id":60,"email":"sohxj0802@gmail.com","ip":"::1","send_time":"3.5738"} []
[2025-05-24T08:37:47.789963+02:00] auth.INFO: User successfully verified OTP and logged in {"email":"sohxj0802@gmail.com","user_id":60} []
[2025-05-24T08:49:30.702708+02:00] auth.INFO: User logout {"user_id":60,"email":"sohxj0802@gmail.com","ip":"::1"} []
[2025-05-24T09:13:50.494199+02:00] auth.INFO: User logout {"user_id":60,"email":"sohxj0802@gmail.com","ip":"::1"} []
[2025-05-24T09:13:57.193093+02:00] auth.WARNING: Failed login attempt {"email":"sohxj0802@gmail.com","ip":"::1","reason":"invalid_password"} []
[2025-05-24T09:13:58.197486+02:00] auth.INFO: OTP generated for login {"user_id":60,"email":"sohxj0802@gmail.com","ip":"::1","auth_time":"0.1049"} []
[2025-05-24T09:14:01.937342+02:00] auth.INFO: OTP sent after redirect {"user_id":60,"email":"sohxj0802@gmail.com","ip":"::1","send_time":"3.6204"} []
[2025-05-24T09:14:02.121126+02:00] auth.INFO: OTP generated for login {"user_id":60,"email":"sohxj0802@gmail.com","ip":"::1","auth_time":"0.1184"} []
[2025-05-24T09:14:02.256730+02:00] auth.INFO: OTP generated for login {"user_id":60,"email":"sohxj0802@gmail.com","ip":"::1","auth_time":"0.1073"} []
[2025-05-24T09:14:02.422924+02:00] auth.INFO: OTP generated for login {"user_id":60,"email":"sohxj0802@gmail.com","ip":"::1","auth_time":"0.1400"} []
[2025-05-24T09:14:02.570542+02:00] auth.INFO: OTP generated for login {"user_id":60,"email":"sohxj0802@gmail.com","ip":"::1","auth_time":"0.1088"} []
[2025-05-24T09:14:02.749943+02:00] auth.INFO: OTP generated for login {"user_id":60,"email":"sohxj0802@gmail.com","ip":"::1","auth_time":"0.1233"} []
[2025-05-24T09:14:02.856495+02:00] auth.INFO: OTP generated for login {"user_id":60,"email":"sohxj0802@gmail.com","ip":"::1","auth_time":"0.0929"} []
[2025-05-24T09:14:05.682247+02:00] auth.INFO: OTP sent after redirect {"user_id":60,"email":"sohxj0802@gmail.com","ip":"::1","send_time":"2.7879"} []
[2025-05-24T09:14:13.038424+02:00] auth.WARNING: Failed login attempt {"email":"sohxj0802@gmail.com","ip":"::1","reason":"invalid_password"} []
[2025-05-24T09:14:19.717962+02:00] auth.WARNING: Failed login attempt {"email":"sohxj0802@gmail.com","ip":"::1","reason":"invalid_password"} []
[2025-05-24T09:14:27.642503+02:00] auth.WARNING: Failed login attempt {"email":"sohxj0802@gmail.com","ip":"::1","reason":"invalid_password"} []
[2025-05-24T09:15:05.457114+02:00] auth.WARNING: Failed login attempt {"email":"sohxj0802@gmail.com","ip":"::1","reason":"invalid_password"} []
[2025-05-24T09:15:21.282327+02:00] auth.INFO: User successfully verified OTP and logged in {"email":"sohxj0802@gmail.com","user_id":60} []
[2025-05-24T09:15:31.705672+02:00] auth.WARNING: Failed login attempt {"email":"sohxj0802@gmail.com","ip":"::1","reason":"invalid_password"} []
[2025-05-24T09:15:50.864065+02:00] auth.WARNING: Failed login attempt {"email":"sohxj0802@gmail.com","ip":"::1","reason":"invalid_password"} []
[2025-05-24T09:16:31.219268+02:00] auth.INFO: OTP generated for login {"user_id":60,"email":"sohxj0802@gmail.com","ip":"::1","auth_time":"0.1010"} []
[2025-05-24T09:16:34.252258+02:00] auth.INFO: OTP sent after redirect {"user_id":60,"email":"sohxj0802@gmail.com","ip":"::1","send_time":"2.9681"} []
[2025-05-24T09:17:10.506111+02:00] auth.INFO: User successfully verified OTP and logged in {"email":"sohxj0802@gmail.com","user_id":60} []
[2025-05-24T09:17:40.942112+02:00] auth.INFO: User logout {"user_id":60,"email":"sohxj0802@gmail.com","ip":"::1"} []
[2025-05-24T09:17:44.633107+02:00] auth.INFO: User logout {"user_id":60,"email":"sohxj0802@gmail.com","ip":"::1"} []
[2025-05-24T09:36:58.909396+02:00] auth.INFO: OTP generated for login {"user_id":60,"email":"sohxj0802@gmail.com","ip":"::1","auth_time":"0.1530"} []
[2025-05-24T09:37:02.333289+02:00] auth.INFO: OTP sent after redirect {"user_id":60,"email":"sohxj0802@gmail.com","ip":"::1","send_time":"3.3485"} []
[2025-05-24T09:37:17.228047+02:00] auth.INFO: User successfully verified OTP and logged in {"email":"sohxj0802@gmail.com","user_id":60} []
[2025-05-24T11:00:11.752395+02:00] auth.WARNING: Failed login attempt {"email":"sohxj0802@gmail.com","ip":"::1","reason":"invalid_password"} []
[2025-05-24T11:00:20.043288+02:00] auth.INFO: OTP generated for login {"user_id":60,"email":"sohxj0802@gmail.com","ip":"::1","auth_time":"0.1276"} []
[2025-05-24T11:00:24.726114+02:00] auth.INFO: OTP sent after redirect {"user_id":60,"email":"sohxj0802@gmail.com","ip":"::1","send_time":"4.6155"} []
[2025-05-24T11:00:38.385774+02:00] auth.INFO: User successfully verified OTP and logged in {"email":"sohxj0802@gmail.com","user_id":60} []
[2025-05-24T11:53:42.418821+02:00] auth.INFO: User logout {"user_id":60,"email":"sohxj0802@gmail.com","ip":"::1"} []
