[2025-04-21T12:51:42.145760+02:00] app.ERROR: PHP Error {"message":"Undefined variable $stripeTestMode","file":"C:\\xampp\\htdocs\\FYP\\FYP\\User\\payment\\checkout.php","line":86,"severity":2} []
[2025-04-21T12:51:42.147745+02:00] app.ERROR: PHP Error {"message":"Undefined variable $stripeLivePublishableKey","file":"C:\\xampp\\htdocs\\FYP\\FYP\\User\\payment\\checkout.php","line":86,"severity":2} []
[2025-04-21T12:51:47.943655+02:00] app.ERROR: PHP Error {"message":"Undefined variable $stripeTestMode","file":"C:\\xampp\\htdocs\\FYP\\FYP\\User\\payment\\checkout.php","line":86,"severity":2} []
[2025-04-21T12:51:47.945671+02:00] app.ERROR: PHP Error {"message":"Undefined variable $stripeLivePublishableKey","file":"C:\\xampp\\htdocs\\FYP\\FYP\\User\\payment\\checkout.php","line":86,"severity":2} []
[2025-04-21T12:51:51.215287+02:00] app.ERROR: PHP Error {"message":"Undefined variable $stripeTestMode","file":"C:\\xampp\\htdocs\\FYP\\FYP\\User\\payment\\checkout.php","line":86,"severity":2} []
[2025-04-21T12:51:51.216618+02:00] app.ERROR: PHP Error {"message":"Undefined variable $stripeLivePublishableKey","file":"C:\\xampp\\htdocs\\FYP\\FYP\\User\\payment\\checkout.php","line":86,"severity":2} []
[2025-04-21T12:52:08.540250+02:00] app.ERROR: Uncaught Exception {"message":"OrderService::reduceStockAfterPayment(): Argument #1 ($order_id) must be of type int, string given, called in C:\\xampp\\htdocs\\FYP\\FYP\\User\\payment\\process_payment.php on line 134","file":"C:\\xampp\\htdocs\\FYP\\FYP\\User\\app\\services\\OrderService.php","line":342,"trace":"#0 C:\\xampp\\htdocs\\FYP\\FYP\\User\\payment\\process_payment.php(134): OrderService->reduceStockAfterPayment('48')\n#1 {main}"} []
[2025-04-21T12:52:14.556662+02:00] app.ERROR: Uncaught Exception {"message":"logFailedPayment(): Argument #3 ($amount) must be of type float, string given, called in C:\\xampp\\htdocs\\FYP\\FYP\\User\\payment\\process_payment.php on line 160","file":"C:\\xampp\\htdocs\\FYP\\FYP\\User\\payment\\process_payment.php","line":193,"trace":"#0 C:\\xampp\\htdocs\\FYP\\FYP\\User\\payment\\process_payment.php(160): logFailedPayment(Object(Database), '48', '80.00', 'You cannot use ...', 'api_error')\n#1 {main}"} []
[2025-04-21T12:52:32.827394+02:00] app.ERROR: Uncaught Exception {"message":"logFailedPayment(): Argument #3 ($amount) must be of type float, string given, called in C:\\xampp\\htdocs\\FYP\\FYP\\User\\payment\\process_payment.php on line 160","file":"C:\\xampp\\htdocs\\FYP\\FYP\\User\\payment\\process_payment.php","line":193,"trace":"#0 C:\\xampp\\htdocs\\FYP\\FYP\\User\\payment\\process_payment.php(160): logFailedPayment(Object(Database), '48', '80.00', 'You cannot use ...', 'api_error')\n#1 {main}"} []
[2025-04-21T12:52:50.209800+02:00] app.ERROR: Uncaught Exception {"message":"OrderService::reduceStockAfterPayment(): Argument #1 ($order_id) must be of type int, string given, called in C:\\xampp\\htdocs\\FYP\\FYP\\User\\payment\\process_payment.php on line 134","file":"C:\\xampp\\htdocs\\FYP\\FYP\\User\\app\\services\\OrderService.php","line":342,"trace":"#0 C:\\xampp\\htdocs\\FYP\\FYP\\User\\payment\\process_payment.php(134): OrderService->reduceStockAfterPayment('48')\n#1 {main}"} []
[2025-04-21T12:52:56.575298+02:00] app.ERROR: Uncaught Exception {"message":"logFailedPayment(): Argument #3 ($amount) must be of type float, string given, called in C:\\xampp\\htdocs\\FYP\\FYP\\User\\payment\\process_payment.php on line 160","file":"C:\\xampp\\htdocs\\FYP\\FYP\\User\\payment\\process_payment.php","line":193,"trace":"#0 C:\\xampp\\htdocs\\FYP\\FYP\\User\\payment\\process_payment.php(160): logFailedPayment(Object(Database), '48', '80.00', 'You cannot use ...', 'api_error')\n#1 {main}"} []
[2025-04-21T12:55:38.478359+02:00] app.ERROR: PHP Error {"message":"Undefined variable $stripeTestMode","file":"C:\\xampp\\htdocs\\FYP\\FYP\\User\\payment\\checkout.php","line":86,"severity":2} []
[2025-04-21T12:55:38.479643+02:00] app.ERROR: PHP Error {"message":"Undefined variable $stripeLivePublishableKey","file":"C:\\xampp\\htdocs\\FYP\\FYP\\User\\payment\\checkout.php","line":86,"severity":2} []
[2025-04-21T12:55:40.512780+02:00] app.ERROR: PHP Error {"message":"Undefined variable $stripeTestMode","file":"C:\\xampp\\htdocs\\FYP\\FYP\\User\\payment\\checkout.php","line":86,"severity":2} []
[2025-04-21T12:55:40.513991+02:00] app.ERROR: PHP Error {"message":"Undefined variable $stripeLivePublishableKey","file":"C:\\xampp\\htdocs\\FYP\\FYP\\User\\payment\\checkout.php","line":86,"severity":2} []
[2025-04-21T12:57:00.280182+02:00] app.ERROR: Uncaught Exception {"message":"OrderService::reduceStockAfterPayment(): Argument #1 ($order_id) must be of type int, string given, called in C:\\xampp\\htdocs\\FYP\\FYP\\User\\payment\\process_payment.php on line 134","file":"C:\\xampp\\htdocs\\FYP\\FYP\\User\\app\\services\\OrderService.php","line":342,"trace":"#0 C:\\xampp\\htdocs\\FYP\\FYP\\User\\payment\\process_payment.php(134): OrderService->reduceStockAfterPayment('49')\n#1 {main}"} []
[2025-04-21T12:57:08.746434+02:00] app.ERROR: Uncaught Exception {"message":"logFailedPayment(): Argument #3 ($amount) must be of type float, string given, called in C:\\xampp\\htdocs\\FYP\\FYP\\User\\payment\\process_payment.php on line 160","file":"C:\\xampp\\htdocs\\FYP\\FYP\\User\\payment\\process_payment.php","line":193,"trace":"#0 C:\\xampp\\htdocs\\FYP\\FYP\\User\\payment\\process_payment.php(160): logFailedPayment(Object(Database), '49', '80.00', 'You cannot use ...', 'api_error')\n#1 {main}"} []
[2025-04-21T12:58:32.884033+02:00] app.ERROR: Uncaught Exception {"message":"logFailedPayment(): Argument #3 ($amount) must be of type float, string given, called in C:\\xampp\\htdocs\\FYP\\FYP\\User\\payment\\process_payment.php on line 160","file":"C:\\xampp\\htdocs\\FYP\\FYP\\User\\payment\\process_payment.php","line":193,"trace":"#0 C:\\xampp\\htdocs\\FYP\\FYP\\User\\payment\\process_payment.php(160): logFailedPayment(Object(Database), '49', '80.00', 'You cannot use ...', 'api_error')\n#1 {main}"} []
[2025-04-21T13:03:27.231297+02:00] app.ERROR: PHP Error {"message":"Undefined variable $stripeTestMode","file":"C:\\xampp\\htdocs\\FYP\\FYP\\User\\payment\\checkout.php","line":86,"severity":2} []
[2025-04-21T13:03:27.232714+02:00] app.ERROR: PHP Error {"message":"Undefined variable $stripeLivePublishableKey","file":"C:\\xampp\\htdocs\\FYP\\FYP\\User\\payment\\checkout.php","line":86,"severity":2} []
[2025-04-21T13:06:02.080230+02:00] app.ERROR: PHP Error {"message":"Undefined variable $stripeTestMode","file":"C:\\xampp\\htdocs\\FYP\\FYP\\User\\payment\\checkout.php","line":86,"severity":2} []
[2025-04-21T13:06:02.081489+02:00] app.ERROR: PHP Error {"message":"Undefined variable $stripeLivePublishableKey","file":"C:\\xampp\\htdocs\\FYP\\FYP\\User\\payment\\checkout.php","line":86,"severity":2} []
[2025-04-21T13:11:48.298536+02:00] app.ERROR: PHP Error {"message":"Undefined variable $stripeTestMode","file":"C:\\xampp\\htdocs\\FYP\\FYP\\User\\payment\\checkout.php","line":86,"severity":2} []
[2025-04-21T13:11:48.299949+02:00] app.ERROR: PHP Error {"message":"Undefined variable $stripeLivePublishableKey","file":"C:\\xampp\\htdocs\\FYP\\FYP\\User\\payment\\checkout.php","line":86,"severity":2} []
[2025-04-21T13:20:14.856709+02:00] app.ERROR: PHP Error {"message":"Undefined variable $stripeTestMode","file":"C:\\xampp\\htdocs\\FYP\\FYP\\User\\payment\\checkout.php","line":86,"severity":2} []
[2025-04-21T13:20:14.857909+02:00] app.ERROR: PHP Error {"message":"Undefined variable $stripeLivePublishableKey","file":"C:\\xampp\\htdocs\\FYP\\FYP\\User\\payment\\checkout.php","line":86,"severity":2} []
[2025-04-21T13:20:46.023360+02:00] app.ERROR: PHP Error {"message":"Undefined variable $stripeTestMode","file":"C:\\xampp\\htdocs\\FYP\\FYP\\User\\payment\\checkout.php","line":86,"severity":2} []
[2025-04-21T13:20:46.024785+02:00] app.ERROR: PHP Error {"message":"Undefined variable $stripeLivePublishableKey","file":"C:\\xampp\\htdocs\\FYP\\FYP\\User\\payment\\checkout.php","line":86,"severity":2} []
[2025-04-21T13:20:47.845074+02:00] app.ERROR: PHP Error {"message":"Undefined variable $stripeTestMode","file":"C:\\xampp\\htdocs\\FYP\\FYP\\User\\payment\\checkout.php","line":86,"severity":2} []
[2025-04-21T13:20:47.846234+02:00] app.ERROR: PHP Error {"message":"Undefined variable $stripeLivePublishableKey","file":"C:\\xampp\\htdocs\\FYP\\FYP\\User\\payment\\checkout.php","line":86,"severity":2} []
[2025-04-21T13:50:05.272799+02:00] app.ERROR: PHP Error {"message":"Undefined variable $stripeTestMode","file":"C:\\xampp\\htdocs\\FYP\\FYP\\User\\payment\\checkout.php","line":86,"severity":2} []
[2025-04-21T13:50:05.274306+02:00] app.ERROR: PHP Error {"message":"Undefined variable $stripeLivePublishableKey","file":"C:\\xampp\\htdocs\\FYP\\FYP\\User\\payment\\checkout.php","line":86,"severity":2} []
[2025-04-21T13:54:22.972793+02:00] app.ERROR: PHP Error {"message":"Undefined variable $stripeTestMode","file":"C:\\xampp\\htdocs\\FYP\\FYP\\User\\payment\\checkout.php","line":86,"severity":2} []
[2025-04-21T13:54:22.974564+02:00] app.ERROR: PHP Error {"message":"Undefined variable $stripeLivePublishableKey","file":"C:\\xampp\\htdocs\\FYP\\FYP\\User\\payment\\checkout.php","line":86,"severity":2} []
[2025-04-21T13:54:23.692398+02:00] app.ERROR: PHP Error {"message":"Undefined variable $stripeTestMode","file":"C:\\xampp\\htdocs\\FYP\\FYP\\User\\payment\\checkout.php","line":86,"severity":2} []
[2025-04-21T13:54:23.694158+02:00] app.ERROR: PHP Error {"message":"Undefined variable $stripeLivePublishableKey","file":"C:\\xampp\\htdocs\\FYP\\FYP\\User\\payment\\checkout.php","line":86,"severity":2} []
[2025-04-21T13:54:24.014913+02:00] app.ERROR: PHP Error {"message":"Undefined variable $stripeTestMode","file":"C:\\xampp\\htdocs\\FYP\\FYP\\User\\payment\\checkout.php","line":86,"severity":2} []
[2025-04-21T13:54:24.016081+02:00] app.ERROR: PHP Error {"message":"Undefined variable $stripeLivePublishableKey","file":"C:\\xampp\\htdocs\\FYP\\FYP\\User\\payment\\checkout.php","line":86,"severity":2} []
[2025-04-21T13:54:33.513958+02:00] app.ERROR: PHP Error {"message":"Undefined variable $stripeTestMode","file":"C:\\xampp\\htdocs\\FYP\\FYP\\User\\payment\\checkout.php","line":86,"severity":2} []
[2025-04-21T13:54:33.515333+02:00] app.ERROR: PHP Error {"message":"Undefined variable $stripeLivePublishableKey","file":"C:\\xampp\\htdocs\\FYP\\FYP\\User\\payment\\checkout.php","line":86,"severity":2} []
[2025-04-21T13:54:35.490468+02:00] app.ERROR: PHP Error {"message":"Undefined variable $stripeTestMode","file":"C:\\xampp\\htdocs\\FYP\\FYP\\User\\payment\\checkout.php","line":86,"severity":2} []
[2025-04-21T13:54:35.491648+02:00] app.ERROR: PHP Error {"message":"Undefined variable $stripeLivePublishableKey","file":"C:\\xampp\\htdocs\\FYP\\FYP\\User\\payment\\checkout.php","line":86,"severity":2} []
[2025-04-21T13:54:48.217915+02:00] app.ERROR: Uncaught Exception {"message":"OrderService::reduceStockAfterPayment(): Argument #1 ($order_id) must be of type int, string given, called in C:\\xampp\\htdocs\\FYP\\FYP\\User\\payment\\process_payment.php on line 134","file":"C:\\xampp\\htdocs\\FYP\\FYP\\User\\app\\services\\OrderService.php","line":342,"trace":"#0 C:\\xampp\\htdocs\\FYP\\FYP\\User\\payment\\process_payment.php(134): OrderService->reduceStockAfterPayment('52')\n#1 {main}"} []
[2025-04-21T13:54:56.071389+02:00] app.ERROR: Uncaught Exception {"message":"logFailedPayment(): Argument #3 ($amount) must be of type float, string given, called in C:\\xampp\\htdocs\\FYP\\FYP\\User\\payment\\process_payment.php on line 160","file":"C:\\xampp\\htdocs\\FYP\\FYP\\User\\payment\\process_payment.php","line":200,"trace":"#0 C:\\xampp\\htdocs\\FYP\\FYP\\User\\payment\\process_payment.php(160): logFailedPayment(Object(Database), '52', '80.00', 'You cannot use ...', 'api_error')\n#1 {main}"} []
[2025-04-21T13:55:10.242089+02:00] app.ERROR: Uncaught Exception {"message":"OrderService::reduceStockAfterPayment(): Argument #1 ($order_id) must be of type int, string given, called in C:\\xampp\\htdocs\\FYP\\FYP\\User\\payment\\process_payment.php on line 134","file":"C:\\xampp\\htdocs\\FYP\\FYP\\User\\app\\services\\OrderService.php","line":342,"trace":"#0 C:\\xampp\\htdocs\\FYP\\FYP\\User\\payment\\process_payment.php(134): OrderService->reduceStockAfterPayment('52')\n#1 {main}"} []
[2025-04-21T13:55:27.682640+02:00] app.ERROR: PHP Error {"message":"Undefined variable $stripeTestMode","file":"C:\\xampp\\htdocs\\FYP\\FYP\\User\\payment\\checkout.php","line":86,"severity":2} []
[2025-04-21T13:55:27.683919+02:00] app.ERROR: PHP Error {"message":"Undefined variable $stripeLivePublishableKey","file":"C:\\xampp\\htdocs\\FYP\\FYP\\User\\payment\\checkout.php","line":86,"severity":2} []
[2025-04-21T13:55:32.660588+02:00] app.ERROR: PHP Error {"message":"Undefined variable $stripeTestMode","file":"C:\\xampp\\htdocs\\FYP\\FYP\\User\\payment\\checkout.php","line":86,"severity":2} []
[2025-04-21T13:55:32.661900+02:00] app.ERROR: PHP Error {"message":"Undefined variable $stripeLivePublishableKey","file":"C:\\xampp\\htdocs\\FYP\\FYP\\User\\payment\\checkout.php","line":86,"severity":2} []
[2025-04-21T13:55:50.263215+02:00] app.ERROR: Uncaught Exception {"message":"OrderService::reduceStockAfterPayment(): Argument #1 ($order_id) must be of type int, string given, called in C:\\xampp\\htdocs\\FYP\\FYP\\User\\payment\\process_payment.php on line 134","file":"C:\\xampp\\htdocs\\FYP\\FYP\\User\\app\\services\\OrderService.php","line":342,"trace":"#0 C:\\xampp\\htdocs\\FYP\\FYP\\User\\payment\\process_payment.php(134): OrderService->reduceStockAfterPayment('53')\n#1 {main}"} []
[2025-04-21T14:36:39.328233+02:00] app.ERROR: PHP Error {"message":"Undefined variable $stripeTestMode","file":"C:\\xampp\\htdocs\\FYP\\FYP\\User\\payment\\checkout.php","line":86,"severity":2} []
[2025-04-21T14:36:39.329748+02:00] app.ERROR: PHP Error {"message":"Undefined variable $stripeLivePublishableKey","file":"C:\\xampp\\htdocs\\FYP\\FYP\\User\\payment\\checkout.php","line":86,"severity":2} []
[2025-04-21T14:44:04.243733+02:00] app.ERROR: PHP Error {"message":"Undefined variable $stripeTestMode","file":"C:\\xampp\\htdocs\\FYP\\FYP\\User\\payment\\checkout.php","line":86,"severity":2} []
[2025-04-21T14:44:04.245167+02:00] app.ERROR: PHP Error {"message":"Undefined variable $stripeLivePublishableKey","file":"C:\\xampp\\htdocs\\FYP\\FYP\\User\\payment\\checkout.php","line":86,"severity":2} []
[2025-04-21T14:44:29.761896+02:00] app.ERROR: PHP Error {"message":"Undefined variable $stripeTestMode","file":"C:\\xampp\\htdocs\\FYP\\FYP\\User\\payment\\checkout.php","line":86,"severity":2} []
[2025-04-21T14:44:29.763332+02:00] app.ERROR: PHP Error {"message":"Undefined variable $stripeLivePublishableKey","file":"C:\\xampp\\htdocs\\FYP\\FYP\\User\\payment\\checkout.php","line":86,"severity":2} []
[2025-04-21T14:44:39.496364+02:00] app.ERROR: PHP Error {"message":"Undefined variable $stripeTestMode","file":"C:\\xampp\\htdocs\\FYP\\FYP\\User\\payment\\checkout.php","line":86,"severity":2} []
[2025-04-21T14:44:39.497608+02:00] app.ERROR: PHP Error {"message":"Undefined variable $stripeLivePublishableKey","file":"C:\\xampp\\htdocs\\FYP\\FYP\\User\\payment\\checkout.php","line":86,"severity":2} []
[2025-04-21T14:44:49.280015+02:00] app.ERROR: PHP Error {"message":"Undefined variable $stripeTestMode","file":"C:\\xampp\\htdocs\\FYP\\FYP\\User\\payment\\checkout.php","line":86,"severity":2} []
[2025-04-21T14:44:49.281284+02:00] app.ERROR: PHP Error {"message":"Undefined variable $stripeLivePublishableKey","file":"C:\\xampp\\htdocs\\FYP\\FYP\\User\\payment\\checkout.php","line":86,"severity":2} []
[2025-04-21T14:44:53.491711+02:00] app.ERROR: PHP Error {"message":"Undefined variable $stripeTestMode","file":"C:\\xampp\\htdocs\\FYP\\FYP\\User\\payment\\checkout.php","line":86,"severity":2} []
[2025-04-21T14:44:53.492894+02:00] app.ERROR: PHP Error {"message":"Undefined variable $stripeLivePublishableKey","file":"C:\\xampp\\htdocs\\FYP\\FYP\\User\\payment\\checkout.php","line":86,"severity":2} []
[2025-04-21T14:44:58.936414+02:00] app.ERROR: PHP Error {"message":"Undefined variable $stripeTestMode","file":"C:\\xampp\\htdocs\\FYP\\FYP\\User\\payment\\checkout.php","line":86,"severity":2} []
[2025-04-21T14:44:58.937567+02:00] app.ERROR: PHP Error {"message":"Undefined variable $stripeLivePublishableKey","file":"C:\\xampp\\htdocs\\FYP\\FYP\\User\\payment\\checkout.php","line":86,"severity":2} []
[2025-04-21T14:45:01.748542+02:00] app.ERROR: PHP Error {"message":"Undefined variable $stripeTestMode","file":"C:\\xampp\\htdocs\\FYP\\FYP\\User\\payment\\checkout.php","line":86,"severity":2} []
[2025-04-21T14:45:01.749961+02:00] app.ERROR: PHP Error {"message":"Undefined variable $stripeLivePublishableKey","file":"C:\\xampp\\htdocs\\FYP\\FYP\\User\\payment\\checkout.php","line":86,"severity":2} []
[2025-04-21T14:45:04.842546+02:00] app.ERROR: PHP Error {"message":"Undefined variable $stripeTestMode","file":"C:\\xampp\\htdocs\\FYP\\FYP\\User\\payment\\checkout.php","line":86,"severity":2} []
[2025-04-21T14:45:04.843727+02:00] app.ERROR: PHP Error {"message":"Undefined variable $stripeLivePublishableKey","file":"C:\\xampp\\htdocs\\FYP\\FYP\\User\\payment\\checkout.php","line":86,"severity":2} []
[2025-04-21T14:45:12.423875+02:00] app.ERROR: PHP Error {"message":"Undefined variable $stripeTestMode","file":"C:\\xampp\\htdocs\\FYP\\FYP\\User\\payment\\checkout.php","line":86,"severity":2} []
[2025-04-21T14:45:12.424999+02:00] app.ERROR: PHP Error {"message":"Undefined variable $stripeLivePublishableKey","file":"C:\\xampp\\htdocs\\FYP\\FYP\\User\\payment\\checkout.php","line":86,"severity":2} []
[2025-04-21T14:49:49.392260+02:00] app.ERROR: PHP Error {"message":"Undefined variable $stripeTestMode","file":"C:\\xampp\\htdocs\\FYP\\FYP\\User\\payment\\checkout.php","line":86,"severity":2} []
[2025-04-21T14:49:49.393675+02:00] app.ERROR: PHP Error {"message":"Undefined variable $stripeLivePublishableKey","file":"C:\\xampp\\htdocs\\FYP\\FYP\\User\\payment\\checkout.php","line":86,"severity":2} []
[2025-04-21T14:49:51.817604+02:00] app.ERROR: PHP Error {"message":"Undefined variable $stripeTestMode","file":"C:\\xampp\\htdocs\\FYP\\FYP\\User\\payment\\checkout.php","line":86,"severity":2} []
[2025-04-21T14:49:51.818768+02:00] app.ERROR: PHP Error {"message":"Undefined variable $stripeLivePublishableKey","file":"C:\\xampp\\htdocs\\FYP\\FYP\\User\\payment\\checkout.php","line":86,"severity":2} []
[2025-04-21T14:50:41.772010+02:00] app.ERROR: PHP Error {"message":"Undefined variable $stripeTestMode","file":"C:\\xampp\\htdocs\\FYP\\FYP\\User\\payment\\checkout.php","line":86,"severity":2} []
[2025-04-21T14:50:41.773870+02:00] app.ERROR: PHP Error {"message":"Undefined variable $stripeLivePublishableKey","file":"C:\\xampp\\htdocs\\FYP\\FYP\\User\\payment\\checkout.php","line":86,"severity":2} []
[2025-04-21T14:51:16.298897+02:00] app.ERROR: PHP Error {"message":"Undefined variable $stripeTestMode","file":"C:\\xampp\\htdocs\\FYP\\FYP\\User\\payment\\checkout.php","line":86,"severity":2} []
[2025-04-21T14:51:16.300122+02:00] app.ERROR: PHP Error {"message":"Undefined variable $stripeLivePublishableKey","file":"C:\\xampp\\htdocs\\FYP\\FYP\\User\\payment\\checkout.php","line":86,"severity":2} []
[2025-04-21T14:52:56.016551+02:00] app.ERROR: PHP Error {"message":"Undefined variable $stripeTestMode","file":"C:\\xampp\\htdocs\\FYP\\FYP\\User\\payment\\checkout.php","line":86,"severity":2} []
[2025-04-21T14:52:56.018040+02:00] app.ERROR: PHP Error {"message":"Undefined variable $stripeLivePublishableKey","file":"C:\\xampp\\htdocs\\FYP\\FYP\\User\\payment\\checkout.php","line":86,"severity":2} []
[2025-04-21T14:53:12.279387+02:00] app.ERROR: Uncaught Exception {"message":"OrderService::reduceStockAfterPayment(): Argument #1 ($order_id) must be of type int, string given, called in C:\\xampp\\htdocs\\FYP\\FYP\\User\\payment\\process_payment.php on line 134","file":"C:\\xampp\\htdocs\\FYP\\FYP\\User\\app\\services\\OrderService.php","line":342,"trace":"#0 C:\\xampp\\htdocs\\FYP\\FYP\\User\\payment\\process_payment.php(134): OrderService->reduceStockAfterPayment('58')\n#1 {main}"} []
[2025-04-21T14:55:24.165648+02:00] app.ERROR: PHP Error {"message":"Undefined variable $stripeTestMode","file":"C:\\xampp\\htdocs\\FYP\\FYP\\User\\payment\\checkout.php","line":86,"severity":2} []
[2025-04-21T14:55:24.166986+02:00] app.ERROR: PHP Error {"message":"Undefined variable $stripeLivePublishableKey","file":"C:\\xampp\\htdocs\\FYP\\FYP\\User\\payment\\checkout.php","line":86,"severity":2} []
[2025-04-21T15:04:53.940047+02:00] app.ERROR: Add to cart error {"request_id":"cart_68064275e0edc0.42954771","error":"Cannot add more items. Limited to 9 items.","user_id":44,"product_id":21,"product_size":"One Size"} []
[2025-04-21T15:05:01.491863+02:00] app.ERROR: PHP Error {"message":"Undefined variable $stripeTestMode","file":"C:\\xampp\\htdocs\\FYP\\FYP\\User\\payment\\checkout.php","line":86,"severity":2} []
[2025-04-21T15:05:01.493103+02:00] app.ERROR: PHP Error {"message":"Undefined variable $stripeLivePublishableKey","file":"C:\\xampp\\htdocs\\FYP\\FYP\\User\\payment\\checkout.php","line":86,"severity":2} []
[2025-04-21T15:05:12.329171+02:00] app.ERROR: PHP Error {"message":"Undefined variable $stripeTestMode","file":"C:\\xampp\\htdocs\\FYP\\FYP\\User\\payment\\checkout.php","line":86,"severity":2} []
[2025-04-21T15:05:12.330657+02:00] app.ERROR: PHP Error {"message":"Undefined variable $stripeLivePublishableKey","file":"C:\\xampp\\htdocs\\FYP\\FYP\\User\\payment\\checkout.php","line":86,"severity":2} []
[2025-04-21T15:05:17.878396+02:00] app.ERROR: PHP Error {"message":"Undefined variable $stripeTestMode","file":"C:\\xampp\\htdocs\\FYP\\FYP\\User\\payment\\checkout.php","line":86,"severity":2} []
[2025-04-21T15:05:17.879633+02:00] app.ERROR: PHP Error {"message":"Undefined variable $stripeLivePublishableKey","file":"C:\\xampp\\htdocs\\FYP\\FYP\\User\\payment\\checkout.php","line":86,"severity":2} []
[2025-04-21T15:06:17.304772+02:00] app.ERROR: PHP Error {"message":"Undefined variable $stripeTestMode","file":"C:\\xampp\\htdocs\\FYP\\FYP\\User\\payment\\checkout.php","line":86,"severity":2} []
[2025-04-21T15:06:17.306047+02:00] app.ERROR: PHP Error {"message":"Undefined variable $stripeLivePublishableKey","file":"C:\\xampp\\htdocs\\FYP\\FYP\\User\\payment\\checkout.php","line":86,"severity":2} []
[2025-04-21T15:11:20.152756+02:00] app.ERROR: PHP Error {"message":"Undefined variable $stripeTestMode","file":"C:\\xampp\\htdocs\\FYP\\FYP\\User\\payment\\checkout.php","line":86,"severity":2} []
[2025-04-21T15:11:20.154230+02:00] app.ERROR: PHP Error {"message":"Undefined variable $stripeLivePublishableKey","file":"C:\\xampp\\htdocs\\FYP\\FYP\\User\\payment\\checkout.php","line":86,"severity":2} []
[2025-04-21T15:14:00.643272+02:00] app.ERROR: Uncaught Exception {"message":"OrderService::reduceStockAfterPayment(): Argument #1 ($order_id) must be of type int, string given, called in C:\\xampp\\htdocs\\FYP\\FYP\\User\\payment\\process_payment.php on line 134","file":"C:\\xampp\\htdocs\\FYP\\FYP\\User\\app\\services\\OrderService.php","line":342,"trace":"#0 C:\\xampp\\htdocs\\FYP\\FYP\\User\\payment\\process_payment.php(134): OrderService->reduceStockAfterPayment('59')\n#1 {main}"} []
[2025-04-21T15:28:52.064945+02:00] app.ERROR: Uncaught Exception {"message":"OrderService::reduceStockAfterPayment(): Argument #1 ($order_id) must be of type int, string given, called in C:\\xampp\\htdocs\\FYP\\FYP\\User\\payment\\process_payment.php on line 134","file":"C:\\xampp\\htdocs\\FYP\\FYP\\User\\app\\services\\OrderService.php","line":342,"trace":"#0 C:\\xampp\\htdocs\\FYP\\FYP\\User\\payment\\process_payment.php(134): OrderService->reduceStockAfterPayment('59')\n#1 {main}"} []
[2025-04-21T15:29:09.493801+02:00] app.ERROR: Add to cart error {"request_id":"cart_68064825742ab7.61317232","error":"Cannot add more items. Limited to 9 items.","user_id":44,"product_id":21,"product_size":"One Size"} []
[2025-04-21T15:29:09.693986+02:00] app.ERROR: Add to cart error {"request_id":"cart_68064825a4f181.73407803","error":"Cannot add more items. Limited to 9 items.","user_id":44,"product_id":21,"product_size":"One Size"} []
[2025-04-21T15:29:09.832125+02:00] app.ERROR: Add to cart error {"request_id":"cart_68064825ca0b81.69144147","error":"Cannot add more items. Limited to 9 items.","user_id":44,"product_id":21,"product_size":"One Size"} []
[2025-04-21T15:29:23.513080+02:00] app.ERROR: PHP Error {"message":"Undefined variable $stripeTestMode","file":"C:\\xampp\\htdocs\\FYP\\FYP\\User\\payment\\checkout.php","line":86,"severity":2} []
[2025-04-21T15:29:23.514386+02:00] app.ERROR: PHP Error {"message":"Undefined variable $stripeLivePublishableKey","file":"C:\\xampp\\htdocs\\FYP\\FYP\\User\\payment\\checkout.php","line":86,"severity":2} []
[2025-04-21T15:29:31.500304+02:00] app.ERROR: PHP Error {"message":"Undefined variable $stripeTestMode","file":"C:\\xampp\\htdocs\\FYP\\FYP\\User\\payment\\checkout.php","line":86,"severity":2} []
[2025-04-21T15:29:31.501558+02:00] app.ERROR: PHP Error {"message":"Undefined variable $stripeLivePublishableKey","file":"C:\\xampp\\htdocs\\FYP\\FYP\\User\\payment\\checkout.php","line":86,"severity":2} []
[2025-04-21T15:29:45.952328+02:00] app.ERROR: Uncaught Exception {"message":"OrderService::reduceStockAfterPayment(): Argument #1 ($order_id) must be of type int, string given, called in C:\\xampp\\htdocs\\FYP\\FYP\\User\\payment\\process_payment.php on line 134","file":"C:\\xampp\\htdocs\\FYP\\FYP\\User\\app\\services\\OrderService.php","line":342,"trace":"#0 C:\\xampp\\htdocs\\FYP\\FYP\\User\\payment\\process_payment.php(134): OrderService->reduceStockAfterPayment('60')\n#1 {main}"} []
[2025-04-21T15:30:58.858299+02:00] app.ERROR: Uncaught Exception {"message":"OrderService::reduceStockAfterPayment(): Argument #1 ($order_id) must be of type int, string given, called in C:\\xampp\\htdocs\\FYP\\FYP\\User\\payment\\process_payment.php on line 134","file":"C:\\xampp\\htdocs\\FYP\\FYP\\User\\app\\services\\OrderService.php","line":342,"trace":"#0 C:\\xampp\\htdocs\\FYP\\FYP\\User\\payment\\process_payment.php(134): OrderService->reduceStockAfterPayment('60')\n#1 {main}"} []
[2025-04-21T15:33:12.435464+02:00] app.ERROR: Add to cart error {"request_id":"cart_6806491865d5b3.89711735","error":"Cannot add more items. Limited to 9 items.","user_id":44,"product_id":21,"product_size":"One Size"} []
[2025-04-21T15:33:12.580918+02:00] app.ERROR: Add to cart error {"request_id":"cart_680649188c2f33.26370842","error":"Cannot add more items. Limited to 9 items.","user_id":44,"product_id":21,"product_size":"One Size"} []
[2025-04-21T15:33:12.772747+02:00] app.ERROR: Add to cart error {"request_id":"cart_68064918b70fe7.64317349","error":"Cannot add more items. Limited to 9 items.","user_id":44,"product_id":21,"product_size":"One Size"} []
[2025-04-21T15:33:15.755671+02:00] app.ERROR: PHP Error {"message":"Undefined variable $stripeTestMode","file":"C:\\xampp\\htdocs\\FYP\\FYP\\User\\payment\\checkout.php","line":86,"severity":2} []
[2025-04-21T15:33:15.757119+02:00] app.ERROR: PHP Error {"message":"Undefined variable $stripeLivePublishableKey","file":"C:\\xampp\\htdocs\\FYP\\FYP\\User\\payment\\checkout.php","line":86,"severity":2} []
[2025-04-21T15:33:22.519206+02:00] app.ERROR: PHP Error {"message":"Undefined variable $stripeTestMode","file":"C:\\xampp\\htdocs\\FYP\\FYP\\User\\payment\\checkout.php","line":86,"severity":2} []
[2025-04-21T15:33:22.521103+02:00] app.ERROR: PHP Error {"message":"Undefined variable $stripeLivePublishableKey","file":"C:\\xampp\\htdocs\\FYP\\FYP\\User\\payment\\checkout.php","line":86,"severity":2} []
[2025-04-21T15:33:38.618435+02:00] app.ERROR: Uncaught Exception {"message":"OrderService::reduceStockAfterPayment(): Argument #1 ($order_id) must be of type int, string given, called in C:\\xampp\\htdocs\\FYP\\FYP\\User\\payment\\process_payment.php on line 134","file":"C:\\xampp\\htdocs\\FYP\\FYP\\User\\app\\services\\OrderService.php","line":342,"trace":"#0 C:\\xampp\\htdocs\\FYP\\FYP\\User\\payment\\process_payment.php(134): OrderService->reduceStockAfterPayment('61')\n#1 {main}"} []
[2025-04-21T15:34:36.448245+02:00] app.ERROR: Uncaught Exception {"message":"OrderService::reduceStockAfterPayment(): Argument #1 ($order_id) must be of type int, string given, called in C:\\xampp\\htdocs\\FYP\\FYP\\User\\payment\\process_payment.php on line 134","file":"C:\\xampp\\htdocs\\FYP\\FYP\\User\\app\\services\\OrderService.php","line":342,"trace":"#0 C:\\xampp\\htdocs\\FYP\\FYP\\User\\payment\\process_payment.php(134): OrderService->reduceStockAfterPayment('61')\n#1 {main}"} []
[2025-04-21T15:36:46.304846+02:00] app.ERROR: Uncaught Exception {"message":"OrderService::reduceStockAfterPayment(): Argument #1 ($order_id) must be of type int, string given, called in C:\\xampp\\htdocs\\FYP\\FYP\\User\\payment\\process_payment.php on line 134","file":"C:\\xampp\\htdocs\\FYP\\FYP\\User\\app\\services\\OrderService.php","line":342,"trace":"#0 C:\\xampp\\htdocs\\FYP\\FYP\\User\\payment\\process_payment.php(134): OrderService->reduceStockAfterPayment('61')\n#1 {main}"} []
[2025-04-21T15:36:53.278641+02:00] app.ERROR: PHP Error {"message":"Undefined variable $stripeTestMode","file":"C:\\xampp\\htdocs\\FYP\\FYP\\User\\payment\\checkout.php","line":86,"severity":2} []
[2025-04-21T15:36:53.280383+02:00] app.ERROR: PHP Error {"message":"Undefined variable $stripeLivePublishableKey","file":"C:\\xampp\\htdocs\\FYP\\FYP\\User\\payment\\checkout.php","line":86,"severity":2} []
[2025-04-21T15:37:03.869872+02:00] app.ERROR: PHP Error {"message":"Undefined variable $stripeTestMode","file":"C:\\xampp\\htdocs\\FYP\\FYP\\User\\payment\\checkout.php","line":86,"severity":2} []
[2025-04-21T15:37:03.871277+02:00] app.ERROR: PHP Error {"message":"Undefined variable $stripeLivePublishableKey","file":"C:\\xampp\\htdocs\\FYP\\FYP\\User\\payment\\checkout.php","line":86,"severity":2} []
[2025-04-21T15:37:06.284475+02:00] app.ERROR: PHP Error {"message":"Undefined variable $stripeTestMode","file":"C:\\xampp\\htdocs\\FYP\\FYP\\User\\payment\\checkout.php","line":86,"severity":2} []
[2025-04-21T15:37:06.285771+02:00] app.ERROR: PHP Error {"message":"Undefined variable $stripeLivePublishableKey","file":"C:\\xampp\\htdocs\\FYP\\FYP\\User\\payment\\checkout.php","line":86,"severity":2} []
[2025-04-21T15:37:27.010078+02:00] app.ERROR: Uncaught Exception {"message":"OrderService::reduceStockAfterPayment(): Argument #1 ($order_id) must be of type int, string given, called in C:\\xampp\\htdocs\\FYP\\FYP\\User\\payment\\process_payment.php on line 134","file":"C:\\xampp\\htdocs\\FYP\\FYP\\User\\app\\services\\OrderService.php","line":342,"trace":"#0 C:\\xampp\\htdocs\\FYP\\FYP\\User\\payment\\process_payment.php(134): OrderService->reduceStockAfterPayment('62')\n#1 {main}"} []
[2025-04-21T15:43:27.193549+02:00] app.ERROR: Uncaught Exception {"message":"OrderService::reduceStockAfterPayment(): Argument #1 ($order_id) must be of type int, string given, called in C:\\xampp\\htdocs\\FYP\\FYP\\User\\payment\\process_payment.php on line 134","file":"C:\\xampp\\htdocs\\FYP\\FYP\\User\\app\\services\\OrderService.php","line":342,"trace":"#0 C:\\xampp\\htdocs\\FYP\\FYP\\User\\payment\\process_payment.php(134): OrderService->reduceStockAfterPayment('62')\n#1 {main}"} []
[2025-04-21T15:49:28.648618+02:00] app.ERROR: Uncaught Exception {"message":"logFailedPayment(): Argument #3 ($amount) must be of type float, string given, called in C:\\xampp\\htdocs\\FYP\\FYP\\User\\payment\\process_payment.php on line 174","file":"C:\\xampp\\htdocs\\FYP\\FYP\\User\\payment\\process_payment.php","line":207,"trace":"#0 C:\\xampp\\htdocs\\FYP\\FYP\\User\\payment\\process_payment.php(174): logFailedPayment(Object(Database), '62', '80.00', 'You cannot use ...', 'api_error')\n#1 {main}"} []
[2025-04-21T15:51:46.081694+02:00] app.ERROR: PHP Error {"message":"Undefined variable $stripeSecretKey","file":"C:\\xampp\\htdocs\\FYP\\FYP\\User\\app\\services\\OrderService.php","line":419,"severity":2} []
[2025-04-21T15:57:15.182740+02:00] app.ERROR: Add to cart error {"request_id":"cart_68064ebb284160.65836344","error":"Cannot add more items. Limited to 9 items.","user_id":44,"product_id":21,"product_size":"One Size"} []
[2025-04-21T15:57:38.992321+02:00] app.ERROR: PHP Error {"message":"Undefined variable $stripeSecretKey","file":"C:\\xampp\\htdocs\\FYP\\FYP\\User\\app\\services\\OrderService.php","line":419,"severity":2} []
[2025-04-21T15:59:49.424217+02:00] app.ERROR: Add to cart error {"request_id":"cart_68064f556358d6.44071265","error":"Cannot add more items. Limited to 9 items.","user_id":44,"product_id":21,"product_size":"One Size"} []
[2025-04-21T15:59:49.594986+02:00] app.ERROR: Add to cart error {"request_id":"cart_68064f558ca8c1.02058016","error":"Cannot add more items. Limited to 9 items.","user_id":44,"product_id":21,"product_size":"One Size"} []
[2025-04-21T15:59:49.809673+02:00] app.ERROR: Add to cart error {"request_id":"cart_68064f55c13c23.87048968","error":"Cannot add more items. Limited to 9 items.","user_id":44,"product_id":21,"product_size":"One Size"} []
[2025-04-21T16:04:09.277656+02:00] app.ERROR: PHP Error {"message":"Undefined variable $stripeSecretKey","file":"C:\\xampp\\htdocs\\FYP\\FYP\\User\\app\\services\\OrderService.php","line":419,"severity":2} []
[2025-04-21T16:07:02.285323+02:00] app.ERROR: Cart update error {"user_id":44,"cart_id":72,"quantity":10,"error":"Cannot update quantity. Only 9 items in stock."} []
[2025-04-21T16:07:05.659546+02:00] app.ERROR: Cart update error {"user_id":44,"cart_id":72,"quantity":10,"error":"Cannot update quantity. Only 9 items in stock."} []
[2025-04-21T17:20:38.092623+02:00] app.ERROR: PHP Error {"message":"Undefined variable $stripeSecretKey","file":"C:\\xampp\\htdocs\\FYP\\FYP\\User\\app\\services\\OrderService.php","line":470,"severity":2} []
[2025-04-21T17:21:23.824830+02:00] app.ERROR: PHP Error {"message":"Undefined variable $stripeSecretKey","file":"C:\\xampp\\htdocs\\FYP\\FYP\\User\\app\\services\\OrderService.php","line":470,"severity":2} []
[2025-04-21T17:22:23.336361+02:00] app.ERROR: Uncaught Exception {"message":"number_format(): Argument #1 ($num) must be of type float, string given","file":"C:\\xampp\\htdocs\\FYP\\FYP\\User\\order\\track_order.php","line":74,"trace":"#0 C:\\xampp\\htdocs\\FYP\\FYP\\User\\order\\track_order.php(74): number_format('720.00', 2)\n#1 C:\\xampp\\htdocs\\FYP\\FYP\\User\\order\\track_order.php(586): formatPrice('720.00')\n#2 {main}"} []
[2025-04-21T17:29:34.369873+02:00] app.ERROR: PHP Error {"message":"Undefined variable $stripeSecretKey","file":"C:\\xampp\\htdocs\\FYP\\FYP\\User\\app\\services\\OrderService.php","line":447,"severity":2} []
[2025-04-21T17:29:34.463382+02:00] app.ERROR: Uncaught Exception {"message":"number_format(): Argument #1 ($num) must be of type float, string given","file":"C:\\xampp\\htdocs\\FYP\\FYP\\User\\payment\\success.php","line":226,"trace":"#0 C:\\xampp\\htdocs\\FYP\\FYP\\User\\payment\\success.php(226): number_format('720.00', 2)\n#1 {main}"} []
[2025-04-21T17:43:45.186074+02:00] app.ERROR: PHP Error {"message":"Undefined variable $stripeSecretKey","file":"C:\\xampp\\htdocs\\FYP\\FYP\\User\\app\\services\\OrderService.php","line":448,"severity":2} []
[2025-04-21T17:43:45.819995+02:00] app.ERROR: PHP Error {"message":"Undefined variable $stripeSecretKey","file":"C:\\xampp\\htdocs\\FYP\\FYP\\User\\app\\services\\OrderService.php","line":448,"severity":2} []
[2025-04-21T17:48:27.445917+02:00] app.ERROR: Add to cart error {"request_id":"cart_680668cb686c29.46540154","error":"Cannot add more items. Limited to 9 items.","user_id":44,"product_id":21,"product_size":"One Size"} []
[2025-04-21T17:48:27.616536+02:00] app.ERROR: Add to cart error {"request_id":"cart_680668cb9582c9.12823938","error":"Cannot add more items. Limited to 9 items.","user_id":44,"product_id":21,"product_size":"One Size"} []
[2025-04-21T17:48:27.770137+02:00] app.ERROR: Add to cart error {"request_id":"cart_680668cbb575e9.55238914","error":"Cannot add more items. Limited to 9 items.","user_id":44,"product_id":21,"product_size":"One Size"} []
[2025-04-21T17:54:09.614528+02:00] app.ERROR: PHP Error {"message":"Undefined variable $stripeSecretKey","file":"C:\\xampp\\htdocs\\FYP\\FYP\\User\\app\\services\\OrderService.php","line":448,"severity":2} []
[2025-04-21T17:54:10.116079+02:00] app.ERROR: PHP Error {"message":"Undefined variable $stripeSecretKey","file":"C:\\xampp\\htdocs\\FYP\\FYP\\User\\app\\services\\OrderService.php","line":448,"severity":2} []
[2025-04-21T17:55:48.827666+02:00] app.ERROR: Add to cart error {"request_id":"cart_68066a84c581b9.69897173","error":"Cannot add more items. Limited to 99 items.","user_id":44,"product_id":20,"product_size":"UK5"} []
[2025-04-21T17:55:49.555584+02:00] app.ERROR: Add to cart error {"request_id":"cart_68066a857e2320.11851981","error":"Cannot add more items. Limited to 99 items.","user_id":44,"product_id":20,"product_size":"UK5"} []
[2025-04-21T17:55:49.809105+02:00] app.ERROR: Add to cart error {"request_id":"cart_68066a85c15e16.96321848","error":"Cannot add more items. Limited to 99 items.","user_id":44,"product_id":20,"product_size":"UK5"} []
[2025-04-21T17:56:04.133313+02:00] app.ERROR: Add to cart error {"request_id":"cart_68066a9417c919.59936470","error":"Cannot add more items. Limited to 99 items.","user_id":44,"product_id":20,"product_size":"UK5"} []
[2025-04-21T17:56:24.842937+02:00] app.ERROR: PHP Error {"message":"Undefined variable $stripeSecretKey","file":"C:\\xampp\\htdocs\\FYP\\FYP\\User\\app\\services\\OrderService.php","line":448,"severity":2} []
[2025-04-21T17:56:25.351007+02:00] app.ERROR: PHP Error {"message":"Undefined variable $stripeSecretKey","file":"C:\\xampp\\htdocs\\FYP\\FYP\\User\\app\\services\\OrderService.php","line":448,"severity":2} []
[2025-04-21T18:24:15.684628+02:00] app.ERROR: Add to cart error {"request_id":"cart_6806712fa66e99.14929990","error":"Invalid security token. Please refresh the page and try again.","user_id":44,"product_id":"unknown","product_size":"unknown"} []
[2025-04-21T18:24:17.223855+02:00] app.ERROR: Add to cart error {"request_id":"cart_68067131361f62.04637987","error":"Invalid security token. Please refresh the page and try again.","user_id":44,"product_id":"unknown","product_size":"unknown"} []
[2025-04-21T18:24:17.404175+02:00] app.ERROR: Add to cart error {"request_id":"cart_68067131625b80.76304685","error":"Invalid security token. Please refresh the page and try again.","user_id":44,"product_id":"unknown","product_size":"unknown"} []
[2025-04-21T18:24:17.557987+02:00] app.ERROR: Add to cart error {"request_id":"cart_6806713187e710.44784093","error":"Invalid security token. Please refresh the page and try again.","user_id":44,"product_id":"unknown","product_size":"unknown"} []
[2025-04-21T18:24:17.742715+02:00] app.ERROR: Add to cart error {"request_id":"cart_68067131b510d7.05616376","error":"Invalid security token. Please refresh the page and try again.","user_id":44,"product_id":"unknown","product_size":"unknown"} []
[2025-04-21T18:24:17.909638+02:00] app.ERROR: Add to cart error {"request_id":"cart_68067131ddcf31.92547304","error":"Invalid security token. Please refresh the page and try again.","user_id":44,"product_id":"unknown","product_size":"unknown"} []
