[2025-04-18T10:52:41.237085+02:00] app.ERROR: Uncaught Exception {"message":"No connection could be made because the target machine actively refused it","file":"C:\\xampp\\htdocs\\FYP\\FYP\\connect_db\\config.php","line":7,"trace":"#0 C:\\xampp\\htdocs\\FYP\\FYP\\connect_db\\config.php(7): mysqli->__construct('localhost', 'root', Object(SensitiveParameterValue), 'verosports')\n#1 C:\\xampp\\htdocs\\FYP\\FYP\\User\\app\\init.php(96): require_once('C:\\\\xampp\\\\htdocs...')\n#2 C:\\xampp\\htdocs\\FYP\\FYP\\User\\payment\\charge.php(6): require('C:\\\\xampp\\\\htdocs...')\n#3 {main}"} []
[2025-04-18T12:04:06.435270+02:00] app.ERROR: Uncaught Exception {"message":"number_format(): Argument #1 ($num) must be of type float, string given","file":"C:\\xampp\\htdocs\\FYP\\FYP\\User\\order\\track_order.php","line":74,"trace":"#0 C:\\xampp\\htdocs\\FYP\\FYP\\User\\order\\track_order.php(74): number_format('120.00', 2)\n#1 C:\\xampp\\htdocs\\FYP\\FYP\\User\\order\\track_order.php(586): formatPrice('120.00')\n#2 {main}"} []
[2025-04-18T12:04:22.998968+02:00] app.ERROR: Uncaught Exception {"message":"number_format(): Argument #1 ($num) must be of type float, string given","file":"C:\\xampp\\htdocs\\FYP\\FYP\\User\\order\\track_order.php","line":74,"trace":"#0 C:\\xampp\\htdocs\\FYP\\FYP\\User\\order\\track_order.php(74): number_format('120.00', 2)\n#1 C:\\xampp\\htdocs\\FYP\\FYP\\User\\order\\track_order.php(586): formatPrice('120.00')\n#2 {main}"} []
[2025-04-18T12:08:29.979880+02:00] app.ERROR: Uncaught Exception {"message":"number_format(): Argument #1 ($num) must be of type float, string given","file":"C:\\xampp\\htdocs\\FYP\\FYP\\User\\order\\track_order.php","line":74,"trace":"#0 C:\\xampp\\htdocs\\FYP\\FYP\\User\\order\\track_order.php(74): number_format('1800.00', 2)\n#1 C:\\xampp\\htdocs\\FYP\\FYP\\User\\order\\track_order.php(586): formatPrice('1800.00')\n#2 {main}"} []
[2025-04-18T12:21:49.401072+02:00] app.ERROR: Uncaught Exception {"message":"number_format(): Argument #1 ($num) must be of type float, string given","file":"C:\\xampp\\htdocs\\FYP\\FYP\\User\\order\\track_order.php","line":74,"trace":"#0 C:\\xampp\\htdocs\\FYP\\FYP\\User\\order\\track_order.php(74): number_format('390.00', 2)\n#1 C:\\xampp\\htdocs\\FYP\\FYP\\User\\order\\track_order.php(586): formatPrice('390.00')\n#2 {main}"} []
[2025-04-18T12:31:07.228661+02:00] app.ERROR: Add to cart error {"request_id":"cart_680229eb333ac4.95928548","error":"Cannot add more items. Limited to 10 items.","user_id":44,"product_id":19,"product_size":"UK6"} []
[2025-04-18T12:31:07.888800+02:00] app.ERROR: Add to cart error {"request_id":"cart_680229ebd4b735.26319870","error":"Cannot add more items. Limited to 10 items.","user_id":44,"product_id":19,"product_size":"UK6"} []
[2025-04-18T12:31:08.335644+02:00] app.ERROR: Add to cart error {"request_id":"cart_680229ec4db768.59047630","error":"Cannot add more items. Limited to 10 items.","user_id":44,"product_id":19,"product_size":"UK6"} []
[2025-04-18T12:31:08.535350+02:00] app.ERROR: Add to cart error {"request_id":"cart_680229ec7d4b76.92799100","error":"Cannot add more items. Limited to 10 items.","user_id":44,"product_id":19,"product_size":"UK6"} []
[2025-04-18T12:31:08.749591+02:00] app.ERROR: Add to cart error {"request_id":"cart_680229ecb29b62.91827405","error":"Cannot add more items. Limited to 10 items.","user_id":44,"product_id":19,"product_size":"UK6"} []
[2025-04-18T12:31:08.952143+02:00] app.ERROR: Add to cart error {"request_id":"cart_680229ece3ef99.20911558","error":"Cannot add more items. Limited to 10 items.","user_id":44,"product_id":19,"product_size":"UK6"} []
[2025-04-18T12:31:09.123395+02:00] app.ERROR: Add to cart error {"request_id":"cart_680229ed19b028.70966146","error":"Cannot add more items. Limited to 10 items.","user_id":44,"product_id":19,"product_size":"UK6"} []
[2025-04-18T12:31:09.866107+02:00] app.ERROR: Add to cart error {"request_id":"cart_680229edd254c9.72078196","error":"Cannot add more items. Limited to 10 items.","user_id":44,"product_id":19,"product_size":"UK6"} []
[2025-04-18T12:31:10.077905+02:00] app.ERROR: Add to cart error {"request_id":"cart_680229ee0ebe70.26801631","error":"Cannot add more items. Limited to 10 items.","user_id":44,"product_id":19,"product_size":"UK6"} []
[2025-04-18T12:31:10.280950+02:00] app.ERROR: Add to cart error {"request_id":"cart_680229ee3fe327.63188704","error":"Cannot add more items. Limited to 10 items.","user_id":44,"product_id":19,"product_size":"UK6"} []
[2025-04-18T12:31:10.482555+02:00] app.ERROR: Add to cart error {"request_id":"cart_680229ee717fd7.88670536","error":"Cannot add more items. Limited to 10 items.","user_id":44,"product_id":19,"product_size":"UK6"} []
[2025-04-18T12:31:10.670115+02:00] app.ERROR: Add to cart error {"request_id":"cart_680229ee9f0f37.34011949","error":"Cannot add more items. Limited to 10 items.","user_id":44,"product_id":19,"product_size":"UK6"} []
[2025-04-18T12:31:10.871943+02:00] app.ERROR: Add to cart error {"request_id":"cart_680229eed05060.82756799","error":"Cannot add more items. Limited to 10 items.","user_id":44,"product_id":19,"product_size":"UK6"} []
[2025-04-18T12:31:11.101400+02:00] app.ERROR: Add to cart error {"request_id":"cart_680229ef145a89.91460004","error":"Cannot add more items. Limited to 10 items.","user_id":44,"product_id":19,"product_size":"UK6"} []
[2025-04-18T12:31:11.302362+02:00] app.ERROR: Add to cart error {"request_id":"cart_680229ef4550e5.48467206","error":"Cannot add more items. Limited to 10 items.","user_id":44,"product_id":19,"product_size":"UK6"} []
[2025-04-18T12:31:11.491694+02:00] app.ERROR: Add to cart error {"request_id":"cart_680229ef735086.88118972","error":"Cannot add more items. Limited to 10 items.","user_id":44,"product_id":19,"product_size":"UK6"} []
[2025-04-18T12:31:14.107012+02:00] app.ERROR: Add to cart error {"request_id":"cart_680229f2157df3.26966314","error":"Cannot add more items. Limited to 10 items.","user_id":44,"product_id":19,"product_size":"UK6"} []
[2025-04-18T12:31:14.323139+02:00] app.ERROR: Add to cart error {"request_id":"cart_680229f24a6788.83920528","error":"Cannot add more items. Limited to 10 items.","user_id":44,"product_id":19,"product_size":"UK6"} []
[2025-04-18T12:31:14.523584+02:00] app.ERROR: Add to cart error {"request_id":"cart_680229f27b37d5.25370032","error":"Cannot add more items. Limited to 10 items.","user_id":44,"product_id":19,"product_size":"UK6"} []
[2025-04-18T12:31:14.678803+02:00] app.ERROR: Add to cart error {"request_id":"cart_680229f2a1ee65.66445608","error":"Cannot add more items. Limited to 10 items.","user_id":44,"product_id":19,"product_size":"UK6"} []
[2025-04-18T12:31:14.825308+02:00] app.ERROR: Add to cart error {"request_id":"cart_680229f2c80992.57986368","error":"Cannot add more items. Limited to 10 items.","user_id":44,"product_id":19,"product_size":"UK6"} []
[2025-04-18T12:32:55.176263+02:00] app.ERROR: Cart operation error {"user_id":44,"action":"update_quantity","error":"Cannot update quantity. Only 10 items in stock."} []
[2025-04-18T12:32:58.243668+02:00] app.ERROR: Cart operation error {"user_id":44,"action":"update_quantity","error":"Cannot update quantity. Only 10 items in stock."} []
[2025-04-18T12:32:58.736854+02:00] app.ERROR: Cart operation error {"user_id":44,"action":"update_quantity","error":"Cannot update quantity. Only 10 items in stock."} []
[2025-04-18T12:32:59.094456+02:00] app.ERROR: Cart operation error {"user_id":44,"action":"update_quantity","error":"Cannot update quantity. Only 10 items in stock."} []
[2025-04-18T12:32:59.388715+02:00] app.ERROR: Cart operation error {"user_id":44,"action":"update_quantity","error":"Cannot update quantity. Only 10 items in stock."} []
[2025-04-18T12:32:59.655262+02:00] app.ERROR: Cart operation error {"user_id":44,"action":"update_quantity","error":"Cannot update quantity. Only 10 items in stock."} []
[2025-04-18T12:32:59.915879+02:00] app.ERROR: Cart operation error {"user_id":44,"action":"update_quantity","error":"Cannot update quantity. Only 10 items in stock."} []
[2025-04-18T12:33:00.226710+02:00] app.ERROR: Cart operation error {"user_id":44,"action":"update_quantity","error":"Cannot update quantity. Only 10 items in stock."} []
[2025-04-18T12:33:00.597665+02:00] app.ERROR: Cart operation error {"user_id":44,"action":"update_quantity","error":"Cannot update quantity. Only 10 items in stock."} []
[2025-04-18T12:33:00.953003+02:00] app.ERROR: Cart operation error {"user_id":44,"action":"update_quantity","error":"Cannot update quantity. Only 10 items in stock."} []
[2025-04-18T12:33:01.327040+02:00] app.ERROR: Cart operation error {"user_id":44,"action":"update_quantity","error":"Cannot update quantity. Only 10 items in stock."} []
[2025-04-18T12:33:01.699591+02:00] app.ERROR: Cart operation error {"user_id":44,"action":"update_quantity","error":"Cannot update quantity. Only 10 items in stock."} []
[2025-04-18T12:33:02.007723+02:00] app.ERROR: Cart operation error {"user_id":44,"action":"update_quantity","error":"Cannot update quantity. Only 10 items in stock."} []
[2025-04-18T12:33:02.332295+02:00] app.ERROR: Cart operation error {"user_id":44,"action":"update_quantity","error":"Cannot update quantity. Only 10 items in stock."} []
[2025-04-18T12:33:13.053061+02:00] app.ERROR: Uncaught Exception {"message":"number_format(): Argument #1 ($num) must be of type float, string given","file":"C:\\xampp\\htdocs\\FYP\\FYP\\User\\order\\track_order.php","line":74,"trace":"#0 C:\\xampp\\htdocs\\FYP\\FYP\\User\\order\\track_order.php(74): number_format('100.00', 2)\n#1 C:\\xampp\\htdocs\\FYP\\FYP\\User\\order\\track_order.php(586): formatPrice('100.00')\n#2 {main}"} []
[2025-04-18T12:43:16.131037+02:00] app.ERROR: PHP Error {"message":"session_start(): Session cannot be started after headers have already been sent","file":"C:\\xampp\\htdocs\\FYP\\FYP\\User\\Header_and_Footer\\header.php","line":6,"severity":2} []
[2025-04-18T13:00:56.604888+02:00] app.ERROR: Cart update error {"user_id":44,"cart_id":41,"quantity":11,"error":"Cannot update quantity. Only 10 items in stock."} []
[2025-04-18T13:00:59.255943+02:00] app.ERROR: Cart update error {"user_id":44,"cart_id":41,"quantity":12,"error":"Cannot update quantity. Only 10 items in stock."} []
[2025-04-18T13:01:01.811508+02:00] app.ERROR: Cart update error {"user_id":44,"cart_id":41,"quantity":11,"error":"Cannot update quantity. Only 10 items in stock."} []
[2025-04-18T13:01:05.662680+02:00] app.ERROR: Cart update error {"user_id":44,"cart_id":41,"quantity":11,"error":"Cannot update quantity. Only 10 items in stock."} []
[2025-04-18T13:01:17.064800+02:00] app.ERROR: Order creation failed: Insufficient stock for Asics Gel Cumulus 27 Lite Show Mens Running Shoes Orange (Size: UK6.5). Only 0 available. {"user_id":44,"request_id":"order_680230fd0c0562.88308374"} []
[2025-04-18T13:01:17.066068+02:00] app.ERROR: Order creation error {"request_id":"order_680230fd0c0562.88308374","error":"Insufficient stock for Asics Gel Cumulus 27 Lite Show Mens Running Shoes Orange (Size: UK6.5). Only 0 available.","user_id":44} []
[2025-04-18T13:01:23.767196+02:00] app.ERROR: Order creation failed: Insufficient stock for Asics Gel Cumulus 27 Lite Show Mens Running Shoes Orange (Size: UK6.5). Only 0 available. {"user_id":44,"request_id":"order_68023103b7ad82.93290373"} []
[2025-04-18T13:01:23.768498+02:00] app.ERROR: Order creation error {"request_id":"order_68023103b7ad82.93290373","error":"Insufficient stock for Asics Gel Cumulus 27 Lite Show Mens Running Shoes Orange (Size: UK6.5). Only 0 available.","user_id":44} []
[2025-04-18T13:01:33.137547+02:00] app.ERROR: Cart update error {"user_id":44,"cart_id":41,"quantity":9,"error":"Cannot update quantity. Only 0 items in stock."} []
[2025-04-18T13:01:58.068725+02:00] app.ERROR: Cart update error {"user_id":44,"cart_id":41,"quantity":8,"error":"Cannot update quantity. Only 0 items in stock."} []
[2025-04-18T13:11:58.701985+02:00] app.ERROR: Cart update error {"user_id":44,"cart_id":41,"quantity":9,"error":"Cannot update quantity. Only 0 items in stock."} []
[2025-04-18T13:12:00.644726+02:00] app.ERROR: Cart update error {"user_id":44,"cart_id":41,"quantity":8,"error":"Cannot update quantity. Only 0 items in stock."} []
[2025-04-18T13:12:02.243776+02:00] app.ERROR: Cart update error {"user_id":44,"cart_id":41,"quantity":7,"error":"Cannot update quantity. Only 0 items in stock."} []
[2025-04-18T13:12:04.891356+02:00] app.ERROR: Cart update error {"user_id":44,"cart_id":41,"quantity":6,"error":"Cannot update quantity. Only 0 items in stock."} []
[2025-04-18T13:15:05.451973+02:00] app.ERROR: Cart update error {"user_id":44,"cart_id":41,"quantity":5,"error":"Cannot update quantity. Only 0 items in stock."} []
[2025-04-18T13:15:10.285232+02:00] app.ERROR: Cart update error {"user_id":44,"cart_id":41,"quantity":4,"error":"Cannot update quantity. Only 0 items in stock."} []
[2025-04-18T13:23:10.684067+02:00] app.ERROR: Cart update error {"user_id":44,"cart_id":42,"quantity":2,"error":"Cannot update quantity. Only 1 items in stock."} []
[2025-04-18T13:27:02.657432+02:00] app.ERROR: Cart update error {"user_id":44,"cart_id":42,"quantity":2,"error":"Cannot update quantity. Only 1 items in stock."} []
[2025-04-18T13:27:08.240688+02:00] app.ERROR: Cart update error {"user_id":44,"cart_id":42,"quantity":3,"error":"Cannot update quantity. Only 1 items in stock."} []
[2025-04-18T13:27:14.751283+02:00] app.ERROR: Cart update error {"user_id":44,"cart_id":42,"quantity":2,"error":"Cannot update quantity. Only 1 items in stock."} []
[2025-04-18T13:29:51.174197+02:00] app.ERROR: Cart update error {"user_id":44,"cart_id":42,"quantity":2,"error":"Cannot update quantity. Only 1 items in stock."} []
[2025-04-18T18:30:13.380925+02:00] app.ERROR: Cart update error {"user_id":44,"cart_id":42,"quantity":2,"error":"Cannot update quantity. Only 1 items in stock."} []
[2025-04-18T18:30:18.177053+02:00] app.ERROR: Cart update error {"user_id":44,"cart_id":42,"quantity":2,"error":"Cannot update quantity. Only 1 items in stock."} []
[2025-04-18T18:30:23.663365+02:00] app.ERROR: Cart update error {"user_id":44,"cart_id":42,"quantity":2,"error":"Cannot update quantity. Only 1 items in stock."} []
[2025-04-18T18:30:32.205642+02:00] app.ERROR: PHP Error {"message":"Undefined variable $stripePublishableKey","file":"C:\\xampp\\htdocs\\FYP\\FYP\\User\\payment\\process_payment.php","line":530,"severity":2} []
[2025-04-18T18:30:41.929073+02:00] app.ERROR: PHP Error {"message":"Undefined array key \"stripeToken\"","file":"C:\\xampp\\htdocs\\FYP\\FYP\\User\\payment\\process_payment.php","line":102,"severity":2} []
[2025-04-18T18:30:42.525874+02:00] app.ERROR: Stripe API error {"request_id":"payment_68027e31e18be6.10886790","order_id":"31","error":"Must provide source or customer.","type":"Stripe\\Exception\\InvalidRequestException"} []
[2025-04-18T18:30:42.558226+02:00] app.ERROR: PHP Error {"message":"Undefined variable $stripePublishableKey","file":"C:\\xampp\\htdocs\\FYP\\FYP\\User\\payment\\process_payment.php","line":530,"severity":2} []
[2025-04-18T18:30:47.099763+02:00] app.ERROR: PHP Error {"message":"Undefined variable $stripePublishableKey","file":"C:\\xampp\\htdocs\\FYP\\FYP\\User\\payment\\process_payment.php","line":530,"severity":2} []
[2025-04-18T18:30:49.239742+02:00] app.ERROR: PHP Error {"message":"Undefined array key \"stripeToken\"","file":"C:\\xampp\\htdocs\\FYP\\FYP\\User\\payment\\process_payment.php","line":102,"severity":2} []
[2025-04-18T18:30:49.732388+02:00] app.ERROR: Stripe API error {"request_id":"payment_68027e3939ae02.33389153","order_id":"31","error":"Must provide source or customer.","type":"Stripe\\Exception\\InvalidRequestException"} []
[2025-04-18T18:30:49.779178+02:00] app.ERROR: PHP Error {"message":"Undefined variable $stripePublishableKey","file":"C:\\xampp\\htdocs\\FYP\\FYP\\User\\payment\\process_payment.php","line":530,"severity":2} []
[2025-04-18T18:30:54.586629+02:00] app.ERROR: PHP Error {"message":"Undefined variable $stripePublishableKey","file":"C:\\xampp\\htdocs\\FYP\\FYP\\User\\payment\\process_payment.php","line":530,"severity":2} []
[2025-04-18T18:30:59.280784+02:00] app.ERROR: PHP Error {"message":"Undefined array key \"stripeToken\"","file":"C:\\xampp\\htdocs\\FYP\\FYP\\User\\payment\\process_payment.php","line":102,"severity":2} []
[2025-04-18T18:30:59.802647+02:00] app.ERROR: Stripe API error {"request_id":"payment_68027e4343d8d6.80488137","order_id":"31","error":"Must provide source or customer.","type":"Stripe\\Exception\\InvalidRequestException"} []
[2025-04-18T18:30:59.835974+02:00] app.ERROR: PHP Error {"message":"Undefined variable $stripePublishableKey","file":"C:\\xampp\\htdocs\\FYP\\FYP\\User\\payment\\process_payment.php","line":530,"severity":2} []
[2025-04-18T18:31:12.258737+02:00] app.ERROR: PHP Error {"message":"Undefined variable $stripePublishableKey","file":"C:\\xampp\\htdocs\\FYP\\FYP\\User\\payment\\process_payment.php","line":530,"severity":2} []
[2025-04-18T18:31:31.657959+02:00] app.ERROR: PHP Error {"message":"Undefined variable $stripePublishableKey","file":"C:\\xampp\\htdocs\\FYP\\FYP\\User\\payment\\process_payment.php","line":530,"severity":2} []
[2025-04-18T18:31:32.423268+02:00] app.ERROR: PHP Error {"message":"Undefined array key \"stripeToken\"","file":"C:\\xampp\\htdocs\\FYP\\FYP\\User\\payment\\process_payment.php","line":102,"severity":2} []
[2025-04-18T18:31:32.947858+02:00] app.ERROR: Stripe API error {"request_id":"payment_68027e646676b3.51863422","order_id":"32","error":"Must provide source or customer.","type":"Stripe\\Exception\\InvalidRequestException"} []
[2025-04-18T18:31:32.978038+02:00] app.ERROR: PHP Error {"message":"Undefined variable $stripePublishableKey","file":"C:\\xampp\\htdocs\\FYP\\FYP\\User\\payment\\process_payment.php","line":530,"severity":2} []
[2025-04-18T18:31:34.592022+02:00] app.ERROR: PHP Error {"message":"Undefined variable $stripePublishableKey","file":"C:\\xampp\\htdocs\\FYP\\FYP\\User\\payment\\process_payment.php","line":530,"severity":2} []
[2025-04-18T18:37:53.579322+02:00] app.ERROR: Cart update error {"user_id":44,"cart_id":45,"quantity":12,"error":"Cannot update quantity. Only 11 items in stock."} []
[2025-04-18T18:38:29.301683+02:00] app.ERROR: Cart update error {"user_id":44,"cart_id":46,"quantity":11,"error":"Cannot update quantity. Only 10 items in stock."} []
[2025-04-18T18:39:55.648038+02:00] app.ERROR: Add to cart error {"request_id":"cart_6802805b958f91.78847922","error":"Insufficient stock available. Only 3 items in stock.","user_id":44,"product_id":5,"product_size":"UK7.5"} []
[2025-04-18T18:44:38.340274+02:00] app.ERROR: Add to cart error {"request_id":"cart_68028176520a25.86325183","error":"Cannot add more items. Limited to 10 items.","user_id":44,"product_id":22,"product_size":"S"} []
[2025-04-18T18:45:14.226868+02:00] app.ERROR: Add to cart error {"request_id":"cart_6802819a32ddf8.20559940","error":"Cannot add more items. Limited to 10 items.","user_id":44,"product_id":22,"product_size":"M"} []
[2025-04-18T18:45:38.205213+02:00] app.ERROR: Add to cart error {"request_id":"cart_680281b22893b5.09280477","error":"Insufficient stock available. Only 10 items in stock.","user_id":44,"product_id":22,"product_size":"S"} []
[2025-04-18T18:45:39.123201+02:00] app.ERROR: Add to cart error {"request_id":"cart_680281b319afb9.45527581","error":"Insufficient stock available. Only 10 items in stock.","user_id":44,"product_id":22,"product_size":"S"} []
[2025-04-18T18:45:39.307869+02:00] app.ERROR: Add to cart error {"request_id":"cart_680281b34737d1.32866192","error":"Insufficient stock available. Only 10 items in stock.","user_id":44,"product_id":22,"product_size":"S"} []
[2025-04-18T18:45:39.480747+02:00] app.ERROR: Add to cart error {"request_id":"cart_680281b370eac0.78286128","error":"Insufficient stock available. Only 10 items in stock.","user_id":44,"product_id":22,"product_size":"S"} []
[2025-04-18T18:54:12.908635+02:00] app.ERROR: Add to cart error {"request_id":"cart_680283b4d972d8.32638397","error":"Cannot add more items. Limited to 10 items.","user_id":44,"product_id":22,"product_size":"S"} []
[2025-04-18T18:54:36.491484+02:00] app.ERROR: Add to cart error {"request_id":"cart_680283cc7372b6.18899698","error":"Cannot add more items. Limited to 10 items.","user_id":44,"product_id":22,"product_size":"S"} []
[2025-04-18T18:55:01.753555+02:00] app.ERROR: Add to cart error {"request_id":"cart_680283e5b35d54.97233981","error":"Cannot add more items. Limited to 10 items.","user_id":44,"product_id":22,"product_size":"S"} []
[2025-04-18T18:55:01.892207+02:00] app.ERROR: Add to cart error {"request_id":"cart_680283e5d55fe2.79136531","error":"Cannot add more items. Limited to 10 items.","user_id":44,"product_id":22,"product_size":"S"} []
[2025-04-18T18:55:02.045390+02:00] app.ERROR: Add to cart error {"request_id":"cart_680283e606d4c3.60899732","error":"Cannot add more items. Limited to 10 items.","user_id":44,"product_id":22,"product_size":"S"} []
[2025-04-18T18:55:51.895060+02:00] app.ERROR: Add to cart error {"request_id":"cart_68028417d5e858.37826944","error":"Cannot add more items. Limited to 10 items.","user_id":44,"product_id":22,"product_size":"S"} []
[2025-04-18T18:55:52.142794+02:00] app.ERROR: Add to cart error {"request_id":"cart_680284181e4112.85088074","error":"Cannot add more items. Limited to 10 items.","user_id":44,"product_id":22,"product_size":"S"} []
[2025-04-18T18:55:52.344364+02:00] app.ERROR: Add to cart error {"request_id":"cart_680284184fc1d4.49698005","error":"Cannot add more items. Limited to 10 items.","user_id":44,"product_id":22,"product_size":"S"} []
[2025-04-18T18:55:52.514635+02:00] app.ERROR: Add to cart error {"request_id":"cart_68028418765b43.80314673","error":"Cannot add more items. Limited to 10 items.","user_id":44,"product_id":22,"product_size":"S"} []
[2025-04-18T18:55:52.667812+02:00] app.ERROR: Add to cart error {"request_id":"cart_680284189f2206.70432129","error":"Cannot add more items. Limited to 10 items.","user_id":44,"product_id":22,"product_size":"S"} []
[2025-04-18T18:55:52.821012+02:00] app.ERROR: Add to cart error {"request_id":"cart_68028418c45811.10907179","error":"Cannot add more items. Limited to 10 items.","user_id":44,"product_id":22,"product_size":"S"} []
[2025-04-18T19:07:40.332325+02:00] app.ERROR: Add to cart error {"request_id":"cart_680286dc4ca533.80552723","error":"Cannot add more items. Limited to 10 items.","user_id":44,"product_id":22,"product_size":"S"} []
[2025-04-18T19:08:01.655058+02:00] app.ERROR: Uncaught Exception {"message":"logFailedPayment(): Argument #3 ($amount) must be of type float, string given, called in C:\\xampp\\htdocs\\FYP\\FYP\\User\\payment\\process_payment.php on line 205","file":"C:\\xampp\\htdocs\\FYP\\FYP\\User\\payment\\process_payment.php","line":228,"trace":"#0 C:\\xampp\\htdocs\\FYP\\FYP\\User\\payment\\process_payment.php(205): logFailedPayment(Object(Database), '44', '10.00', 'Unknown column ...', 'general_error')\n#1 {main}"} []
[2025-04-18T19:08:18.439193+02:00] app.ERROR: Uncaught Exception {"message":"logFailedPayment(): Argument #3 ($amount) must be of type float, string given, called in C:\\xampp\\htdocs\\FYP\\FYP\\User\\payment\\process_payment.php on line 195","file":"C:\\xampp\\htdocs\\FYP\\FYP\\User\\payment\\process_payment.php","line":228,"trace":"#0 C:\\xampp\\htdocs\\FYP\\FYP\\User\\payment\\process_payment.php(195): logFailedPayment(Object(Database), '44', '10.00', 'You cannot use ...', 'api_error')\n#1 {main}"} []
[2025-04-18T19:08:24.929826+02:00] app.ERROR: Uncaught Exception {"message":"logFailedPayment(): Argument #3 ($amount) must be of type float, string given, called in C:\\xampp\\htdocs\\FYP\\FYP\\User\\payment\\process_payment.php on line 195","file":"C:\\xampp\\htdocs\\FYP\\FYP\\User\\payment\\process_payment.php","line":228,"trace":"#0 C:\\xampp\\htdocs\\FYP\\FYP\\User\\payment\\process_payment.php(195): logFailedPayment(Object(Database), '44', '10.00', 'You cannot use ...', 'api_error')\n#1 {main}"} []
[2025-04-18T19:08:58.343746+02:00] app.ERROR: Cart update error {"user_id":44,"cart_id":58,"quantity":11,"error":"Cannot update quantity. Only 10 items in stock."} []
[2025-04-18T19:09:04.461026+02:00] app.ERROR: Cart update error {"user_id":44,"cart_id":58,"quantity":11,"error":"Cannot update quantity. Only 10 items in stock."} []
[2025-04-18T19:09:35.373981+02:00] app.ERROR: Uncaught Exception {"message":"logFailedPayment(): Argument #3 ($amount) must be of type float, string given, called in C:\\xampp\\htdocs\\FYP\\FYP\\User\\payment\\process_payment.php on line 205","file":"C:\\xampp\\htdocs\\FYP\\FYP\\User\\payment\\process_payment.php","line":228,"trace":"#0 C:\\xampp\\htdocs\\FYP\\FYP\\User\\payment\\process_payment.php(205): logFailedPayment(Object(Database), '45', '100.00', 'Unknown column ...', 'general_error')\n#1 {main}"} []
[2025-04-18T19:13:44.091053+02:00] app.ERROR: Uncaught Exception {"message":"logFailedPayment(): Argument #3 ($amount) must be of type float, string given, called in C:\\xampp\\htdocs\\FYP\\FYP\\User\\payment\\process_payment.php on line 170","file":"C:\\xampp\\htdocs\\FYP\\FYP\\User\\payment\\process_payment.php","line":203,"trace":"#0 C:\\xampp\\htdocs\\FYP\\FYP\\User\\payment\\process_payment.php(170): logFailedPayment(Object(Database), '45', '100.00', 'You cannot use ...', 'api_error')\n#1 {main}"} []
[2025-04-18T19:14:27.611988+02:00] app.ERROR: Uncaught Exception {"message":"number_format(): Argument #1 ($num) must be of type float, string given","file":"C:\\xampp\\htdocs\\FYP\\FYP\\User\\payment\\success.php","line":223,"trace":"#0 C:\\xampp\\htdocs\\FYP\\FYP\\User\\payment\\success.php(223): number_format('100.00', 2)\n#1 {main}"} []
[2025-04-18T19:15:12.540641+02:00] app.ERROR: Add to cart error {"request_id":"cart_680288a07f63b7.38805064","error":"Cannot add more items. Limited to 9 items.","user_id":44,"product_id":21,"product_size":"One Size"} []
[2025-04-18T19:15:12.691057+02:00] app.ERROR: Add to cart error {"request_id":"cart_680288a0a42cd2.08445675","error":"Cannot add more items. Limited to 9 items.","user_id":44,"product_id":21,"product_size":"One Size"} []
[2025-04-18T19:15:12.830475+02:00] app.ERROR: Add to cart error {"request_id":"cart_680288a0c60fb3.35029051","error":"Cannot add more items. Limited to 9 items.","user_id":44,"product_id":21,"product_size":"One Size"} []
[2025-04-18T19:15:25.390428+02:00] app.ERROR: Add to cart error {"request_id":"cart_680288ad5ab0f6.49012904","error":"Cannot add more items. Limited to 9 items.","user_id":44,"product_id":21,"product_size":"One Size"} []
[2025-04-18T19:15:44.284101+02:00] app.ERROR: Cart update error {"user_id":44,"cart_id":60,"quantity":10,"error":"Cannot update quantity. Only 9 items in stock."} []
[2025-04-18T19:15:48.360688+02:00] app.ERROR: Cart update error {"user_id":44,"cart_id":60,"quantity":10,"error":"Cannot update quantity. Only 9 items in stock."} []
