[25-May-2025 10:35:25 Europe/Berlin] Database query time: 0.0070 seconds
[25-May-2025 10:35:25 Europe/Berlin] Password verification successful at 10:35:25 - Time: 0.1144s
[25-May-2025 10:35:25 Europe/Berlin] Total login processing time before redirect: 0.1233s
[25-May-2025 10:35:27 Europe/Berlin] Starting OTP email send after redirect at 10:35:27
[25-May-2025 10:35:30 Europe/Berlin] Completed OTP email send after redirect at 10:35:30 - time: 3.3200s - result: success
[25-May-2025 10:54:10 Europe/Berlin] PHP Notice:  session_start(): Ignoring session_start() because a session is already active in C:\xampp\htdocs\FYP\FYP\User\order\cart.php on line 9
[25-May-2025 10:54:36 Europe/Berlin] PHP Notice:  session_start(): Ignoring session_start() because a session is already active in C:\xampp\htdocs\FYP\FYP\User\payment\checkout.php on line 9
[25-May-2025 11:04:03 Europe/Berlin] PHP Notice:  session_start(): Ignoring session_start() because a session is already active in C:\xampp\htdocs\FYP\FYP\User\order\remove_cart_item.php on line 12
[25-May-2025 11:04:08 Europe/Berlin] PHP Notice:  session_start(): Ignoring session_start() because a session is already active in C:\xampp\htdocs\FYP\FYP\User\order\remove_cart_item.php on line 12
[25-May-2025 11:04:11 Europe/Berlin] PHP Notice:  session_start(): Ignoring session_start() because a session is already active in C:\xampp\htdocs\FYP\FYP\User\order\remove_cart_item.php on line 12
[25-May-2025 11:06:31 Europe/Berlin] PHP Notice:  session_start(): Ignoring session_start() because a session is already active in C:\xampp\htdocs\FYP\FYP\User\order\remove_cart_item.php on line 12
[25-May-2025 15:46:57 Europe/Berlin] Database query time: 0.0046 seconds
[25-May-2025 15:46:57 Europe/Berlin] Password verification successful at 15:46:57 - Time: 0.1018s
[25-May-2025 15:46:57 Europe/Berlin] Total login processing time before redirect: 0.1042s
[25-May-2025 15:46:59 Europe/Berlin] Starting OTP email send after redirect at 15:46:59
[25-May-2025 15:47:03 Europe/Berlin] Completed OTP email send after redirect at 15:47:03 - time: 3.8129s - result: success
[26-May-2025 01:28:15 Europe/Berlin] Database query time: 0.0131 seconds
[26-May-2025 01:28:15 Europe/Berlin] Password verification successful at 01:28:15 - Time: 0.1010s
[26-May-2025 01:28:15 Europe/Berlin] Total login processing time before redirect: 0.1048s
[26-May-2025 01:28:17 Europe/Berlin] Starting OTP email send after redirect at 01:28:17
[26-May-2025 01:28:22 Europe/Berlin] Completed OTP email send after redirect at 01:28:22 - time: 4.0707s - result: success
[26-May-2025 02:39:03 Europe/Berlin] Database query time: 0.0173 seconds
[26-May-2025 02:39:03 Europe/Berlin] Password verification successful at 02:39:03 - Time: 0.1008s
[26-May-2025 02:39:03 Europe/Berlin] Total login processing time before redirect: 0.1042s
[26-May-2025 02:39:05 Europe/Berlin] Starting OTP email send after redirect at 02:39:05
[26-May-2025 02:39:08 Europe/Berlin] Completed OTP email send after redirect at 02:39:08 - time: 3.3288s - result: success
