[2025-04-10 03:19:07] [ERROR] Checkout session failed: SQLSTATE[HY000] [2002] No connection could be made because the target machine actively refused it
[2025-04-10 03:27:46] [ERROR] Checkout session failed: SQLSTATE[HY000] [2002] No connection could be made because the target machine actively refused it
[2025-04-10 07:12:35] [ERROR] Checkout error: Missing order ID
[2025-04-10 07:12:56] [ERROR] Checkout error: Missing order ID
[2025-04-17 16:22:11] [ERROR] Checkout error: Missing order ID
[2025-04-17 18:37:35] [ERROR] Checkout error: Missing order ID
[2025-04-17 18:37:58] [ERROR] Checkout error: Missing order ID
[2025-04-17 18:39:01] [ERROR] Checkout error: Missing order ID
[2025-04-17 18:47:33] [INFO] Processing checkout for Order ID: 14
[2025-04-17 18:47:33] [INFO] Creating Stripe checkout session for order ID: 14 with 2 items
[2025-04-17 18:47:35] [INFO] Checkout session created for Order ID: 14 | Session ID: cs_test_b1GBYfS3ayD7lZy9mvsiA13efyTEMkWBNAuYvnqrVOOoVH1GpVJSEQfUrp
[2025-04-17 18:47:44] [INFO] Processing checkout for Order ID: 14
[2025-04-17 18:47:44] [INFO] Creating Stripe checkout session for order ID: 14 with 2 items
[2025-04-17 18:47:45] [INFO] Checkout session created for Order ID: 14 | Session ID: cs_test_b1RwSVk9nNffJTsUEkUuPsDe11Y3LqoxfGTT0hnjeyFV8ol38lXI0I49DH
[2025-04-17 18:48:21] [INFO] Processing checkout for Order ID: 15
[2025-04-17 18:48:21] [INFO] Creating Stripe checkout session for order ID: 15 with 1 items
[2025-04-17 18:48:22] [INFO] Checkout session created for Order ID: 15 | Session ID: cs_test_a1fKRL83d2nzmnerhRNeP8XBEREO7YxctOvgR5wTBWTDziza8RsbNtZaKw
[2025-04-17 19:08:00] [INFO] Processing checkout for Order ID: 15
[2025-04-17 19:08:00] [INFO] Creating Stripe checkout session for order ID: 15 with 1 items
[2025-04-17 19:08:01] [INFO] Checkout session created for Order ID: 15 | Session ID: cs_test_a1h29nR6GiU3E7Bwgx2dq0bednliqhgk5xWPjETfvENBkxGrvba4cc5pAR
