[2025-04-18 18:30:49] [DB_ERROR] Execute Exception: Duplicate entry '' for key 'unq_stripe'
[2025-04-18 18:30:59] [DB_ERROR] Execute Exception: Duplicate entry '' for key 'unq_stripe'
[2025-04-18 18:31:32] [DB_ERROR] Execute Exception: Duplicate entry '' for key 'unq_stripe'
[2025-04-18 19:08:01] [DB_ERROR] Execute Exception: Unknown column 'payment_completed_at' in 'field list'
[2025-04-18 19:09:35] [DB_ERROR] Execute Exception: Unknown column 'payment_completed_at' in 'field list'
[2025-04-21 14:44:29] [DB_ERROR] Execute Exception: Unknown column 'shipping_coordinates' in 'field list'
[2025-04-21 14:44:49] [DB_ERROR] Execute Exception: Unknown column 'shipping_coordinates' in 'field list'
[2025-04-21 14:45:01] [DB_ERROR] Execute Exception: Unknown column 'shipping_coordinates' in 'field list'
[2025-04-21 14:45:12] [DB_ERROR] Execute Exception: Unknown column 'shipping_coordinates' in 'field list'
[2025-05-24 05:47:04] [DB_ERROR] Execute Exception: Unknown column 'size' in 'field list'
[2025-05-24 05:47:08] [DB_ERROR] Execute Exception: Unknown column 'size' in 'field list'
[2025-05-24 05:47:08] [DB_ERROR] Execute Exception: Unknown column 'size' in 'field list'
[2025-05-24 05:47:09] [DB_ERROR] Execute Exception: Unknown column 'size' in 'field list'
[2025-05-24 05:47:09] [DB_ERROR] Execute Exception: Unknown column 'size' in 'field list'
[2025-05-24 05:47:11] [DB_ERROR] Execute Exception: Unknown column 'size' in 'field list'
[2025-05-24 05:53:14] [DB_ERROR] Execute Exception: Unknown column 'size' in 'field list'
[2025-05-24 05:53:15] [DB_ERROR] Execute Exception: Unknown column 'size' in 'field list'
[2025-05-24 05:53:16] [DB_ERROR] Execute Exception: Unknown column 'size' in 'field list'
[2025-05-24 05:53:16] [DB_ERROR] Execute Exception: Unknown column 'size' in 'field list'
[2025-05-24 05:53:16] [DB_ERROR] Execute Exception: Unknown column 'size' in 'field list'
[2025-05-24 05:53:16] [DB_ERROR] Execute Exception: Unknown column 'size' in 'field list'
[2025-05-24 05:53:16] [DB_ERROR] Execute Exception: Unknown column 'size' in 'field list'
[2025-05-24 05:53:23] [DB_ERROR] Execute Exception: Unknown column 'size' in 'field list'
[2025-05-24 05:53:23] [DB_ERROR] Execute Exception: Unknown column 'size' in 'field list'
[2025-05-24 05:53:23] [DB_ERROR] Execute Exception: Unknown column 'size' in 'field list'
[2025-05-24 05:53:24] [DB_ERROR] Execute Exception: Unknown column 'size' in 'field list'
[2025-05-24 05:53:24] [DB_ERROR] Execute Exception: Unknown column 'size' in 'field list'
[2025-05-24 05:53:24] [DB_ERROR] Execute Exception: Unknown column 'size' in 'field list'
[2025-05-24 05:54:13] [DB_ERROR] Execute Exception: Unknown column 'size' in 'field list'
[2025-05-24 05:55:24] [DB_ERROR] Execute Exception: Unknown column 'size' in 'field list'
[2025-05-24 05:55:27] [DB_ERROR] Execute Exception: Unknown column 'size' in 'field list'
[2025-05-24 05:59:32] [DB_ERROR] Execute Exception: Unknown column 'size' in 'field list'
[2025-05-24 06:25:07] [DB_ERROR] Execute Exception: Unknown column 'size' in 'field list'
[2025-05-24 06:36:48] [DB_ERROR] Execute Exception: Unknown column 'size' in 'field list'
[2025-05-24 06:38:12] [DB_ERROR] Execute Exception: Unknown column 'size' in 'field list'
[2025-05-24 06:39:39] [DB_ERROR] FetchOne Exception: Unknown column 'id' in 'field list'
[2025-05-24 06:44:48] [DB_ERROR] FetchOne Exception: Unknown column 'size' in 'where clause'
[2025-05-24 06:44:53] [DB_ERROR] FetchOne Exception: Unknown column 'size' in 'where clause'
[2025-05-24 06:44:54] [DB_ERROR] FetchOne Exception: Unknown column 'size' in 'where clause'
