[2025-04-21 17:54:09] Starting stock update process for order #73 - {"payment_method":"stripe_card","stripe_id":"ch_3RGMfcQZPLk7FzRY4i8bFkM8"}
[2025-04-21 17:56:24] Starting stock update process for order #74 - {"payment_method":"stripe_card","stripe_id":"ch_3RGMhnQZPLk7FzRY53XruMF0"}
[2025-04-21 18:07:15] Starting stock update process for order #75 - {"payment_method":"stripe_card","stripe_id":"ch_3RGMsJQZPLk7FzRY3iBgUIKQ"}
[2025-04-21 18:07:16] Payment verification result - {"order_id":"75","verified":true,"stripe_id":"ch_3RGMsJQZPLk7FzRY3iBgUIKQ"}
[2025-04-21 18:07:16] Stock update completed - {"order_id":"75","result":true}
[2025-04-23 07:10:31] Starting stock update process for order #77 - {"payment_method":"stripe_card","stripe_id":"ch_3RGvZqQZPLk7FzRY25Uws2W5"}
[2025-04-23 07:10:31] Payment verification result - {"order_id":"77","verified":true,"stripe_id":"ch_3RGvZqQZPLk7FzRY25Uws2W5"}
[2025-04-23 07:10:31] Stock update completed - {"order_id":"77","result":true}
[2025-05-13 16:07:20] Starting stock update process for order #30 - {"payment_method":"stripe_card","stripe_id":"ch_3ROJUJQZPLk7FzRY40rwEpLE"}
[2025-05-13 16:07:20] Payment verification result - {"order_id":"30","verified":true,"stripe_id":"ch_3ROJUJQZPLk7FzRY40rwEpLE"}
[2025-05-13 16:07:20] Stock update completed - {"order_id":"30","result":true}
[2025-05-15 15:25:26] Starting stock update process for order #34 - {"payment_method":"stripe_card","stripe_id":"ch_3RP1mrQZPLk7FzRY37zh1OQI"}
[2025-05-15 15:25:26] Payment verification result - {"order_id":"34","verified":true,"stripe_id":"ch_3RP1mrQZPLk7FzRY37zh1OQI"}
[2025-05-15 15:25:26] Stock update completed - {"order_id":"34","result":true}
[2025-05-21 05:42:04] Starting stock update process for order #95 - {"payment_method":"stripe_card","stripe_id":"ch_3RR3XcQZPLk7FzRY40xBilVT"}
[2025-05-21 05:42:05] Payment verification result - {"order_id":"95","verified":true,"stripe_id":"ch_3RR3XcQZPLk7FzRY40xBilVT"}
[2025-05-21 05:42:05] Stock update completed - {"order_id":"95","result":true}
[2025-05-24 11:01:59] Starting stock update process for order #40 - {"payment_method":"stripe_card","stripe_id":"ch_3RSDxqQZPLk7FzRY5qBn2rEB"}
[2025-05-24 11:01:59] Payment verification result - {"order_id":"40","verified":true,"stripe_id":"ch_3RSDxqQZPLk7FzRY5qBn2rEB"}
[2025-05-24 11:01:59] Stock update completed - {"order_id":"40","result":true}
